2020-05-26 20:26:11,772 INFO  [org.jboss.modules] (main) JBoss Modules version 1.6.0.Final-redhat-1
2020-05-26 20:26:12,140 INFO  [org.jboss.msc] (main) JBoss MSC version 1.2.7.SP1-redhat-1
2020-05-26 20:26:12,267 INFO  [org.jboss.as] (MSC service thread 1-8) WFLYSRV0049: JBoss EAP 7.1.0.GA (WildFly Core 3.0.10.Final-redhat-1) starting
2020-05-26 20:26:12,269 DEBUG [org.jboss.as.config] (MSC service thread 1-8) Configured system properties:
	[Server:server-one] = 
	awt.toolkit = sun.awt.X11.XToolkit
	file.encoding = UTF-8
	file.encoding.pkg = sun.io
	file.separator = /
	java.awt.graphicsenv = sun.awt.X11GraphicsEnvironment
	java.awt.headless = true
	java.awt.printerjob = sun.print.PSPrinterJob
	java.class.path = /volumes/jboss/jboss-modules.jar
	java.class.version = 52.0
	java.endorsed.dirs = /usr/lib/jvm/java-1.8-openjdk/jre/lib/endorsed
	java.ext.dirs = /usr/lib/jvm/java-1.8-openjdk/jre/lib/ext:/usr/java/packages/lib/ext
	java.home = /usr/lib/jvm/java-1.8-openjdk/jre
	java.io.tmpdir = /tmp
	java.library.path = /usr/lib/jvm/java-1.8-openjdk/jre/lib/amd64/server:/usr/lib/jvm/java-1.8-openjdk/jre/lib/amd64:/usr/lib/jvm/java-1.8-openjdk/jre/../lib/amd64:/usr/java/packages/lib/amd64:/usr/lib64:/lib64:/lib:/usr/lib
	java.net.preferIPv4Stack = true
	java.runtime.name = OpenJDK Runtime Environment
	java.runtime.version = 1.8.0_212-b04
	java.specification.name = Java Platform API Specification
	java.specification.vendor = Oracle Corporation
	java.specification.version = 1.8
	java.util.logging.manager = org.jboss.logmanager.LogManager
	java.vendor = IcedTea
	java.vendor.url = https://icedtea.classpath.org
	java.vendor.url.bug = https://icedtea.classpath.org/bugzilla
	java.version = 1.8.0_212
	java.vm.info = mixed mode
	java.vm.name = OpenJDK 64-Bit Server VM
	java.vm.specification.name = Java Virtual Machine Specification
	java.vm.specification.vendor = Oracle Corporation
	java.vm.specification.version = 1.8
	java.vm.vendor = IcedTea
	java.vm.version = 25.212-b04
	javax.management.builder.initial = org.jboss.as.jmx.PluggableMBeanServerBuilder
	javax.xml.datatype.DatatypeFactory = __redirected.__DatatypeFactory
	javax.xml.parsers.DocumentBuilderFactory = __redirected.__DocumentBuilderFactory
	javax.xml.parsers.SAXParserFactory = __redirected.__SAXParserFactory
	javax.xml.stream.XMLEventFactory = __redirected.__XMLEventFactory
	javax.xml.stream.XMLInputFactory = __redirected.__XMLInputFactory
	javax.xml.stream.XMLOutputFactory = __redirected.__XMLOutputFactory
	javax.xml.transform.TransformerFactory = __redirected.__TransformerFactory
	javax.xml.validation.SchemaFactory:http://www.w3.org/2001/XMLSchema = __redirected.__SchemaFactory
	javax.xml.xpath.XPathFactory:http://java.sun.com/jaxp/xpath/dom = __redirected.__XPathFactory
	jboss.bind.address = 0.0.0.0
	jboss.bind.address.management = 0.0.0.0
	jboss.boot.server.log.level = DEBUG
	jboss.domain.base.dir = /volumes/jboss/domain
	jboss.domain.config.dir = /volumes/jboss/domain/configuration
	jboss.home.dir = /volumes/jboss
	jboss.host.name = ca9b5080bd6d
	jboss.management.http.port = 9990
	jboss.modules.dir = /volumes/jboss/modules
	jboss.modules.system.pkgs = org.jboss.byteman
	jboss.node.name = master:server-one
	jboss.qualified.host.name = ca9b5080bd6d
	jboss.server.base.dir = /volumes/jboss/domain/servers/server-one
	jboss.server.config.dir = /volumes/jboss/domain/servers/server-one/configuration
	jboss.server.data.dir = /volumes/jboss/domain/servers/server-one/data
	jboss.server.deploy.dir = /volumes/jboss/domain/servers/server-one/data/content
	jboss.server.log.dir = /volumes/jboss/domain/servers/server-one/log
	jboss.server.name = server-one
	jboss.server.persist.config = true
	jboss.server.temp.dir = /volumes/jboss/domain/servers/server-one/tmp
	line.separator = 

	logging.configuration = file:/volumes/jboss/domain/configuration/default-server-logging.properties
	module.path = /volumes/jboss/modules
	org.jboss.as.logging.per-deployment = false
	org.jboss.boot.log.file = /volumes/jboss/domain/servers/server-one/log/server.log
	org.jboss.resolver.warning = true
	org.xml.sax.driver = __redirected.__XMLReaderFactory
	os.arch = amd64
	os.name = Linux
	os.version = 5.3.0-53-generic
	path.separator = :
	sun.arch.data.model = 64
	sun.boot.class.path = /usr/lib/jvm/java-1.8-openjdk/jre/lib/resources.jar:/usr/lib/jvm/java-1.8-openjdk/jre/lib/rt.jar:/usr/lib/jvm/java-1.8-openjdk/jre/lib/sunrsasign.jar:/usr/lib/jvm/java-1.8-openjdk/jre/lib/jsse.jar:/usr/lib/jvm/java-1.8-openjdk/jre/lib/jce.jar:/usr/lib/jvm/java-1.8-openjdk/jre/lib/charsets.jar:/usr/lib/jvm/java-1.8-openjdk/jre/lib/jfr.jar:/usr/lib/jvm/java-1.8-openjdk/jre/classes
	sun.boot.library.path = /usr/lib/jvm/java-1.8-openjdk/jre/lib/amd64
	sun.cpu.endian = little
	sun.cpu.isalist = 
	sun.io.unicode.encoding = UnicodeLittle
	sun.java.command = /volumes/jboss/jboss-modules.jar -mp /volumes/jboss/modules org.jboss.as.server
	sun.java.launcher = SUN_STANDARD
	sun.jnu.encoding = UTF-8
	sun.management.compiler = HotSpot 64-Bit Tiered Compilers
	sun.os.patch.level = unknown
	user.country = US
	user.dir = /volumes/jboss
	user.home = /root
	user.language = en
	user.name = root
	user.timezone = GMT
2020-05-26 20:26:12,270 DEBUG [org.jboss.as.config] (MSC service thread 1-8) VM Arguments: -D[Server:server-one] -Xms1000m -Xmx1000m -XX:MetaspaceSize=96m -XX:MaxMetaspaceSize=256m -Djava.awt.headless=true -Djava.net.preferIPv4Stack=true -Djboss.bind.address=0.0.0.0 -Djboss.bind.address.management=0.0.0.0 -Djboss.boot.server.log.level=DEBUG -Djboss.home.dir=/volumes/jboss -Djboss.management.http.port=9990 -Djboss.modules.system.pkgs=org.jboss.byteman -Dorg.jboss.as.logging.per-deployment=false -Djboss.server.log.dir=/volumes/jboss/domain/servers/server-one/log -Djboss.server.temp.dir=/volumes/jboss/domain/servers/server-one/tmp -Djboss.server.data.dir=/volumes/jboss/domain/servers/server-one/data -Dorg.jboss.boot.log.file=/volumes/jboss/domain/servers/server-one/log/server.log -Dlogging.configuration=file:/volumes/jboss/domain/configuration/default-server-logging.properties 
2020-05-26 20:26:12,353 INFO  [org.xnio] (MSC service thread 1-1) XNIO version 3.5.4.Final-redhat-1
2020-05-26 20:26:12,360 INFO  [org.xnio.nio] (MSC service thread 1-1) XNIO NIO Implementation Version 3.5.4.Final-redhat-1
2020-05-26 20:26:12,394 INFO  [org.jboss.remoting] (MSC service thread 1-6) JBoss Remoting version 5.0.5.Final-redhat-1
2020-05-26 20:26:12,727 INFO  [org.wildfly.security] (ServerService Thread Pool -- 2) ELY00001: WildFly Elytron version 1.1.7.Final-redhat-1
2020-05-26 20:26:13,579 INFO  [org.jboss.as.controller.management-deprecated] (ServerService Thread Pool -- 4) WFLYCTL0028: Attribute 'security-realm' in the resource at address '/subsystem=undertow/server=default-server/https-listener=https' is deprecated, and may be removed in future version. See the attribute description in the output of the read-resource-description operation to learn more about the deprecation.
2020-05-26 20:26:13,745 INFO  [org.jboss.as.webservices] (ServerService Thread Pool -- 36) WFLYWS0002: Activating WebServices Extension
2020-05-26 20:26:13,761 INFO  [org.wildfly.extension.undertow] (MSC service thread 1-2) WFLYUT0003: Undertow 1.4.18.Final-redhat-2 starting
2020-05-26 20:26:13,762 WARN  [org.jboss.as.txn] (ServerService Thread Pool -- 38) WFLYTX0013: The node-identifier attribute on the /subsystem=transactions is set to the default value. This is a danger for environments running multiple servers. Please make sure the attribute value is unique.
2020-05-26 20:26:13,772 INFO  [org.wildfly.extension.undertow] (ServerService Thread Pool -- 37) WFLYUT0014: Creating file handler for path '/volumes/jboss/welcome-content' with options [directory-listing: 'false', follow-symlink: 'false', case-sensitive: 'true', safe-symlink-paths: '[]']
2020-05-26 20:26:13,776 INFO  [org.jboss.as.security] (ServerService Thread Pool -- 40) WFLYSEC0002: Activating Security Subsystem
2020-05-26 20:26:13,782 INFO  [org.jboss.as.security] (MSC service thread 1-8) WFLYSEC0001: Current PicketBox version=5.0.2.Final-redhat-1
2020-05-26 20:26:13,809 INFO  [org.jboss.as.jsf] (ServerService Thread Pool -- 50) WFLYJSF0007: Activated the following JSF Implementations: [main]
2020-05-26 20:26:13,835 INFO  [org.jboss.as.connector] (MSC service thread 1-5) WFLYJCA0009: Starting JCA Subsystem (WildFly/IronJacamar 1.4.6.Final-redhat-1)
2020-05-26 20:26:13,842 INFO  [org.jboss.as.jaxrs] (ServerService Thread Pool -- 55) WFLYRS0016: RESTEasy version 3.0.24.Final-redhat-1
2020-05-26 20:26:13,843 INFO  [org.jboss.as.naming] (ServerService Thread Pool -- 46) WFLYNAM0001: Activating Naming Subsystem
2020-05-26 20:26:13,866 INFO  [org.jboss.as.clustering.infinispan] (ServerService Thread Pool -- 57) WFLYCLINF0001: Activating Infinispan subsystem.
2020-05-26 20:26:13,889 INFO  [org.jboss.as.mail.extension] (MSC service thread 1-5) WFLYMAIL0001: Bound mail session [java:jboss/mail/Default]
2020-05-26 20:26:13,889 INFO  [org.jboss.as.naming] (MSC service thread 1-6) WFLYNAM0003: Starting Naming Service
2020-05-26 20:26:13,902 INFO  [org.wildfly.iiop.openjdk] (ServerService Thread Pool -- 56) WFLYIIOP0001: Activating IIOP Subsystem
2020-05-26 20:26:14,017 INFO  [org.wildfly.extension.io] (ServerService Thread Pool -- 58) WFLYIO001: Worker 'default' has auto-configured to 16 core threads with 128 task threads based on your 8 available processors
2020-05-26 20:26:14,032 INFO  [org.jboss.as.connector.subsystems.datasources] (ServerService Thread Pool -- 62) WFLYJCA0004: Deploying JDBC-compliant driver class org.h2.Driver (version 1.4)
2020-05-26 20:26:14,035 INFO  [org.jboss.as.connector.deployers.jdbc] (MSC service thread 1-3) WFLYJCA0018: Started Driver service with driver-name = h2
2020-05-26 20:26:14,190 INFO  [org.wildfly.extension.undertow] (MSC service thread 1-8) WFLYUT0012: Started server default-server.
2020-05-26 20:26:14,191 INFO  [org.jboss.as.ejb3] (MSC service thread 1-3) WFLYEJB0482: Strict pool mdb-strict-max-pool is using a max instance size of 32 (per class), which is derived from the number of CPUs on this host.
2020-05-26 20:26:14,191 INFO  [org.jboss.as.ejb3] (MSC service thread 1-1) WFLYEJB0481: Strict pool slsb-strict-max-pool is using a max instance size of 128 (per class), which is derived from thread worker pool sizing.
2020-05-26 20:26:14,194 INFO  [org.wildfly.extension.undertow] (MSC service thread 1-5) WFLYUT0018: Host default-host starting
2020-05-26 20:26:14,300 INFO  [org.wildfly.extension.undertow] (MSC service thread 1-8) WFLYUT0006: Undertow HTTP listener default listening on 0.0.0.0:8080
2020-05-26 20:26:14,378 INFO  [org.jboss.as.ejb3] (MSC service thread 1-2) WFLYEJB0493: EJB subsystem suspension complete
2020-05-26 20:26:14,468 INFO  [org.jboss.as.patching] (MSC service thread 1-3) WFLYPAT0050: JBoss EAP cumulative patch ID is: base, one-off patches include: none
2020-05-26 20:26:14,476 INFO  [org.wildfly.extension.messaging-activemq] (MSC service thread 1-1) WFLYMSGAMQ0075: AIO wasn't located on this platform, it will fall back to using pure Java NIO. Your platform is Linux, install LibAIO to enable the AIO journal and achieve optimal performance.
2020-05-26 20:26:14,499 WARN  [org.jboss.as.domain.management.security] (MSC service thread 1-6) WFLYDM0111: Keystore /volumes/jboss/domain/configuration/application.keystore not found, it will be auto generated on first use with a self signed certificate for host localhost
2020-05-26 20:26:14,529 INFO  [org.wildfly.iiop.openjdk] (MSC service thread 1-7) WFLYIIOP0009: CORBA ORB Service started
2020-05-26 20:26:14,547 INFO  [org.wildfly.extension.undertow] (MSC service thread 1-2) WFLYUT0006: Undertow HTTPS listener https listening on 0.0.0.0:8443
2020-05-26 20:26:14,582 INFO  [org.jboss.as.connector.subsystems.datasources] (MSC service thread 1-5) WFLYJCA0001: Bound data source [java:jboss/datasources/ExampleDS]
2020-05-26 20:26:14,655 INFO  [org.jboss.ws.common.management] (MSC service thread 1-8) JBWS022052: Starting JBossWS 5.1.9.Final-redhat-1 (Apache CXF 3.1.12.redhat-1) 
2020-05-26 20:26:15,157 INFO  [org.apache.activemq.artemis.core.server] (ServerService Thread Pool -- 66) AMQ221000: live Message Broker is starting with configuration Broker Configuration (clustered=false,journalDirectory=/volumes/jboss/domain/servers/server-one/data/activemq/journal,bindingsDirectory=/volumes/jboss/domain/servers/server-one/data/activemq/bindings,largeMessagesDirectory=/volumes/jboss/domain/servers/server-one/data/activemq/largemessages,pagingDirectory=/volumes/jboss/domain/servers/server-one/data/activemq/paging)
2020-05-26 20:26:15,195 INFO  [org.apache.activemq.artemis.core.server] (ServerService Thread Pool -- 66) AMQ221013: Using NIO Journal
2020-05-26 20:26:15,261 INFO  [org.apache.activemq.artemis.core.server] (ServerService Thread Pool -- 66) AMQ221043: Protocol module found: [artemis-server]. Adding protocol support for: CORE
2020-05-26 20:26:15,263 INFO  [org.apache.activemq.artemis.core.server] (ServerService Thread Pool -- 66) AMQ221043: Protocol module found: [artemis-hornetq-protocol]. Adding protocol support for: HORNETQ
2020-05-26 20:26:15,759 INFO  [org.wildfly.extension.messaging-activemq] (MSC service thread 1-3) WFLYMSGAMQ0016: Registered HTTP upgrade for activemq-remoting protocol handled by http-acceptor acceptor
2020-05-26 20:26:15,759 INFO  [org.wildfly.extension.messaging-activemq] (MSC service thread 1-4) WFLYMSGAMQ0016: Registered HTTP upgrade for activemq-remoting protocol handled by http-acceptor-throughput acceptor
2020-05-26 20:26:15,760 INFO  [org.wildfly.extension.messaging-activemq] (MSC service thread 1-7) WFLYMSGAMQ0016: Registered HTTP upgrade for activemq-remoting protocol handled by http-acceptor-throughput acceptor
2020-05-26 20:26:15,760 INFO  [org.wildfly.extension.messaging-activemq] (MSC service thread 1-7) WFLYMSGAMQ0016: Registered HTTP upgrade for activemq-remoting protocol handled by http-acceptor acceptor
2020-05-26 20:26:16,187 INFO  [org.apache.activemq.artemis.core.server] (ServerService Thread Pool -- 66) AMQ221007: Server is now live
2020-05-26 20:26:16,187 INFO  [org.apache.activemq.artemis.core.server] (ServerService Thread Pool -- 66) AMQ221001: Apache ActiveMQ Artemis Message Broker version 1.5.5.008-redhat-1 [default, nodeID=25c04a08-9f8f-11ea-a235-0242ac130002] 
2020-05-26 20:26:16,191 WARN  [org.apache.activemq.artemis.jms.server] (ServerService Thread Pool -- 66) AMQ122005: Invalid "host" value "0.0.0.0" detected for "http-connector" connector. Switching to "ca9b5080bd6d". If this new address is incorrect please manually configure the connector to use the proper one.
2020-05-26 20:26:16,210 INFO  [org.wildfly.extension.messaging-activemq] (ServerService Thread Pool -- 66) WFLYMSGAMQ0002: Bound messaging object to jndi name java:jboss/exported/jms/RemoteConnectionFactory
2020-05-26 20:26:16,276 INFO  [org.wildfly.extension.messaging-activemq] (ServerService Thread Pool -- 69) WFLYMSGAMQ0002: Bound messaging object to jndi name java:/ConnectionFactory
2020-05-26 20:26:16,279 INFO  [org.apache.activemq.artemis.core.server] (ServerService Thread Pool -- 67) AMQ221003: Deploying queue jms.queue.DLQ
2020-05-26 20:26:16,341 INFO  [org.jboss.as.connector.deployment] (MSC service thread 1-2) WFLYJCA0007: Registered connection factory java:/JmsXA
2020-05-26 20:26:16,401 INFO  [org.apache.activemq.artemis.core.server] (ServerService Thread Pool -- 68) AMQ221003: Deploying queue jms.queue.ExpiryQueue
2020-05-26 20:26:16,564 INFO  [org.apache.activemq.artemis.ra] (MSC service thread 1-2) Resource adaptor started
2020-05-26 20:26:16,564 INFO  [org.jboss.as.connector.services.resourceadapters.ResourceAdapterActivatorService$ResourceAdapterActivator] (MSC service thread 1-2) IJ020002: Deployed: file://RaActivatoractivemq-ra
2020-05-26 20:26:16,574 INFO  [org.jboss.as.connector.deployment] (MSC service thread 1-6) WFLYJCA0002: Bound JCA ConnectionFactory [java:/JmsXA]
2020-05-26 20:26:16,574 INFO  [org.wildfly.extension.messaging-activemq] (MSC service thread 1-6) WFLYMSGAMQ0002: Bound messaging object to jndi name java:jboss/DefaultJMSConnectionFactory
2020-05-26 20:26:16,782 INFO  [org.jboss.as.server] (Controller Boot Thread) WFLYSRV0212: Resuming server
2020-05-26 20:26:16,787 INFO  [org.jboss.as] (Controller Boot Thread) WFLYSRV0025: JBoss EAP 7.1.0.GA (WildFly Core 3.0.10.Final-redhat-1) started in 5473ms - Started 314 of 579 services (360 services are lazy, passive or on-demand)
2020-05-26 20:28:21,672 INFO  [org.jboss.modules] (main) JBoss Modules version 1.6.0.Final-redhat-1
2020-05-26 20:28:22,071 INFO  [org.jboss.msc] (main) JBoss MSC version 1.2.7.SP1-redhat-1
2020-05-26 20:28:22,211 INFO  [org.jboss.as] (MSC service thread 1-7) WFLYSRV0049: JBoss EAP 7.1.0.GA (WildFly Core 3.0.10.Final-redhat-1) starting
2020-05-26 20:28:22,212 DEBUG [org.jboss.as.config] (MSC service thread 1-7) Configured system properties:
	[Server:server-one] = 
	awt.toolkit = sun.awt.X11.XToolkit
	file.encoding = UTF-8
	file.encoding.pkg = sun.io
	file.separator = /
	java.awt.graphicsenv = sun.awt.X11GraphicsEnvironment
	java.awt.headless = true
	java.awt.printerjob = sun.print.PSPrinterJob
	java.class.path = /volumes/jboss/jboss-modules.jar
	java.class.version = 52.0
	java.endorsed.dirs = /usr/lib/jvm/java-1.8-openjdk/jre/lib/endorsed
	java.ext.dirs = /usr/lib/jvm/java-1.8-openjdk/jre/lib/ext:/usr/java/packages/lib/ext
	java.home = /usr/lib/jvm/java-1.8-openjdk/jre
	java.io.tmpdir = /tmp
	java.library.path = /usr/lib/jvm/java-1.8-openjdk/jre/lib/amd64/server:/usr/lib/jvm/java-1.8-openjdk/jre/lib/amd64:/usr/lib/jvm/java-1.8-openjdk/jre/../lib/amd64:/usr/java/packages/lib/amd64:/usr/lib64:/lib64:/lib:/usr/lib
	java.net.preferIPv4Stack = true
	java.runtime.name = OpenJDK Runtime Environment
	java.runtime.version = 1.8.0_212-b04
	java.specification.name = Java Platform API Specification
	java.specification.vendor = Oracle Corporation
	java.specification.version = 1.8
	java.util.logging.manager = org.jboss.logmanager.LogManager
	java.vendor = IcedTea
	java.vendor.url = https://icedtea.classpath.org
	java.vendor.url.bug = https://icedtea.classpath.org/bugzilla
	java.version = 1.8.0_212
	java.vm.info = mixed mode
	java.vm.name = OpenJDK 64-Bit Server VM
	java.vm.specification.name = Java Virtual Machine Specification
	java.vm.specification.vendor = Oracle Corporation
	java.vm.specification.version = 1.8
	java.vm.vendor = IcedTea
	java.vm.version = 25.212-b04
	javax.management.builder.initial = org.jboss.as.jmx.PluggableMBeanServerBuilder
	javax.xml.datatype.DatatypeFactory = __redirected.__DatatypeFactory
	javax.xml.parsers.DocumentBuilderFactory = __redirected.__DocumentBuilderFactory
	javax.xml.parsers.SAXParserFactory = __redirected.__SAXParserFactory
	javax.xml.stream.XMLEventFactory = __redirected.__XMLEventFactory
	javax.xml.stream.XMLInputFactory = __redirected.__XMLInputFactory
	javax.xml.stream.XMLOutputFactory = __redirected.__XMLOutputFactory
	javax.xml.transform.TransformerFactory = __redirected.__TransformerFactory
	javax.xml.validation.SchemaFactory:http://www.w3.org/2001/XMLSchema = __redirected.__SchemaFactory
	javax.xml.xpath.XPathFactory:http://java.sun.com/jaxp/xpath/dom = __redirected.__XPathFactory
	jboss.bind.address = 0.0.0.0
	jboss.bind.address.management = 0.0.0.0
	jboss.boot.server.log.level = DEBUG
	jboss.domain.base.dir = /volumes/jboss/domain
	jboss.domain.config.dir = /volumes/jboss/domain/configuration
	jboss.home.dir = /volumes/jboss
	jboss.host.name = f74d2681c701
	jboss.management.http.port = 9990
	jboss.modules.dir = /volumes/jboss/modules
	jboss.modules.system.pkgs = org.jboss.byteman
	jboss.node.name = master:server-one
	jboss.qualified.host.name = f74d2681c701
	jboss.server.base.dir = /volumes/jboss/domain/servers/server-one
	jboss.server.config.dir = /volumes/jboss/domain/servers/server-one/configuration
	jboss.server.data.dir = /volumes/jboss/domain/servers/server-one/data
	jboss.server.deploy.dir = /volumes/jboss/domain/servers/server-one/data/content
	jboss.server.log.dir = /volumes/jboss/domain/servers/server-one/log
	jboss.server.name = server-one
	jboss.server.persist.config = true
	jboss.server.temp.dir = /volumes/jboss/domain/servers/server-one/tmp
	line.separator = 

	logging.configuration = file:/volumes/jboss/domain/servers/server-one/data/logging.properties
	module.path = /volumes/jboss/modules
	org.jboss.as.logging.per-deployment = false
	org.jboss.resolver.warning = true
	org.xml.sax.driver = __redirected.__XMLReaderFactory
	os.arch = amd64
	os.name = Linux
	os.version = 5.3.0-53-generic
	path.separator = :
	sun.arch.data.model = 64
	sun.boot.class.path = /usr/lib/jvm/java-1.8-openjdk/jre/lib/resources.jar:/usr/lib/jvm/java-1.8-openjdk/jre/lib/rt.jar:/usr/lib/jvm/java-1.8-openjdk/jre/lib/sunrsasign.jar:/usr/lib/jvm/java-1.8-openjdk/jre/lib/jsse.jar:/usr/lib/jvm/java-1.8-openjdk/jre/lib/jce.jar:/usr/lib/jvm/java-1.8-openjdk/jre/lib/charsets.jar:/usr/lib/jvm/java-1.8-openjdk/jre/lib/jfr.jar:/usr/lib/jvm/java-1.8-openjdk/jre/classes
	sun.boot.library.path = /usr/lib/jvm/java-1.8-openjdk/jre/lib/amd64
	sun.cpu.endian = little
	sun.cpu.isalist = 
	sun.io.unicode.encoding = UnicodeLittle
	sun.java.command = /volumes/jboss/jboss-modules.jar -mp /volumes/jboss/modules org.jboss.as.server
	sun.java.launcher = SUN_STANDARD
	sun.jnu.encoding = UTF-8
	sun.management.compiler = HotSpot 64-Bit Tiered Compilers
	sun.os.patch.level = unknown
	user.country = US
	user.dir = /volumes/jboss
	user.home = /root
	user.language = en
	user.name = root
	user.timezone = GMT
2020-05-26 20:28:22,213 DEBUG [org.jboss.as.config] (MSC service thread 1-7) VM Arguments: -D[Server:server-one] -Xms1000m -Xmx1000m -XX:MetaspaceSize=96m -XX:MaxMetaspaceSize=256m -Djava.awt.headless=true -Djava.net.preferIPv4Stack=true -Djboss.bind.address=0.0.0.0 -Djboss.bind.address.management=0.0.0.0 -Djboss.boot.server.log.level=DEBUG -Djboss.home.dir=/volumes/jboss -Djboss.management.http.port=9990 -Djboss.modules.system.pkgs=org.jboss.byteman -Dorg.jboss.as.logging.per-deployment=false -Djboss.server.log.dir=/volumes/jboss/domain/servers/server-one/log -Djboss.server.temp.dir=/volumes/jboss/domain/servers/server-one/tmp -Djboss.server.data.dir=/volumes/jboss/domain/servers/server-one/data -Dlogging.configuration=file:/volumes/jboss/domain/servers/server-one/data/logging.properties 
2020-05-26 20:28:22,291 INFO  [org.xnio] (MSC service thread 1-7) XNIO version 3.5.4.Final-redhat-1
2020-05-26 20:28:22,299 INFO  [org.xnio.nio] (MSC service thread 1-7) XNIO NIO Implementation Version 3.5.4.Final-redhat-1
2020-05-26 20:28:22,340 INFO  [org.jboss.remoting] (MSC service thread 1-6) JBoss Remoting version 5.0.5.Final-redhat-1
2020-05-26 20:28:22,654 INFO  [org.wildfly.security] (ServerService Thread Pool -- 2) ELY00001: WildFly Elytron version 1.1.7.Final-redhat-1
2020-05-26 20:28:23,715 INFO  [org.jboss.as.controller.management-deprecated] (ServerService Thread Pool -- 9) WFLYCTL0028: Attribute 'security-realm' in the resource at address '/subsystem=undertow/server=default-server/https-listener=https' is deprecated, and may be removed in future version. See the attribute description in the output of the read-resource-description operation to learn more about the deprecation.
2020-05-26 20:28:23,804 INFO  [org.jboss.as.webservices] (ServerService Thread Pool -- 36) WFLYWS0002: Activating WebServices Extension
2020-05-26 20:28:23,805 WARN  [org.jboss.as.txn] (ServerService Thread Pool -- 38) WFLYTX0013: The node-identifier attribute on the /subsystem=transactions is set to the default value. This is a danger for environments running multiple servers. Please make sure the attribute value is unique.
2020-05-26 20:28:23,819 INFO  [org.jboss.as.security] (ServerService Thread Pool -- 40) WFLYSEC0002: Activating Security Subsystem
2020-05-26 20:28:23,821 INFO  [org.jboss.as.security] (MSC service thread 1-8) WFLYSEC0001: Current PicketBox version=5.0.2.Final-redhat-1
2020-05-26 20:28:23,835 INFO  [org.wildfly.extension.undertow] (ServerService Thread Pool -- 37) WFLYUT0014: Creating file handler for path '/volumes/jboss/welcome-content' with options [directory-listing: 'false', follow-symlink: 'false', case-sensitive: 'true', safe-symlink-paths: '[]']
2020-05-26 20:28:23,836 INFO  [org.wildfly.extension.undertow] (MSC service thread 1-8) WFLYUT0003: Undertow 1.4.18.Final-redhat-2 starting
2020-05-26 20:28:23,862 INFO  [org.jboss.as.naming] (ServerService Thread Pool -- 46) WFLYNAM0001: Activating Naming Subsystem
2020-05-26 20:28:23,881 INFO  [org.jboss.as.naming] (MSC service thread 1-8) WFLYNAM0003: Starting Naming Service
2020-05-26 20:28:23,895 INFO  [org.jboss.as.jsf] (ServerService Thread Pool -- 50) WFLYJSF0007: Activated the following JSF Implementations: [main]
2020-05-26 20:28:23,913 INFO  [org.jboss.as.mail.extension] (MSC service thread 1-2) WFLYMAIL0001: Bound mail session [java:jboss/mail/Default]
2020-05-26 20:28:23,946 INFO  [org.jboss.as.jaxrs] (ServerService Thread Pool -- 55) WFLYRS0016: RESTEasy version 3.0.24.Final-redhat-1
2020-05-26 20:28:23,947 INFO  [org.wildfly.extension.io] (ServerService Thread Pool -- 58) WFLYIO001: Worker 'default' has auto-configured to 16 core threads with 128 task threads based on your 8 available processors
2020-05-26 20:28:23,948 INFO  [org.jboss.as.clustering.infinispan] (ServerService Thread Pool -- 57) WFLYCLINF0001: Activating Infinispan subsystem.
2020-05-26 20:28:23,961 INFO  [org.jboss.as.connector] (MSC service thread 1-1) WFLYJCA0009: Starting JCA Subsystem (WildFly/IronJacamar 1.4.6.Final-redhat-1)
2020-05-26 20:28:23,985 INFO  [org.wildfly.iiop.openjdk] (ServerService Thread Pool -- 56) WFLYIIOP0001: Activating IIOP Subsystem
2020-05-26 20:28:24,042 INFO  [org.jboss.as.connector.subsystems.datasources] (ServerService Thread Pool -- 62) WFLYJCA0004: Deploying JDBC-compliant driver class org.h2.Driver (version 1.4)
2020-05-26 20:28:24,044 INFO  [org.jboss.as.connector.deployers.jdbc] (MSC service thread 1-2) WFLYJCA0018: Started Driver service with driver-name = h2
2020-05-26 20:28:24,140 INFO  [org.wildfly.extension.undertow] (MSC service thread 1-8) WFLYUT0012: Started server default-server.
2020-05-26 20:28:24,144 INFO  [org.wildfly.extension.undertow] (MSC service thread 1-8) WFLYUT0018: Host default-host starting
2020-05-26 20:28:24,208 INFO  [org.jboss.as.ejb3] (MSC service thread 1-2) WFLYEJB0482: Strict pool mdb-strict-max-pool is using a max instance size of 32 (per class), which is derived from the number of CPUs on this host.
2020-05-26 20:28:24,208 INFO  [org.jboss.as.ejb3] (MSC service thread 1-5) WFLYEJB0481: Strict pool slsb-strict-max-pool is using a max instance size of 128 (per class), which is derived from thread worker pool sizing.
2020-05-26 20:28:24,259 INFO  [org.wildfly.extension.undertow] (MSC service thread 1-1) WFLYUT0006: Undertow HTTP listener default listening on 0.0.0.0:8080
2020-05-26 20:28:24,440 INFO  [org.jboss.as.ejb3] (MSC service thread 1-8) WFLYEJB0493: EJB subsystem suspension complete
2020-05-26 20:28:24,442 INFO  [org.jboss.as.patching] (MSC service thread 1-2) WFLYPAT0050: JBoss EAP cumulative patch ID is: base, one-off patches include: none
2020-05-26 20:28:24,448 INFO  [org.wildfly.extension.messaging-activemq] (MSC service thread 1-1) WFLYMSGAMQ0075: AIO wasn't located on this platform, it will fall back to using pure Java NIO. Your platform is Linux, install LibAIO to enable the AIO journal and achieve optimal performance.
2020-05-26 20:28:24,452 INFO  [org.wildfly.iiop.openjdk] (MSC service thread 1-7) WFLYIIOP0009: CORBA ORB Service started
2020-05-26 20:28:24,484 WARN  [org.jboss.as.domain.management.security] (MSC service thread 1-5) WFLYDM0111: Keystore /volumes/jboss/domain/configuration/application.keystore not found, it will be auto generated on first use with a self signed certificate for host localhost
2020-05-26 20:28:24,529 INFO  [org.wildfly.extension.undertow] (MSC service thread 1-5) WFLYUT0006: Undertow HTTPS listener https listening on 0.0.0.0:8443
2020-05-26 20:28:24,625 INFO  [org.jboss.as.connector.subsystems.datasources] (MSC service thread 1-7) WFLYJCA0001: Bound data source [java:jboss/datasources/ExampleDS]
2020-05-26 20:28:24,639 INFO  [org.apache.activemq.artemis.core.server] (ServerService Thread Pool -- 66) AMQ221000: live Message Broker is starting with configuration Broker Configuration (clustered=false,journalDirectory=/volumes/jboss/domain/servers/server-one/data/activemq/journal,bindingsDirectory=/volumes/jboss/domain/servers/server-one/data/activemq/bindings,largeMessagesDirectory=/volumes/jboss/domain/servers/server-one/data/activemq/largemessages,pagingDirectory=/volumes/jboss/domain/servers/server-one/data/activemq/paging)
2020-05-26 20:28:24,680 INFO  [org.apache.activemq.artemis.core.server] (ServerService Thread Pool -- 66) AMQ221013: Using NIO Journal
2020-05-26 20:28:24,691 INFO  [org.jboss.ws.common.management] (MSC service thread 1-2) JBWS022052: Starting JBossWS 5.1.9.Final-redhat-1 (Apache CXF 3.1.12.redhat-1) 
2020-05-26 20:28:24,767 INFO  [org.apache.activemq.artemis.core.server] (ServerService Thread Pool -- 66) AMQ221043: Protocol module found: [artemis-server]. Adding protocol support for: CORE
2020-05-26 20:28:24,768 INFO  [org.apache.activemq.artemis.core.server] (ServerService Thread Pool -- 66) AMQ221043: Protocol module found: [artemis-hornetq-protocol]. Adding protocol support for: HORNETQ
2020-05-26 20:28:25,052 INFO  [org.wildfly.extension.messaging-activemq] (MSC service thread 1-5) WFLYMSGAMQ0016: Registered HTTP upgrade for activemq-remoting protocol handled by http-acceptor acceptor
2020-05-26 20:28:25,054 INFO  [org.wildfly.extension.messaging-activemq] (MSC service thread 1-4) WFLYMSGAMQ0016: Registered HTTP upgrade for activemq-remoting protocol handled by http-acceptor-throughput acceptor
2020-05-26 20:28:25,054 INFO  [org.wildfly.extension.messaging-activemq] (MSC service thread 1-3) WFLYMSGAMQ0016: Registered HTTP upgrade for activemq-remoting protocol handled by http-acceptor acceptor
2020-05-26 20:28:25,054 INFO  [org.wildfly.extension.messaging-activemq] (MSC service thread 1-6) WFLYMSGAMQ0016: Registered HTTP upgrade for activemq-remoting protocol handled by http-acceptor-throughput acceptor
2020-05-26 20:28:25,150 INFO  [org.apache.activemq.artemis.core.server] (ServerService Thread Pool -- 66) AMQ221007: Server is now live
2020-05-26 20:28:25,150 INFO  [org.apache.activemq.artemis.core.server] (ServerService Thread Pool -- 66) AMQ221001: Apache ActiveMQ Artemis Message Broker version 1.5.5.008-redhat-1 [default, nodeID=25c04a08-9f8f-11ea-a235-0242ac130002] 
2020-05-26 20:28:25,153 INFO  [org.apache.activemq.artemis.core.server] (ServerService Thread Pool -- 66) AMQ221003: Deploying queue jms.queue.DLQ
2020-05-26 20:28:25,218 INFO  [org.wildfly.extension.messaging-activemq] (ServerService Thread Pool -- 69) WFLYMSGAMQ0002: Bound messaging object to jndi name java:/ConnectionFactory
2020-05-26 20:28:25,221 WARN  [org.apache.activemq.artemis.jms.server] (ServerService Thread Pool -- 68) AMQ122005: Invalid "host" value "0.0.0.0" detected for "http-connector" connector. Switching to "f74d2681c701". If this new address is incorrect please manually configure the connector to use the proper one.
2020-05-26 20:28:25,221 INFO  [org.wildfly.extension.messaging-activemq] (ServerService Thread Pool -- 68) WFLYMSGAMQ0002: Bound messaging object to jndi name java:jboss/exported/jms/RemoteConnectionFactory
2020-05-26 20:28:25,222 INFO  [org.apache.activemq.artemis.core.server] (ServerService Thread Pool -- 67) AMQ221003: Deploying queue jms.queue.ExpiryQueue
2020-05-26 20:28:25,255 INFO  [org.jboss.as.connector.deployment] (MSC service thread 1-4) WFLYJCA0007: Registered connection factory java:/JmsXA
2020-05-26 20:28:25,320 INFO  [org.apache.activemq.artemis.ra] (MSC service thread 1-4) Resource adaptor started
2020-05-26 20:28:25,320 INFO  [org.jboss.as.connector.services.resourceadapters.ResourceAdapterActivatorService$ResourceAdapterActivator] (MSC service thread 1-4) IJ020002: Deployed: file://RaActivatoractivemq-ra
2020-05-26 20:28:25,323 INFO  [org.jboss.as.connector.deployment] (MSC service thread 1-1) WFLYJCA0002: Bound JCA ConnectionFactory [java:/JmsXA]
2020-05-26 20:28:25,323 INFO  [org.wildfly.extension.messaging-activemq] (MSC service thread 1-2) WFLYMSGAMQ0002: Bound messaging object to jndi name java:jboss/DefaultJMSConnectionFactory
2020-05-26 20:28:25,398 INFO  [org.jboss.as.server] (Controller Boot Thread) WFLYSRV0212: Resuming server
2020-05-26 20:28:25,404 INFO  [org.jboss.as] (Controller Boot Thread) WFLYSRV0025: JBoss EAP 7.1.0.GA (WildFly Core 3.0.10.Final-redhat-1) started in 4237ms - Started 314 of 579 services (360 services are lazy, passive or on-demand)
2020-05-26 20:41:03,170 INFO  [org.jboss.modules] (main) JBoss Modules version 1.6.0.Final-redhat-1
2020-05-26 20:41:03,562 INFO  [org.jboss.msc] (main) JBoss MSC version 1.2.7.SP1-redhat-1
2020-05-26 20:41:03,702 INFO  [org.jboss.as] (MSC service thread 1-7) WFLYSRV0049: JBoss EAP 7.1.0.GA (WildFly Core 3.0.10.Final-redhat-1) starting
2020-05-26 20:41:03,704 DEBUG [org.jboss.as.config] (MSC service thread 1-7) Configured system properties:
	[Server:server-one] = 
	awt.toolkit = sun.awt.X11.XToolkit
	file.encoding = UTF-8
	file.encoding.pkg = sun.io
	file.separator = /
	java.awt.graphicsenv = sun.awt.X11GraphicsEnvironment
	java.awt.headless = true
	java.awt.printerjob = sun.print.PSPrinterJob
	java.class.path = /volumes/jboss/jboss-modules.jar
	java.class.version = 52.0
	java.endorsed.dirs = /usr/lib/jvm/java-1.8-openjdk/jre/lib/endorsed
	java.ext.dirs = /usr/lib/jvm/java-1.8-openjdk/jre/lib/ext:/usr/java/packages/lib/ext
	java.home = /usr/lib/jvm/java-1.8-openjdk/jre
	java.io.tmpdir = /tmp
	java.library.path = /usr/lib/jvm/java-1.8-openjdk/jre/lib/amd64/server:/usr/lib/jvm/java-1.8-openjdk/jre/lib/amd64:/usr/lib/jvm/java-1.8-openjdk/jre/../lib/amd64:/usr/java/packages/lib/amd64:/usr/lib64:/lib64:/lib:/usr/lib
	java.net.preferIPv4Stack = true
	java.runtime.name = OpenJDK Runtime Environment
	java.runtime.version = 1.8.0_212-b04
	java.specification.name = Java Platform API Specification
	java.specification.vendor = Oracle Corporation
	java.specification.version = 1.8
	java.util.logging.manager = org.jboss.logmanager.LogManager
	java.vendor = IcedTea
	java.vendor.url = https://icedtea.classpath.org
	java.vendor.url.bug = https://icedtea.classpath.org/bugzilla
	java.version = 1.8.0_212
	java.vm.info = mixed mode
	java.vm.name = OpenJDK 64-Bit Server VM
	java.vm.specification.name = Java Virtual Machine Specification
	java.vm.specification.vendor = Oracle Corporation
	java.vm.specification.version = 1.8
	java.vm.vendor = IcedTea
	java.vm.version = 25.212-b04
	javax.management.builder.initial = org.jboss.as.jmx.PluggableMBeanServerBuilder
	javax.xml.datatype.DatatypeFactory = __redirected.__DatatypeFactory
	javax.xml.parsers.DocumentBuilderFactory = __redirected.__DocumentBuilderFactory
	javax.xml.parsers.SAXParserFactory = __redirected.__SAXParserFactory
	javax.xml.stream.XMLEventFactory = __redirected.__XMLEventFactory
	javax.xml.stream.XMLInputFactory = __redirected.__XMLInputFactory
	javax.xml.stream.XMLOutputFactory = __redirected.__XMLOutputFactory
	javax.xml.transform.TransformerFactory = __redirected.__TransformerFactory
	javax.xml.validation.SchemaFactory:http://www.w3.org/2001/XMLSchema = __redirected.__SchemaFactory
	javax.xml.xpath.XPathFactory:http://java.sun.com/jaxp/xpath/dom = __redirected.__XPathFactory
	jboss.bind.address = 0.0.0.0
	jboss.bind.address.management = 0.0.0.0
	jboss.boot.server.log.level = DEBUG
	jboss.domain.base.dir = /volumes/jboss/domain
	jboss.domain.config.dir = /volumes/jboss/domain/configuration
	jboss.home.dir = /volumes/jboss
	jboss.host.name = 2a194157f6fa
	jboss.management.http.port = 9990
	jboss.modules.dir = /volumes/jboss/modules
	jboss.modules.system.pkgs = org.jboss.byteman
	jboss.node.name = master:server-one
	jboss.qualified.host.name = 2a194157f6fa
	jboss.server.base.dir = /volumes/jboss/domain/servers/server-one
	jboss.server.config.dir = /volumes/jboss/domain/servers/server-one/configuration
	jboss.server.data.dir = /volumes/jboss/domain/servers/server-one/data
	jboss.server.deploy.dir = /volumes/jboss/domain/servers/server-one/data/content
	jboss.server.log.dir = /volumes/jboss/domain/servers/server-one/log
	jboss.server.name = server-one
	jboss.server.persist.config = true
	jboss.server.temp.dir = /volumes/jboss/domain/servers/server-one/tmp
	line.separator = 

	logging.configuration = file:/volumes/jboss/domain/servers/server-one/data/logging.properties
	module.path = /volumes/jboss/modules
	org.jboss.as.logging.per-deployment = false
	org.jboss.resolver.warning = true
	org.xml.sax.driver = __redirected.__XMLReaderFactory
	os.arch = amd64
	os.name = Linux
	os.version = 5.3.0-53-generic
	path.separator = :
	sun.arch.data.model = 64
	sun.boot.class.path = /usr/lib/jvm/java-1.8-openjdk/jre/lib/resources.jar:/usr/lib/jvm/java-1.8-openjdk/jre/lib/rt.jar:/usr/lib/jvm/java-1.8-openjdk/jre/lib/sunrsasign.jar:/usr/lib/jvm/java-1.8-openjdk/jre/lib/jsse.jar:/usr/lib/jvm/java-1.8-openjdk/jre/lib/jce.jar:/usr/lib/jvm/java-1.8-openjdk/jre/lib/charsets.jar:/usr/lib/jvm/java-1.8-openjdk/jre/lib/jfr.jar:/usr/lib/jvm/java-1.8-openjdk/jre/classes
	sun.boot.library.path = /usr/lib/jvm/java-1.8-openjdk/jre/lib/amd64
	sun.cpu.endian = little
	sun.cpu.isalist = 
	sun.io.unicode.encoding = UnicodeLittle
	sun.java.command = /volumes/jboss/jboss-modules.jar -mp /volumes/jboss/modules org.jboss.as.server
	sun.java.launcher = SUN_STANDARD
	sun.jnu.encoding = UTF-8
	sun.management.compiler = HotSpot 64-Bit Tiered Compilers
	sun.os.patch.level = unknown
	user.country = US
	user.dir = /volumes/jboss
	user.home = /root
	user.language = en
	user.name = root
	user.timezone = GMT
2020-05-26 20:41:03,705 DEBUG [org.jboss.as.config] (MSC service thread 1-7) VM Arguments: -D[Server:server-one] -Xms1000m -Xmx1000m -XX:MetaspaceSize=96m -XX:MaxMetaspaceSize=256m -Djava.awt.headless=true -Djava.net.preferIPv4Stack=true -Djboss.bind.address=0.0.0.0 -Djboss.bind.address.management=0.0.0.0 -Djboss.boot.server.log.level=DEBUG -Djboss.home.dir=/volumes/jboss -Djboss.management.http.port=9990 -Djboss.modules.system.pkgs=org.jboss.byteman -Dorg.jboss.as.logging.per-deployment=false -Djboss.server.log.dir=/volumes/jboss/domain/servers/server-one/log -Djboss.server.temp.dir=/volumes/jboss/domain/servers/server-one/tmp -Djboss.server.data.dir=/volumes/jboss/domain/servers/server-one/data -Dlogging.configuration=file:/volumes/jboss/domain/servers/server-one/data/logging.properties 
2020-05-26 20:41:03,781 INFO  [org.xnio] (MSC service thread 1-2) XNIO version 3.5.4.Final-redhat-1
2020-05-26 20:41:03,788 INFO  [org.xnio.nio] (MSC service thread 1-2) XNIO NIO Implementation Version 3.5.4.Final-redhat-1
2020-05-26 20:41:03,829 INFO  [org.jboss.remoting] (MSC service thread 1-6) JBoss Remoting version 5.0.5.Final-redhat-1
2020-05-26 20:41:04,187 INFO  [org.wildfly.security] (ServerService Thread Pool -- 2) ELY00001: WildFly Elytron version 1.1.7.Final-redhat-1
2020-05-26 20:41:05,303 INFO  [org.jboss.as.controller.management-deprecated] (ServerService Thread Pool -- 12) WFLYCTL0028: Attribute 'security-realm' in the resource at address '/subsystem=undertow/server=default-server/https-listener=https' is deprecated, and may be removed in future version. See the attribute description in the output of the read-resource-description operation to learn more about the deprecation.
2020-05-26 20:41:05,459 INFO  [org.jboss.as.webservices] (ServerService Thread Pool -- 36) WFLYWS0002: Activating WebServices Extension
2020-05-26 20:41:05,460 WARN  [org.jboss.as.txn] (ServerService Thread Pool -- 38) WFLYTX0013: The node-identifier attribute on the /subsystem=transactions is set to the default value. This is a danger for environments running multiple servers. Please make sure the attribute value is unique.
2020-05-26 20:41:05,491 INFO  [org.wildfly.extension.undertow] (MSC service thread 1-4) WFLYUT0003: Undertow 1.4.18.Final-redhat-2 starting
2020-05-26 20:41:05,500 INFO  [org.wildfly.extension.undertow] (ServerService Thread Pool -- 37) WFLYUT0014: Creating file handler for path '/volumes/jboss/welcome-content' with options [directory-listing: 'false', follow-symlink: 'false', case-sensitive: 'true', safe-symlink-paths: '[]']
2020-05-26 20:41:05,505 INFO  [org.jboss.as.security] (ServerService Thread Pool -- 40) WFLYSEC0002: Activating Security Subsystem
2020-05-26 20:41:05,510 INFO  [org.jboss.as.security] (MSC service thread 1-2) WFLYSEC0001: Current PicketBox version=5.0.2.Final-redhat-1
2020-05-26 20:41:05,577 INFO  [org.jboss.as.naming] (ServerService Thread Pool -- 46) WFLYNAM0001: Activating Naming Subsystem
2020-05-26 20:41:05,628 INFO  [org.jboss.as.jsf] (ServerService Thread Pool -- 50) WFLYJSF0007: Activated the following JSF Implementations: [main]
2020-05-26 20:41:05,650 INFO  [org.jboss.as.naming] (MSC service thread 1-6) WFLYNAM0003: Starting Naming Service
2020-05-26 20:41:05,657 INFO  [org.jboss.as.mail.extension] (MSC service thread 1-8) WFLYMAIL0001: Bound mail session [java:jboss/mail/Default]
2020-05-26 20:41:05,658 INFO  [org.jboss.as.jaxrs] (ServerService Thread Pool -- 55) WFLYRS0016: RESTEasy version 3.0.24.Final-redhat-1
2020-05-26 20:41:05,669 INFO  [org.jboss.as.connector] (MSC service thread 1-7) WFLYJCA0009: Starting JCA Subsystem (WildFly/IronJacamar 1.4.6.Final-redhat-1)
2020-05-26 20:41:05,675 INFO  [org.jboss.as.clustering.infinispan] (ServerService Thread Pool -- 57) WFLYCLINF0001: Activating Infinispan subsystem.
2020-05-26 20:41:05,693 INFO  [org.wildfly.iiop.openjdk] (ServerService Thread Pool -- 56) WFLYIIOP0001: Activating IIOP Subsystem
2020-05-26 20:41:05,699 INFO  [org.wildfly.extension.io] (ServerService Thread Pool -- 58) WFLYIO001: Worker 'default' has auto-configured to 16 core threads with 128 task threads based on your 8 available processors
2020-05-26 20:41:05,758 INFO  [org.jboss.as.connector.subsystems.datasources] (ServerService Thread Pool -- 62) WFLYJCA0004: Deploying JDBC-compliant driver class org.h2.Driver (version 1.4)
2020-05-26 20:41:05,769 INFO  [org.jboss.as.connector.deployers.jdbc] (MSC service thread 1-6) WFLYJCA0018: Started Driver service with driver-name = h2
2020-05-26 20:41:05,856 INFO  [org.wildfly.extension.undertow] (MSC service thread 1-4) WFLYUT0012: Started server default-server.
2020-05-26 20:41:05,861 INFO  [org.wildfly.extension.undertow] (MSC service thread 1-3) WFLYUT0018: Host default-host starting
2020-05-26 20:41:05,934 INFO  [org.jboss.as.ejb3] (MSC service thread 1-2) WFLYEJB0481: Strict pool slsb-strict-max-pool is using a max instance size of 128 (per class), which is derived from thread worker pool sizing.
2020-05-26 20:41:05,934 INFO  [org.jboss.as.ejb3] (MSC service thread 1-1) WFLYEJB0482: Strict pool mdb-strict-max-pool is using a max instance size of 32 (per class), which is derived from the number of CPUs on this host.
2020-05-26 20:41:05,982 INFO  [org.wildfly.extension.undertow] (MSC service thread 1-4) WFLYUT0006: Undertow HTTP listener default listening on 0.0.0.0:8080
2020-05-26 20:41:06,048 INFO  [org.jboss.as.ejb3] (MSC service thread 1-8) WFLYEJB0493: EJB subsystem suspension complete
2020-05-26 20:41:06,136 INFO  [org.wildfly.extension.messaging-activemq] (MSC service thread 1-5) WFLYMSGAMQ0075: AIO wasn't located on this platform, it will fall back to using pure Java NIO. Your platform is Linux, install LibAIO to enable the AIO journal and achieve optimal performance.
2020-05-26 20:41:06,129 INFO  [org.jboss.as.patching] (MSC service thread 1-3) WFLYPAT0050: JBoss EAP cumulative patch ID is: base, one-off patches include: none
2020-05-26 20:41:06,143 INFO  [org.jboss.as.connector.subsystems.datasources] (MSC service thread 1-1) WFLYJCA0001: Bound data source [java:jboss/datasources/ExampleDS]
2020-05-26 20:41:06,167 WARN  [org.jboss.as.domain.management.security] (MSC service thread 1-7) WFLYDM0111: Keystore /volumes/jboss/domain/configuration/application.keystore not found, it will be auto generated on first use with a self signed certificate for host localhost
2020-05-26 20:41:06,203 INFO  [org.wildfly.extension.undertow] (MSC service thread 1-5) WFLYUT0006: Undertow HTTPS listener https listening on 0.0.0.0:8443
2020-05-26 20:41:06,226 INFO  [org.apache.activemq.artemis.core.server] (ServerService Thread Pool -- 66) AMQ221000: live Message Broker is starting with configuration Broker Configuration (clustered=false,journalDirectory=/volumes/jboss/domain/servers/server-one/data/activemq/journal,bindingsDirectory=/volumes/jboss/domain/servers/server-one/data/activemq/bindings,largeMessagesDirectory=/volumes/jboss/domain/servers/server-one/data/activemq/largemessages,pagingDirectory=/volumes/jboss/domain/servers/server-one/data/activemq/paging)
2020-05-26 20:41:06,302 INFO  [org.wildfly.iiop.openjdk] (MSC service thread 1-6) WFLYIIOP0009: CORBA ORB Service started
2020-05-26 20:41:06,329 INFO  [org.apache.activemq.artemis.core.server] (ServerService Thread Pool -- 66) AMQ221013: Using NIO Journal
2020-05-26 20:41:06,365 INFO  [org.jboss.ws.common.management] (MSC service thread 1-8) JBWS022052: Starting JBossWS 5.1.9.Final-redhat-1 (Apache CXF 3.1.12.redhat-1) 
2020-05-26 20:41:06,419 INFO  [org.apache.activemq.artemis.core.server] (ServerService Thread Pool -- 66) AMQ221043: Protocol module found: [artemis-server]. Adding protocol support for: CORE
2020-05-26 20:41:06,422 INFO  [org.apache.activemq.artemis.core.server] (ServerService Thread Pool -- 66) AMQ221043: Protocol module found: [artemis-hornetq-protocol]. Adding protocol support for: HORNETQ
2020-05-26 20:41:06,654 INFO  [org.wildfly.extension.messaging-activemq] (MSC service thread 1-8) WFLYMSGAMQ0016: Registered HTTP upgrade for activemq-remoting protocol handled by http-acceptor acceptor
2020-05-26 20:41:06,656 INFO  [org.wildfly.extension.messaging-activemq] (MSC service thread 1-3) WFLYMSGAMQ0016: Registered HTTP upgrade for activemq-remoting protocol handled by http-acceptor acceptor
2020-05-26 20:41:06,655 INFO  [org.wildfly.extension.messaging-activemq] (MSC service thread 1-7) WFLYMSGAMQ0016: Registered HTTP upgrade for activemq-remoting protocol handled by http-acceptor-throughput acceptor
2020-05-26 20:41:06,656 INFO  [org.wildfly.extension.messaging-activemq] (MSC service thread 1-8) WFLYMSGAMQ0016: Registered HTTP upgrade for activemq-remoting protocol handled by http-acceptor-throughput acceptor
2020-05-26 20:41:06,831 INFO  [org.apache.activemq.artemis.core.server] (ServerService Thread Pool -- 66) AMQ221007: Server is now live
2020-05-26 20:41:06,833 INFO  [org.apache.activemq.artemis.core.server] (ServerService Thread Pool -- 66) AMQ221001: Apache ActiveMQ Artemis Message Broker version 1.5.5.008-redhat-1 [default, nodeID=25c04a08-9f8f-11ea-a235-0242ac130002] 
2020-05-26 20:41:06,836 INFO  [org.apache.activemq.artemis.core.server] (ServerService Thread Pool -- 66) AMQ221003: Deploying queue jms.queue.DLQ
2020-05-26 20:41:06,895 INFO  [org.wildfly.extension.messaging-activemq] (ServerService Thread Pool -- 69) WFLYMSGAMQ0002: Bound messaging object to jndi name java:/ConnectionFactory
2020-05-26 20:41:06,902 WARN  [org.apache.activemq.artemis.jms.server] (ServerService Thread Pool -- 67) AMQ122005: Invalid "host" value "0.0.0.0" detected for "http-connector" connector. Switching to "2a194157f6fa". If this new address is incorrect please manually configure the connector to use the proper one.
2020-05-26 20:41:06,903 INFO  [org.wildfly.extension.messaging-activemq] (ServerService Thread Pool -- 67) WFLYMSGAMQ0002: Bound messaging object to jndi name java:jboss/exported/jms/RemoteConnectionFactory
2020-05-26 20:41:06,903 INFO  [org.apache.activemq.artemis.core.server] (ServerService Thread Pool -- 68) AMQ221003: Deploying queue jms.queue.ExpiryQueue
2020-05-26 20:41:06,954 INFO  [org.jboss.as.connector.deployment] (MSC service thread 1-1) WFLYJCA0007: Registered connection factory java:/JmsXA
2020-05-26 20:41:07,072 INFO  [org.apache.activemq.artemis.ra] (MSC service thread 1-1) Resource adaptor started
2020-05-26 20:41:07,072 INFO  [org.jboss.as.connector.services.resourceadapters.ResourceAdapterActivatorService$ResourceAdapterActivator] (MSC service thread 1-1) IJ020002: Deployed: file://RaActivatoractivemq-ra
2020-05-26 20:41:07,079 INFO  [org.jboss.as.connector.deployment] (MSC service thread 1-8) WFLYJCA0002: Bound JCA ConnectionFactory [java:/JmsXA]
2020-05-26 20:41:07,080 INFO  [org.wildfly.extension.messaging-activemq] (MSC service thread 1-8) WFLYMSGAMQ0002: Bound messaging object to jndi name java:jboss/DefaultJMSConnectionFactory
2020-05-26 20:41:07,213 INFO  [org.jboss.as.server] (Controller Boot Thread) WFLYSRV0212: Resuming server
2020-05-26 20:41:07,219 INFO  [org.jboss.as] (Controller Boot Thread) WFLYSRV0025: JBoss EAP 7.1.0.GA (WildFly Core 3.0.10.Final-redhat-1) started in 4533ms - Started 314 of 579 services (360 services are lazy, passive or on-demand)
2020-05-26 20:46:51,049 INFO  [org.jboss.modules] (main) JBoss Modules version 1.6.0.Final-redhat-1
2020-05-26 20:46:51,391 INFO  [org.jboss.msc] (main) JBoss MSC version 1.2.7.SP1-redhat-1
2020-05-26 20:46:51,519 INFO  [org.jboss.as] (MSC service thread 1-7) WFLYSRV0049: JBoss EAP 7.1.0.GA (WildFly Core 3.0.10.Final-redhat-1) starting
2020-05-26 20:46:51,521 DEBUG [org.jboss.as.config] (MSC service thread 1-7) Configured system properties:
	[Server:server-one] = 
	awt.toolkit = sun.awt.X11.XToolkit
	file.encoding = UTF-8
	file.encoding.pkg = sun.io
	file.separator = /
	java.awt.graphicsenv = sun.awt.X11GraphicsEnvironment
	java.awt.headless = true
	java.awt.printerjob = sun.print.PSPrinterJob
	java.class.path = /volumes/jboss/jboss-modules.jar
	java.class.version = 52.0
	java.endorsed.dirs = /usr/lib/jvm/java-1.8-openjdk/jre/lib/endorsed
	java.ext.dirs = /usr/lib/jvm/java-1.8-openjdk/jre/lib/ext:/usr/java/packages/lib/ext
	java.home = /usr/lib/jvm/java-1.8-openjdk/jre
	java.io.tmpdir = /tmp
	java.library.path = /usr/lib/jvm/java-1.8-openjdk/jre/lib/amd64/server:/usr/lib/jvm/java-1.8-openjdk/jre/lib/amd64:/usr/lib/jvm/java-1.8-openjdk/jre/../lib/amd64:/usr/java/packages/lib/amd64:/usr/lib64:/lib64:/lib:/usr/lib
	java.net.preferIPv4Stack = true
	java.runtime.name = OpenJDK Runtime Environment
	java.runtime.version = 1.8.0_212-b04
	java.specification.name = Java Platform API Specification
	java.specification.vendor = Oracle Corporation
	java.specification.version = 1.8
	java.util.logging.manager = org.jboss.logmanager.LogManager
	java.vendor = IcedTea
	java.vendor.url = https://icedtea.classpath.org
	java.vendor.url.bug = https://icedtea.classpath.org/bugzilla
	java.version = 1.8.0_212
	java.vm.info = mixed mode
	java.vm.name = OpenJDK 64-Bit Server VM
	java.vm.specification.name = Java Virtual Machine Specification
	java.vm.specification.vendor = Oracle Corporation
	java.vm.specification.version = 1.8
	java.vm.vendor = IcedTea
	java.vm.version = 25.212-b04
	javax.management.builder.initial = org.jboss.as.jmx.PluggableMBeanServerBuilder
	javax.xml.datatype.DatatypeFactory = __redirected.__DatatypeFactory
	javax.xml.parsers.DocumentBuilderFactory = __redirected.__DocumentBuilderFactory
	javax.xml.parsers.SAXParserFactory = __redirected.__SAXParserFactory
	javax.xml.stream.XMLEventFactory = __redirected.__XMLEventFactory
	javax.xml.stream.XMLInputFactory = __redirected.__XMLInputFactory
	javax.xml.stream.XMLOutputFactory = __redirected.__XMLOutputFactory
	javax.xml.transform.TransformerFactory = __redirected.__TransformerFactory
	javax.xml.validation.SchemaFactory:http://www.w3.org/2001/XMLSchema = __redirected.__SchemaFactory
	javax.xml.xpath.XPathFactory:http://java.sun.com/jaxp/xpath/dom = __redirected.__XPathFactory
	jboss.bind.address = 0.0.0.0
	jboss.bind.address.management = 0.0.0.0
	jboss.boot.server.log.level = DEBUG
	jboss.domain.base.dir = /volumes/jboss/domain
	jboss.domain.config.dir = /volumes/jboss/domain/configuration
	jboss.home.dir = /volumes/jboss
	jboss.host.name = c2aad414cbed
	jboss.management.http.port = 9990
	jboss.modules.dir = /volumes/jboss/modules
	jboss.modules.system.pkgs = org.jboss.byteman
	jboss.node.name = master:server-one
	jboss.qualified.host.name = c2aad414cbed
	jboss.server.base.dir = /volumes/jboss/domain/servers/server-one
	jboss.server.config.dir = /volumes/jboss/domain/servers/server-one/configuration
	jboss.server.data.dir = /volumes/jboss/domain/servers/server-one/data
	jboss.server.deploy.dir = /volumes/jboss/domain/servers/server-one/data/content
	jboss.server.log.dir = /volumes/jboss/domain/servers/server-one/log
	jboss.server.name = server-one
	jboss.server.persist.config = true
	jboss.server.temp.dir = /volumes/jboss/domain/servers/server-one/tmp
	line.separator = 

	logging.configuration = file:/volumes/jboss/domain/servers/server-one/data/logging.properties
	module.path = /volumes/jboss/modules
	org.jboss.as.logging.per-deployment = false
	org.jboss.resolver.warning = true
	org.xml.sax.driver = __redirected.__XMLReaderFactory
	os.arch = amd64
	os.name = Linux
	os.version = 5.3.0-53-generic
	path.separator = :
	sun.arch.data.model = 64
	sun.boot.class.path = /usr/lib/jvm/java-1.8-openjdk/jre/lib/resources.jar:/usr/lib/jvm/java-1.8-openjdk/jre/lib/rt.jar:/usr/lib/jvm/java-1.8-openjdk/jre/lib/sunrsasign.jar:/usr/lib/jvm/java-1.8-openjdk/jre/lib/jsse.jar:/usr/lib/jvm/java-1.8-openjdk/jre/lib/jce.jar:/usr/lib/jvm/java-1.8-openjdk/jre/lib/charsets.jar:/usr/lib/jvm/java-1.8-openjdk/jre/lib/jfr.jar:/usr/lib/jvm/java-1.8-openjdk/jre/classes
	sun.boot.library.path = /usr/lib/jvm/java-1.8-openjdk/jre/lib/amd64
	sun.cpu.endian = little
	sun.cpu.isalist = 
	sun.io.unicode.encoding = UnicodeLittle
	sun.java.command = /volumes/jboss/jboss-modules.jar -mp /volumes/jboss/modules org.jboss.as.server
	sun.java.launcher = SUN_STANDARD
	sun.jnu.encoding = UTF-8
	sun.management.compiler = HotSpot 64-Bit Tiered Compilers
	sun.os.patch.level = unknown
	user.country = US
	user.dir = /volumes/jboss
	user.home = /root
	user.language = en
	user.name = root
	user.timezone = GMT
2020-05-26 20:46:51,522 DEBUG [org.jboss.as.config] (MSC service thread 1-7) VM Arguments: -D[Server:server-one] -Xms1000m -Xmx1000m -XX:MetaspaceSize=96m -XX:MaxMetaspaceSize=256m -Djava.awt.headless=true -Djava.net.preferIPv4Stack=true -Djboss.bind.address=0.0.0.0 -Djboss.bind.address.management=0.0.0.0 -Djboss.boot.server.log.level=DEBUG -Djboss.home.dir=/volumes/jboss -Djboss.management.http.port=9990 -Djboss.modules.system.pkgs=org.jboss.byteman -Dorg.jboss.as.logging.per-deployment=false -Djboss.server.log.dir=/volumes/jboss/domain/servers/server-one/log -Djboss.server.temp.dir=/volumes/jboss/domain/servers/server-one/tmp -Djboss.server.data.dir=/volumes/jboss/domain/servers/server-one/data -Dlogging.configuration=file:/volumes/jboss/domain/servers/server-one/data/logging.properties 
2020-05-26 20:46:51,588 INFO  [org.xnio] (MSC service thread 1-6) XNIO version 3.5.4.Final-redhat-1
2020-05-26 20:46:51,596 INFO  [org.xnio.nio] (MSC service thread 1-6) XNIO NIO Implementation Version 3.5.4.Final-redhat-1
2020-05-26 20:46:51,634 INFO  [org.jboss.remoting] (MSC service thread 1-7) JBoss Remoting version 5.0.5.Final-redhat-1
2020-05-26 20:46:51,956 INFO  [org.wildfly.security] (ServerService Thread Pool -- 2) ELY00001: WildFly Elytron version 1.1.7.Final-redhat-1
2020-05-26 20:46:52,958 INFO  [org.jboss.as.controller.management-deprecated] (ServerService Thread Pool -- 7) WFLYCTL0028: Attribute 'security-realm' in the resource at address '/subsystem=undertow/server=default-server/https-listener=https' is deprecated, and may be removed in future version. See the attribute description in the output of the read-resource-description operation to learn more about the deprecation.
2020-05-26 20:46:53,107 INFO  [org.jboss.as.webservices] (ServerService Thread Pool -- 36) WFLYWS0002: Activating WebServices Extension
2020-05-26 20:46:53,127 INFO  [org.wildfly.extension.undertow] (MSC service thread 1-5) WFLYUT0003: Undertow 1.4.18.Final-redhat-2 starting
2020-05-26 20:46:53,128 WARN  [org.jboss.as.txn] (ServerService Thread Pool -- 38) WFLYTX0013: The node-identifier attribute on the /subsystem=transactions is set to the default value. This is a danger for environments running multiple servers. Please make sure the attribute value is unique.
2020-05-26 20:46:53,139 INFO  [org.jboss.as.security] (ServerService Thread Pool -- 40) WFLYSEC0002: Activating Security Subsystem
2020-05-26 20:46:53,141 INFO  [org.wildfly.extension.undertow] (ServerService Thread Pool -- 37) WFLYUT0014: Creating file handler for path '/volumes/jboss/welcome-content' with options [directory-listing: 'false', follow-symlink: 'false', case-sensitive: 'true', safe-symlink-paths: '[]']
2020-05-26 20:46:53,142 INFO  [org.jboss.as.security] (MSC service thread 1-8) WFLYSEC0001: Current PicketBox version=5.0.2.Final-redhat-1
2020-05-26 20:46:53,182 INFO  [org.jboss.as.naming] (ServerService Thread Pool -- 46) WFLYNAM0001: Activating Naming Subsystem
2020-05-26 20:46:53,202 INFO  [org.jboss.as.naming] (MSC service thread 1-4) WFLYNAM0003: Starting Naming Service
2020-05-26 20:46:53,205 INFO  [org.jboss.as.mail.extension] (MSC service thread 1-5) WFLYMAIL0001: Bound mail session [java:jboss/mail/Default]
2020-05-26 20:46:53,242 INFO  [org.jboss.as.jaxrs] (ServerService Thread Pool -- 55) WFLYRS0016: RESTEasy version 3.0.24.Final-redhat-1
2020-05-26 20:46:53,256 INFO  [org.jboss.as.jsf] (ServerService Thread Pool -- 50) WFLYJSF0007: Activated the following JSF Implementations: [main]
2020-05-26 20:46:53,272 INFO  [org.jboss.as.connector] (MSC service thread 1-3) WFLYJCA0009: Starting JCA Subsystem (WildFly/IronJacamar 1.4.6.Final-redhat-1)
2020-05-26 20:46:53,277 INFO  [org.wildfly.iiop.openjdk] (ServerService Thread Pool -- 56) WFLYIIOP0001: Activating IIOP Subsystem
2020-05-26 20:46:53,288 INFO  [org.jboss.as.clustering.infinispan] (ServerService Thread Pool -- 57) WFLYCLINF0001: Activating Infinispan subsystem.
2020-05-26 20:46:53,296 INFO  [org.wildfly.extension.io] (ServerService Thread Pool -- 58) WFLYIO001: Worker 'default' has auto-configured to 16 core threads with 128 task threads based on your 8 available processors
2020-05-26 20:46:53,393 INFO  [org.jboss.as.connector.subsystems.datasources] (ServerService Thread Pool -- 62) WFLYJCA0004: Deploying JDBC-compliant driver class org.h2.Driver (version 1.4)
2020-05-26 20:46:53,399 INFO  [org.jboss.as.connector.deployers.jdbc] (MSC service thread 1-5) WFLYJCA0018: Started Driver service with driver-name = h2
2020-05-26 20:46:53,505 INFO  [org.wildfly.extension.undertow] (MSC service thread 1-3) WFLYUT0012: Started server default-server.
2020-05-26 20:46:53,506 INFO  [org.jboss.as.ejb3] (MSC service thread 1-6) WFLYEJB0482: Strict pool mdb-strict-max-pool is using a max instance size of 32 (per class), which is derived from the number of CPUs on this host.
2020-05-26 20:46:53,506 INFO  [org.jboss.as.ejb3] (MSC service thread 1-1) WFLYEJB0481: Strict pool slsb-strict-max-pool is using a max instance size of 128 (per class), which is derived from thread worker pool sizing.
2020-05-26 20:46:53,507 INFO  [org.wildfly.extension.undertow] (MSC service thread 1-1) WFLYUT0018: Host default-host starting
2020-05-26 20:46:53,597 INFO  [org.wildfly.extension.undertow] (MSC service thread 1-3) WFLYUT0006: Undertow HTTP listener default listening on 0.0.0.0:8080
2020-05-26 20:46:53,600 INFO  [org.jboss.as.ejb3] (MSC service thread 1-5) WFLYEJB0493: EJB subsystem suspension complete
2020-05-26 20:46:53,839 INFO  [org.jboss.as.connector.subsystems.datasources] (MSC service thread 1-5) WFLYJCA0001: Bound data source [java:jboss/datasources/ExampleDS]
2020-05-26 20:46:53,843 INFO  [org.jboss.as.patching] (MSC service thread 1-6) WFLYPAT0050: JBoss EAP cumulative patch ID is: base, one-off patches include: none
2020-05-26 20:46:53,846 INFO  [org.wildfly.extension.messaging-activemq] (MSC service thread 1-3) WFLYMSGAMQ0075: AIO wasn't located on this platform, it will fall back to using pure Java NIO. Your platform is Linux, install LibAIO to enable the AIO journal and achieve optimal performance.
2020-05-26 20:46:53,862 INFO  [org.wildfly.iiop.openjdk] (MSC service thread 1-2) WFLYIIOP0009: CORBA ORB Service started
2020-05-26 20:46:53,904 WARN  [org.jboss.as.domain.management.security] (MSC service thread 1-8) WFLYDM0111: Keystore /volumes/jboss/domain/configuration/application.keystore not found, it will be auto generated on first use with a self signed certificate for host localhost
2020-05-26 20:46:53,937 INFO  [org.apache.activemq.artemis.core.server] (ServerService Thread Pool -- 66) AMQ221000: live Message Broker is starting with configuration Broker Configuration (clustered=false,journalDirectory=/volumes/jboss/domain/servers/server-one/data/activemq/journal,bindingsDirectory=/volumes/jboss/domain/servers/server-one/data/activemq/bindings,largeMessagesDirectory=/volumes/jboss/domain/servers/server-one/data/activemq/largemessages,pagingDirectory=/volumes/jboss/domain/servers/server-one/data/activemq/paging)
2020-05-26 20:46:53,999 INFO  [org.wildfly.extension.undertow] (MSC service thread 1-3) WFLYUT0006: Undertow HTTPS listener https listening on 0.0.0.0:8443
2020-05-26 20:46:54,022 INFO  [org.apache.activemq.artemis.core.server] (ServerService Thread Pool -- 66) AMQ221013: Using NIO Journal
2020-05-26 20:46:54,074 INFO  [org.jboss.ws.common.management] (MSC service thread 1-7) JBWS022052: Starting JBossWS 5.1.9.Final-redhat-1 (Apache CXF 3.1.12.redhat-1) 
2020-05-26 20:46:54,104 INFO  [org.apache.activemq.artemis.core.server] (ServerService Thread Pool -- 66) AMQ221043: Protocol module found: [artemis-server]. Adding protocol support for: CORE
2020-05-26 20:46:54,106 INFO  [org.apache.activemq.artemis.core.server] (ServerService Thread Pool -- 66) AMQ221043: Protocol module found: [artemis-hornetq-protocol]. Adding protocol support for: HORNETQ
2020-05-26 20:46:54,341 INFO  [org.wildfly.extension.messaging-activemq] (MSC service thread 1-6) WFLYMSGAMQ0016: Registered HTTP upgrade for activemq-remoting protocol handled by http-acceptor-throughput acceptor
2020-05-26 20:46:54,341 INFO  [org.wildfly.extension.messaging-activemq] (MSC service thread 1-3) WFLYMSGAMQ0016: Registered HTTP upgrade for activemq-remoting protocol handled by http-acceptor acceptor
2020-05-26 20:46:54,341 INFO  [org.wildfly.extension.messaging-activemq] (MSC service thread 1-8) WFLYMSGAMQ0016: Registered HTTP upgrade for activemq-remoting protocol handled by http-acceptor acceptor
2020-05-26 20:46:54,341 INFO  [org.wildfly.extension.messaging-activemq] (MSC service thread 1-7) WFLYMSGAMQ0016: Registered HTTP upgrade for activemq-remoting protocol handled by http-acceptor-throughput acceptor
2020-05-26 20:46:54,510 INFO  [org.apache.activemq.artemis.core.server] (ServerService Thread Pool -- 66) AMQ221007: Server is now live
2020-05-26 20:46:54,510 INFO  [org.apache.activemq.artemis.core.server] (ServerService Thread Pool -- 66) AMQ221001: Apache ActiveMQ Artemis Message Broker version 1.5.5.008-redhat-1 [default, nodeID=25c04a08-9f8f-11ea-a235-0242ac130002] 
2020-05-26 20:46:54,513 INFO  [org.apache.activemq.artemis.core.server] (ServerService Thread Pool -- 66) AMQ221003: Deploying queue jms.queue.DLQ
2020-05-26 20:46:54,551 INFO  [org.apache.activemq.artemis.core.server] (ServerService Thread Pool -- 68) AMQ221003: Deploying queue jms.queue.ExpiryQueue
2020-05-26 20:46:54,573 INFO  [org.wildfly.extension.messaging-activemq] (ServerService Thread Pool -- 69) WFLYMSGAMQ0002: Bound messaging object to jndi name java:/ConnectionFactory
2020-05-26 20:46:54,577 WARN  [org.apache.activemq.artemis.jms.server] (ServerService Thread Pool -- 67) AMQ122005: Invalid "host" value "0.0.0.0" detected for "http-connector" connector. Switching to "c2aad414cbed". If this new address is incorrect please manually configure the connector to use the proper one.
2020-05-26 20:46:54,578 INFO  [org.wildfly.extension.messaging-activemq] (ServerService Thread Pool -- 67) WFLYMSGAMQ0002: Bound messaging object to jndi name java:jboss/exported/jms/RemoteConnectionFactory
2020-05-26 20:46:54,605 INFO  [org.jboss.as.connector.deployment] (MSC service thread 1-1) WFLYJCA0007: Registered connection factory java:/JmsXA
2020-05-26 20:46:54,669 INFO  [org.apache.activemq.artemis.ra] (MSC service thread 1-1) Resource adaptor started
2020-05-26 20:46:54,669 INFO  [org.jboss.as.connector.services.resourceadapters.ResourceAdapterActivatorService$ResourceAdapterActivator] (MSC service thread 1-1) IJ020002: Deployed: file://RaActivatoractivemq-ra
2020-05-26 20:46:54,672 INFO  [org.jboss.as.connector.deployment] (MSC service thread 1-4) WFLYJCA0002: Bound JCA ConnectionFactory [java:/JmsXA]
2020-05-26 20:46:54,672 INFO  [org.wildfly.extension.messaging-activemq] (MSC service thread 1-4) WFLYMSGAMQ0002: Bound messaging object to jndi name java:jboss/DefaultJMSConnectionFactory
2020-05-26 20:46:54,762 INFO  [org.jboss.as.server] (Controller Boot Thread) WFLYSRV0212: Resuming server
2020-05-26 20:46:54,768 INFO  [org.jboss.as] (Controller Boot Thread) WFLYSRV0025: JBoss EAP 7.1.0.GA (WildFly Core 3.0.10.Final-redhat-1) started in 4185ms - Started 314 of 579 services (360 services are lazy, passive or on-demand)
2020-05-26 20:50:08,103 INFO  [org.jboss.modules] (main) JBoss Modules version 1.6.0.Final-redhat-1
2020-05-26 20:50:08,479 INFO  [org.jboss.msc] (main) JBoss MSC version 1.2.7.SP1-redhat-1
2020-05-26 20:50:08,619 INFO  [org.jboss.as] (MSC service thread 1-7) WFLYSRV0049: JBoss EAP 7.1.0.GA (WildFly Core 3.0.10.Final-redhat-1) starting
2020-05-26 20:50:08,621 DEBUG [org.jboss.as.config] (MSC service thread 1-7) Configured system properties:
	[Server:server-one] = 
	awt.toolkit = sun.awt.X11.XToolkit
	file.encoding = UTF-8
	file.encoding.pkg = sun.io
	file.separator = /
	java.awt.graphicsenv = sun.awt.X11GraphicsEnvironment
	java.awt.headless = true
	java.awt.printerjob = sun.print.PSPrinterJob
	java.class.path = /volumes/jboss/jboss-modules.jar
	java.class.version = 52.0
	java.endorsed.dirs = /usr/lib/jvm/java-1.8-openjdk/jre/lib/endorsed
	java.ext.dirs = /usr/lib/jvm/java-1.8-openjdk/jre/lib/ext:/usr/java/packages/lib/ext
	java.home = /usr/lib/jvm/java-1.8-openjdk/jre
	java.io.tmpdir = /tmp
	java.library.path = /usr/lib/jvm/java-1.8-openjdk/jre/lib/amd64/server:/usr/lib/jvm/java-1.8-openjdk/jre/lib/amd64:/usr/lib/jvm/java-1.8-openjdk/jre/../lib/amd64:/usr/java/packages/lib/amd64:/usr/lib64:/lib64:/lib:/usr/lib
	java.net.preferIPv4Stack = true
	java.runtime.name = OpenJDK Runtime Environment
	java.runtime.version = 1.8.0_212-b04
	java.specification.name = Java Platform API Specification
	java.specification.vendor = Oracle Corporation
	java.specification.version = 1.8
	java.util.logging.manager = org.jboss.logmanager.LogManager
	java.vendor = IcedTea
	java.vendor.url = https://icedtea.classpath.org
	java.vendor.url.bug = https://icedtea.classpath.org/bugzilla
	java.version = 1.8.0_212
	java.vm.info = mixed mode
	java.vm.name = OpenJDK 64-Bit Server VM
	java.vm.specification.name = Java Virtual Machine Specification
	java.vm.specification.vendor = Oracle Corporation
	java.vm.specification.version = 1.8
	java.vm.vendor = IcedTea
	java.vm.version = 25.212-b04
	javax.management.builder.initial = org.jboss.as.jmx.PluggableMBeanServerBuilder
	javax.xml.datatype.DatatypeFactory = __redirected.__DatatypeFactory
	javax.xml.parsers.DocumentBuilderFactory = __redirected.__DocumentBuilderFactory
	javax.xml.parsers.SAXParserFactory = __redirected.__SAXParserFactory
	javax.xml.stream.XMLEventFactory = __redirected.__XMLEventFactory
	javax.xml.stream.XMLInputFactory = __redirected.__XMLInputFactory
	javax.xml.stream.XMLOutputFactory = __redirected.__XMLOutputFactory
	javax.xml.transform.TransformerFactory = __redirected.__TransformerFactory
	javax.xml.validation.SchemaFactory:http://www.w3.org/2001/XMLSchema = __redirected.__SchemaFactory
	javax.xml.xpath.XPathFactory:http://java.sun.com/jaxp/xpath/dom = __redirected.__XPathFactory
	jboss.bind.address = 0.0.0.0
	jboss.bind.address.management = 0.0.0.0
	jboss.boot.server.log.level = DEBUG
	jboss.domain.base.dir = /volumes/jboss/domain
	jboss.domain.config.dir = /volumes/jboss/domain/configuration
	jboss.home.dir = /volumes/jboss
	jboss.host.name = 42f8cff83469
	jboss.management.http.port = 9990
	jboss.modules.dir = /volumes/jboss/modules
	jboss.modules.system.pkgs = org.jboss.byteman
	jboss.node.name = master:server-one
	jboss.qualified.host.name = 42f8cff83469
	jboss.server.base.dir = /volumes/jboss/domain/servers/server-one
	jboss.server.config.dir = /volumes/jboss/domain/servers/server-one/configuration
	jboss.server.data.dir = /volumes/jboss/domain/servers/server-one/data
	jboss.server.deploy.dir = /volumes/jboss/domain/servers/server-one/data/content
	jboss.server.log.dir = /volumes/jboss/domain/servers/server-one/log
	jboss.server.name = server-one
	jboss.server.persist.config = true
	jboss.server.temp.dir = /volumes/jboss/domain/servers/server-one/tmp
	line.separator = 

	logging.configuration = file:/volumes/jboss/domain/servers/server-one/data/logging.properties
	module.path = /volumes/jboss/modules
	org.jboss.as.logging.per-deployment = false
	org.jboss.resolver.warning = true
	org.xml.sax.driver = __redirected.__XMLReaderFactory
	os.arch = amd64
	os.name = Linux
	os.version = 5.3.0-53-generic
	path.separator = :
	sun.arch.data.model = 64
	sun.boot.class.path = /usr/lib/jvm/java-1.8-openjdk/jre/lib/resources.jar:/usr/lib/jvm/java-1.8-openjdk/jre/lib/rt.jar:/usr/lib/jvm/java-1.8-openjdk/jre/lib/sunrsasign.jar:/usr/lib/jvm/java-1.8-openjdk/jre/lib/jsse.jar:/usr/lib/jvm/java-1.8-openjdk/jre/lib/jce.jar:/usr/lib/jvm/java-1.8-openjdk/jre/lib/charsets.jar:/usr/lib/jvm/java-1.8-openjdk/jre/lib/jfr.jar:/usr/lib/jvm/java-1.8-openjdk/jre/classes
	sun.boot.library.path = /usr/lib/jvm/java-1.8-openjdk/jre/lib/amd64
	sun.cpu.endian = little
	sun.cpu.isalist = 
	sun.io.unicode.encoding = UnicodeLittle
	sun.java.command = /volumes/jboss/jboss-modules.jar -mp /volumes/jboss/modules org.jboss.as.server
	sun.java.launcher = SUN_STANDARD
	sun.jnu.encoding = UTF-8
	sun.management.compiler = HotSpot 64-Bit Tiered Compilers
	sun.os.patch.level = unknown
	user.country = US
	user.dir = /volumes/jboss
	user.home = /root
	user.language = en
	user.name = root
	user.timezone = GMT
2020-05-26 20:50:08,622 DEBUG [org.jboss.as.config] (MSC service thread 1-7) VM Arguments: -D[Server:server-one] -Xms1000m -Xmx1000m -XX:MetaspaceSize=96m -XX:MaxMetaspaceSize=256m -Djava.awt.headless=true -Djava.net.preferIPv4Stack=true -Djboss.bind.address=0.0.0.0 -Djboss.bind.address.management=0.0.0.0 -Djboss.boot.server.log.level=DEBUG -Djboss.home.dir=/volumes/jboss -Djboss.management.http.port=9990 -Djboss.modules.system.pkgs=org.jboss.byteman -Dorg.jboss.as.logging.per-deployment=false -Djboss.server.log.dir=/volumes/jboss/domain/servers/server-one/log -Djboss.server.temp.dir=/volumes/jboss/domain/servers/server-one/tmp -Djboss.server.data.dir=/volumes/jboss/domain/servers/server-one/data -Dlogging.configuration=file:/volumes/jboss/domain/servers/server-one/data/logging.properties 
2020-05-26 20:50:08,697 INFO  [org.xnio] (MSC service thread 1-5) XNIO version 3.5.4.Final-redhat-1
2020-05-26 20:50:08,705 INFO  [org.xnio.nio] (MSC service thread 1-5) XNIO NIO Implementation Version 3.5.4.Final-redhat-1
2020-05-26 20:50:08,748 INFO  [org.jboss.remoting] (MSC service thread 1-5) JBoss Remoting version 5.0.5.Final-redhat-1
2020-05-26 20:50:09,089 INFO  [org.wildfly.security] (ServerService Thread Pool -- 2) ELY00001: WildFly Elytron version 1.1.7.Final-redhat-1
2020-05-26 20:50:10,106 INFO  [org.jboss.as.controller.management-deprecated] (ServerService Thread Pool -- 30) WFLYCTL0028: Attribute 'security-realm' in the resource at address '/subsystem=undertow/server=default-server/https-listener=https' is deprecated, and may be removed in future version. See the attribute description in the output of the read-resource-description operation to learn more about the deprecation.
2020-05-26 20:50:10,236 WARN  [org.jboss.as.txn] (ServerService Thread Pool -- 38) WFLYTX0013: The node-identifier attribute on the /subsystem=transactions is set to the default value. This is a danger for environments running multiple servers. Please make sure the attribute value is unique.
2020-05-26 20:50:10,252 INFO  [org.jboss.as.webservices] (ServerService Thread Pool -- 36) WFLYWS0002: Activating WebServices Extension
2020-05-26 20:50:10,257 INFO  [org.wildfly.extension.undertow] (MSC service thread 1-8) WFLYUT0003: Undertow 1.4.18.Final-redhat-2 starting
2020-05-26 20:50:10,262 INFO  [org.jboss.as.security] (ServerService Thread Pool -- 40) WFLYSEC0002: Activating Security Subsystem
2020-05-26 20:50:10,265 INFO  [org.jboss.as.security] (MSC service thread 1-6) WFLYSEC0001: Current PicketBox version=5.0.2.Final-redhat-1
2020-05-26 20:50:10,265 INFO  [org.wildfly.extension.undertow] (ServerService Thread Pool -- 37) WFLYUT0014: Creating file handler for path '/volumes/jboss/welcome-content' with options [directory-listing: 'false', follow-symlink: 'false', case-sensitive: 'true', safe-symlink-paths: '[]']
2020-05-26 20:50:10,293 INFO  [org.jboss.as.naming] (ServerService Thread Pool -- 46) WFLYNAM0001: Activating Naming Subsystem
2020-05-26 20:50:10,319 INFO  [org.jboss.as.jsf] (ServerService Thread Pool -- 50) WFLYJSF0007: Activated the following JSF Implementations: [main]
2020-05-26 20:50:10,360 INFO  [org.jboss.as.mail.extension] (MSC service thread 1-3) WFLYMAIL0001: Bound mail session [java:jboss/mail/Default]
2020-05-26 20:50:10,364 INFO  [org.jboss.as.naming] (MSC service thread 1-4) WFLYNAM0003: Starting Naming Service
2020-05-26 20:50:10,390 INFO  [org.jboss.as.jaxrs] (ServerService Thread Pool -- 55) WFLYRS0016: RESTEasy version 3.0.24.Final-redhat-1
2020-05-26 20:50:10,411 INFO  [org.wildfly.iiop.openjdk] (ServerService Thread Pool -- 56) WFLYIIOP0001: Activating IIOP Subsystem
2020-05-26 20:50:10,415 INFO  [org.jboss.as.connector] (MSC service thread 1-8) WFLYJCA0009: Starting JCA Subsystem (WildFly/IronJacamar 1.4.6.Final-redhat-1)
2020-05-26 20:50:10,418 INFO  [org.jboss.as.clustering.infinispan] (ServerService Thread Pool -- 57) WFLYCLINF0001: Activating Infinispan subsystem.
2020-05-26 20:50:10,442 INFO  [org.wildfly.extension.io] (ServerService Thread Pool -- 58) WFLYIO001: Worker 'default' has auto-configured to 16 core threads with 128 task threads based on your 8 available processors
2020-05-26 20:50:10,516 INFO  [org.jboss.as.connector.subsystems.datasources] (ServerService Thread Pool -- 62) WFLYJCA0004: Deploying JDBC-compliant driver class org.h2.Driver (version 1.4)
2020-05-26 20:50:10,527 INFO  [org.jboss.as.connector.deployers.jdbc] (MSC service thread 1-3) WFLYJCA0018: Started Driver service with driver-name = h2
2020-05-26 20:50:10,631 INFO  [org.jboss.as.ejb3] (MSC service thread 1-7) WFLYEJB0482: Strict pool mdb-strict-max-pool is using a max instance size of 32 (per class), which is derived from the number of CPUs on this host.
2020-05-26 20:50:10,632 INFO  [org.jboss.as.ejb3] (MSC service thread 1-5) WFLYEJB0481: Strict pool slsb-strict-max-pool is using a max instance size of 128 (per class), which is derived from thread worker pool sizing.
2020-05-26 20:50:10,643 INFO  [org.wildfly.extension.undertow] (MSC service thread 1-4) WFLYUT0012: Started server default-server.
2020-05-26 20:50:10,673 INFO  [org.wildfly.extension.undertow] (MSC service thread 1-5) WFLYUT0018: Host default-host starting
2020-05-26 20:50:10,764 INFO  [org.jboss.as.ejb3] (MSC service thread 1-5) WFLYEJB0493: EJB subsystem suspension complete
2020-05-26 20:50:10,768 INFO  [org.wildfly.extension.undertow] (MSC service thread 1-4) WFLYUT0006: Undertow HTTP listener default listening on 0.0.0.0:8080
2020-05-26 20:50:10,843 INFO  [org.jboss.as.patching] (MSC service thread 1-5) WFLYPAT0050: JBoss EAP cumulative patch ID is: base, one-off patches include: none
2020-05-26 20:50:10,853 INFO  [org.wildfly.extension.messaging-activemq] (MSC service thread 1-3) WFLYMSGAMQ0075: AIO wasn't located on this platform, it will fall back to using pure Java NIO. Your platform is Linux, install LibAIO to enable the AIO journal and achieve optimal performance.
2020-05-26 20:50:10,880 WARN  [org.jboss.as.domain.management.security] (MSC service thread 1-5) WFLYDM0111: Keystore /volumes/jboss/domain/configuration/application.keystore not found, it will be auto generated on first use with a self signed certificate for host localhost
2020-05-26 20:50:10,935 INFO  [org.jboss.as.connector.subsystems.datasources] (MSC service thread 1-4) WFLYJCA0001: Bound data source [java:jboss/datasources/ExampleDS]
2020-05-26 20:50:10,939 INFO  [org.wildfly.extension.undertow] (MSC service thread 1-8) WFLYUT0006: Undertow HTTPS listener https listening on 0.0.0.0:8443
2020-05-26 20:50:10,968 INFO  [org.apache.activemq.artemis.core.server] (ServerService Thread Pool -- 66) AMQ221000: live Message Broker is starting with configuration Broker Configuration (clustered=false,journalDirectory=/volumes/jboss/domain/servers/server-one/data/activemq/journal,bindingsDirectory=/volumes/jboss/domain/servers/server-one/data/activemq/bindings,largeMessagesDirectory=/volumes/jboss/domain/servers/server-one/data/activemq/largemessages,pagingDirectory=/volumes/jboss/domain/servers/server-one/data/activemq/paging)
2020-05-26 20:50:10,971 INFO  [org.wildfly.iiop.openjdk] (MSC service thread 1-6) WFLYIIOP0009: CORBA ORB Service started
2020-05-26 20:50:11,006 INFO  [org.apache.activemq.artemis.core.server] (ServerService Thread Pool -- 66) AMQ221013: Using NIO Journal
2020-05-26 20:50:11,019 INFO  [org.jboss.ws.common.management] (MSC service thread 1-1) JBWS022052: Starting JBossWS 5.1.9.Final-redhat-1 (Apache CXF 3.1.12.redhat-1) 
2020-05-26 20:50:11,095 INFO  [org.apache.activemq.artemis.core.server] (ServerService Thread Pool -- 66) AMQ221043: Protocol module found: [artemis-server]. Adding protocol support for: CORE
2020-05-26 20:50:11,097 INFO  [org.apache.activemq.artemis.core.server] (ServerService Thread Pool -- 66) AMQ221043: Protocol module found: [artemis-hornetq-protocol]. Adding protocol support for: HORNETQ
2020-05-26 20:50:11,348 INFO  [org.wildfly.extension.messaging-activemq] (MSC service thread 1-1) WFLYMSGAMQ0016: Registered HTTP upgrade for activemq-remoting protocol handled by http-acceptor acceptor
2020-05-26 20:50:11,349 INFO  [org.wildfly.extension.messaging-activemq] (MSC service thread 1-1) WFLYMSGAMQ0016: Registered HTTP upgrade for activemq-remoting protocol handled by http-acceptor acceptor
2020-05-26 20:50:11,349 INFO  [org.wildfly.extension.messaging-activemq] (MSC service thread 1-3) WFLYMSGAMQ0016: Registered HTTP upgrade for activemq-remoting protocol handled by http-acceptor-throughput acceptor
2020-05-26 20:50:11,349 INFO  [org.wildfly.extension.messaging-activemq] (MSC service thread 1-8) WFLYMSGAMQ0016: Registered HTTP upgrade for activemq-remoting protocol handled by http-acceptor-throughput acceptor
2020-05-26 20:50:11,461 INFO  [org.apache.activemq.artemis.core.server] (ServerService Thread Pool -- 66) AMQ221007: Server is now live
2020-05-26 20:50:11,461 INFO  [org.apache.activemq.artemis.core.server] (ServerService Thread Pool -- 66) AMQ221001: Apache ActiveMQ Artemis Message Broker version 1.5.5.008-redhat-1 [default, nodeID=25c04a08-9f8f-11ea-a235-0242ac130002] 
2020-05-26 20:50:11,483 INFO  [org.wildfly.extension.messaging-activemq] (ServerService Thread Pool -- 66) WFLYMSGAMQ0002: Bound messaging object to jndi name java:/ConnectionFactory
2020-05-26 20:50:11,493 INFO  [org.apache.activemq.artemis.core.server] (ServerService Thread Pool -- 68) AMQ221003: Deploying queue jms.queue.DLQ
2020-05-26 20:50:11,499 INFO  [org.apache.activemq.artemis.core.server] (ServerService Thread Pool -- 69) AMQ221003: Deploying queue jms.queue.ExpiryQueue
2020-05-26 20:50:11,502 WARN  [org.apache.activemq.artemis.jms.server] (ServerService Thread Pool -- 67) AMQ122005: Invalid "host" value "0.0.0.0" detected for "http-connector" connector. Switching to "42f8cff83469". If this new address is incorrect please manually configure the connector to use the proper one.
2020-05-26 20:50:11,503 INFO  [org.wildfly.extension.messaging-activemq] (ServerService Thread Pool -- 67) WFLYMSGAMQ0002: Bound messaging object to jndi name java:jboss/exported/jms/RemoteConnectionFactory
2020-05-26 20:50:11,537 INFO  [org.jboss.as.connector.deployment] (MSC service thread 1-5) WFLYJCA0007: Registered connection factory java:/JmsXA
2020-05-26 20:50:11,580 INFO  [org.apache.activemq.artemis.ra] (MSC service thread 1-5) Resource adaptor started
2020-05-26 20:50:11,580 INFO  [org.jboss.as.connector.services.resourceadapters.ResourceAdapterActivatorService$ResourceAdapterActivator] (MSC service thread 1-5) IJ020002: Deployed: file://RaActivatoractivemq-ra
2020-05-26 20:50:11,581 INFO  [org.jboss.as.connector.deployment] (MSC service thread 1-5) WFLYJCA0002: Bound JCA ConnectionFactory [java:/JmsXA]
2020-05-26 20:50:11,581 INFO  [org.wildfly.extension.messaging-activemq] (MSC service thread 1-8) WFLYMSGAMQ0002: Bound messaging object to jndi name java:jboss/DefaultJMSConnectionFactory
2020-05-26 20:50:11,668 INFO  [org.jboss.as.server] (Controller Boot Thread) WFLYSRV0212: Resuming server
2020-05-26 20:50:11,673 INFO  [org.jboss.as] (Controller Boot Thread) WFLYSRV0025: JBoss EAP 7.1.0.GA (WildFly Core 3.0.10.Final-redhat-1) started in 4053ms - Started 314 of 579 services (360 services are lazy, passive or on-demand)
