2019-09-13 14:01:49.356  INFO 1 --- [main] a.o.leafnoise.template.rest.Application  : Starting Application on 9afd1f2859cc with PID 1 (/var/volume/codigo/target/classes started by root in /)
2019-09-13 14:01:49.357  INFO 1 --- [main] a.o.leafnoise.template.rest.Application  : No active profile set, falling back to default profiles: default
2019-09-13 14:01:49.398  INFO 1 --- [main] ationConfigEmbeddedWebApplicationContext : Refreshing org.springframework.boot.context.embedded.AnnotationConfigEmbeddedWebApplicationContext@34bcea88: startup date [Fri Sep 13 14:01:49 UTC 2019]; root of context hierarchy
2019-09-13 14:01:50.292  INFO 1 --- [main] s.b.c.e.t.TomcatEmbeddedServletContainer : Tomcat initialized with port(s): 8080 (http)
2019-09-13 14:01:50.324  INFO 1 --- [main] o.apache.catalina.core.StandardService   : Starting service [Tomcat]
2019-09-13 14:01:50.325  INFO 1 --- [main] org.apache.catalina.core.StandardEngine  : Starting Servlet Engine: Apache Tomcat/8.5.29
2019-09-13 14:01:50.405  INFO 1 --- [localhost-startStop-1] o.a.c.c.C.[Tomcat].[localhost].[/]       : Initializing Spring embedded WebApplicationContext
2019-09-13 14:01:50.406  INFO 1 --- [localhost-startStop-1] o.s.web.context.ContextLoader            : Root WebApplicationContext: initialization completed in 1008 ms
2019-09-13 14:01:50.510  INFO 1 --- [localhost-startStop-1] o.s.b.w.servlet.ServletRegistrationBean  : Mapping servlet: 'dispatcherServlet' to [/*]
2019-09-13 14:01:50.513  INFO 1 --- [localhost-startStop-1] o.s.b.w.servlet.FilterRegistrationBean   : Mapping filter: 'characterEncodingFilter' to: [/*]
2019-09-13 14:01:50.514  INFO 1 --- [localhost-startStop-1] o.s.b.w.servlet.FilterRegistrationBean   : Mapping filter: 'hiddenHttpMethodFilter' to: [/*]
2019-09-13 14:01:50.514  INFO 1 --- [localhost-startStop-1] o.s.b.w.servlet.FilterRegistrationBean   : Mapping filter: 'httpPutFormContentFilter' to: [/*]
2019-09-13 14:01:50.514  INFO 1 --- [localhost-startStop-1] o.s.b.w.servlet.FilterRegistrationBean   : Mapping filter: 'requestContextFilter' to: [/*]
2019-09-13 14:01:50.815  INFO 1 --- [main] s.w.s.m.m.a.RequestMappingHandlerAdapter : Looking for @ControllerAdvice: org.springframework.boot.context.embedded.AnnotationConfigEmbeddedWebApplicationContext@34bcea88: startup date [Fri Sep 13 14:01:49 UTC 2019]; root of context hierarchy
2019-09-13 14:01:50.897  INFO 1 --- [main] s.w.s.m.m.a.RequestMappingHandlerMapping : Mapped "{[/properties],methods=[GET]}" onto public org.springframework.http.ResponseEntity<java.lang.Object> ar.org.leafnoise.template.rest.controller.ApplicationController.getProperties()
2019-09-13 14:01:50.898  INFO 1 --- [main] s.w.s.m.m.a.RequestMappingHandlerMapping : Mapped "{[/alive],methods=[GET]}" onto public org.springframework.http.ResponseEntity<java.lang.Object> ar.org.leafnoise.template.rest.controller.ApplicationController.status()
2019-09-13 14:01:50.900  INFO 1 --- [main] s.w.s.m.m.a.RequestMappingHandlerMapping : Mapped "{[/api/v1/ejemplos],methods=[GET]}" onto public org.springframework.http.ResponseEntity<java.lang.Object> ar.org.leafnoise.template.rest.controller.ExampleController.getExample()
2019-09-13 14:01:50.900  INFO 1 --- [main] s.w.s.m.m.a.RequestMappingHandlerMapping : Mapped "{[/api/v1/ejemplos/{number}],methods=[GET]}" onto public org.springframework.http.ResponseEntity<java.lang.Object> ar.org.leafnoise.template.rest.controller.ExampleController.getExampleNumber(java.lang.Integer)
2019-09-13 14:01:50.903  INFO 1 --- [main] s.w.s.m.m.a.RequestMappingHandlerMapping : Mapped "{[/error],produces=[text/html]}" onto public org.springframework.web.servlet.ModelAndView org.springframework.boot.autoconfigure.web.BasicErrorController.errorHtml(javax.servlet.http.HttpServletRequest,javax.servlet.http.HttpServletResponse)
2019-09-13 14:01:50.903  INFO 1 --- [main] s.w.s.m.m.a.RequestMappingHandlerMapping : Mapped "{[/error]}" onto public org.springframework.http.ResponseEntity<java.util.Map<java.lang.String, java.lang.Object>> org.springframework.boot.autoconfigure.web.BasicErrorController.error(javax.servlet.http.HttpServletRequest)
2019-09-13 14:01:50.926  INFO 1 --- [main] o.s.w.s.handler.SimpleUrlHandlerMapping  : Mapped URL path [/webjars/**] onto handler of type [class org.springframework.web.servlet.resource.ResourceHttpRequestHandler]
2019-09-13 14:01:50.927  INFO 1 --- [main] o.s.w.s.handler.SimpleUrlHandlerMapping  : Mapped URL path [/**] onto handler of type [class org.springframework.web.servlet.resource.ResourceHttpRequestHandler]
2019-09-13 14:01:50.954  INFO 1 --- [main] o.s.w.s.handler.SimpleUrlHandlerMapping  : Mapped URL path [/**/favicon.ico] onto handler of type [class org.springframework.web.servlet.resource.ResourceHttpRequestHandler]
2019-09-13 14:01:51.084  INFO 1 --- [main] o.s.j.e.a.AnnotationMBeanExporter        : Registering beans for JMX exposure on startup
2019-09-13 14:01:51.113  INFO 1 --- [main] s.b.c.e.t.TomcatEmbeddedServletContainer : Tomcat started on port(s): 8080 (http)
2019-09-13 14:01:51.118  INFO 1 --- [main] a.o.leafnoise.template.rest.Application  : Started Application in 2.046 seconds (JVM running for 6.966)
2019-09-13 14:02:49.534  INFO 1 --- [Thread-4] ationConfigEmbeddedWebApplicationContext : Closing org.springframework.boot.context.embedded.AnnotationConfigEmbeddedWebApplicationContext@34bcea88: startup date [Fri Sep 13 14:01:49 UTC 2019]; root of context hierarchy
2019-09-13 14:02:49.536  INFO 1 --- [Thread-4] o.s.j.e.a.AnnotationMBeanExporter        : Unregistering JMX-exposed beans on shutdown
2019-09-13 14:02:57.862  INFO 1 --- [main] a.o.leafnoise.template.rest.Application  : Starting Application on 9afd1f2859cc with PID 1 (/var/volume/codigo/target/classes started by root in /)
2019-09-13 14:02:57.864  INFO 1 --- [main] a.o.leafnoise.template.rest.Application  : No active profile set, falling back to default profiles: default
2019-09-13 14:02:57.909  INFO 1 --- [main] ationConfigEmbeddedWebApplicationContext : Refreshing org.springframework.boot.context.embedded.AnnotationConfigEmbeddedWebApplicationContext@3ee8f3c1: startup date [Fri Sep 13 14:02:57 UTC 2019]; root of context hierarchy
2019-09-13 14:02:58.876  INFO 1 --- [main] s.b.c.e.t.TomcatEmbeddedServletContainer : Tomcat initialized with port(s): 8080 (http)
2019-09-13 14:02:58.904  INFO 1 --- [main] o.apache.catalina.core.StandardService   : Starting service [Tomcat]
2019-09-13 14:02:58.905  INFO 1 --- [main] org.apache.catalina.core.StandardEngine  : Starting Servlet Engine: Apache Tomcat/8.5.29
2019-09-13 14:02:58.975  INFO 1 --- [localhost-startStop-1] o.a.c.c.C.[Tomcat].[localhost].[/]       : Initializing Spring embedded WebApplicationContext
2019-09-13 14:02:58.976  INFO 1 --- [localhost-startStop-1] o.s.web.context.ContextLoader            : Root WebApplicationContext: initialization completed in 1067 ms
2019-09-13 14:02:59.107  INFO 1 --- [localhost-startStop-1] o.s.b.w.servlet.ServletRegistrationBean  : Mapping servlet: 'dispatcherServlet' to [/*]
2019-09-13 14:02:59.111  INFO 1 --- [localhost-startStop-1] o.s.b.w.servlet.FilterRegistrationBean   : Mapping filter: 'characterEncodingFilter' to: [/*]
2019-09-13 14:02:59.112  INFO 1 --- [localhost-startStop-1] o.s.b.w.servlet.FilterRegistrationBean   : Mapping filter: 'hiddenHttpMethodFilter' to: [/*]
2019-09-13 14:02:59.112  INFO 1 --- [localhost-startStop-1] o.s.b.w.servlet.FilterRegistrationBean   : Mapping filter: 'httpPutFormContentFilter' to: [/*]
2019-09-13 14:02:59.113  INFO 1 --- [localhost-startStop-1] o.s.b.w.servlet.FilterRegistrationBean   : Mapping filter: 'requestContextFilter' to: [/*]
2019-09-13 14:02:59.372  INFO 1 --- [main] s.w.s.m.m.a.RequestMappingHandlerAdapter : Looking for @ControllerAdvice: org.springframework.boot.context.embedded.AnnotationConfigEmbeddedWebApplicationContext@3ee8f3c1: startup date [Fri Sep 13 14:02:57 UTC 2019]; root of context hierarchy
2019-09-13 14:02:59.448  INFO 1 --- [main] s.w.s.m.m.a.RequestMappingHandlerMapping : Mapped "{[/properties],methods=[GET]}" onto public org.springframework.http.ResponseEntity<java.lang.Object> ar.org.leafnoise.template.rest.controller.ApplicationController.getProperties()
2019-09-13 14:02:59.449  INFO 1 --- [main] s.w.s.m.m.a.RequestMappingHandlerMapping : Mapped "{[/alive],methods=[GET]}" onto public org.springframework.http.ResponseEntity<java.lang.Object> ar.org.leafnoise.template.rest.controller.ApplicationController.status()
2019-09-13 14:02:59.451  INFO 1 --- [main] s.w.s.m.m.a.RequestMappingHandlerMapping : Mapped "{[/api/v1/ejemplos],methods=[GET]}" onto public org.springframework.http.ResponseEntity<java.lang.Object> ar.org.leafnoise.template.rest.controller.ExampleController.getExample()
2019-09-13 14:02:59.452  INFO 1 --- [main] s.w.s.m.m.a.RequestMappingHandlerMapping : Mapped "{[/api/v1/ejemplos/{number}],methods=[GET]}" onto public org.springframework.http.ResponseEntity<java.lang.Object> ar.org.leafnoise.template.rest.controller.ExampleController.getExampleNumber(java.lang.Integer)
2019-09-13 14:02:59.454  INFO 1 --- [main] s.w.s.m.m.a.RequestMappingHandlerMapping : Mapped "{[/error],produces=[text/html]}" onto public org.springframework.web.servlet.ModelAndView org.springframework.boot.autoconfigure.web.BasicErrorController.errorHtml(javax.servlet.http.HttpServletRequest,javax.servlet.http.HttpServletResponse)
2019-09-13 14:02:59.455  INFO 1 --- [main] s.w.s.m.m.a.RequestMappingHandlerMapping : Mapped "{[/error]}" onto public org.springframework.http.ResponseEntity<java.util.Map<java.lang.String, java.lang.Object>> org.springframework.boot.autoconfigure.web.BasicErrorController.error(javax.servlet.http.HttpServletRequest)
2019-09-13 14:02:59.479  INFO 1 --- [main] o.s.w.s.handler.SimpleUrlHandlerMapping  : Mapped URL path [/webjars/**] onto handler of type [class org.springframework.web.servlet.resource.ResourceHttpRequestHandler]
2019-09-13 14:02:59.479  INFO 1 --- [main] o.s.w.s.handler.SimpleUrlHandlerMapping  : Mapped URL path [/**] onto handler of type [class org.springframework.web.servlet.resource.ResourceHttpRequestHandler]
2019-09-13 14:02:59.508  INFO 1 --- [main] o.s.w.s.handler.SimpleUrlHandlerMapping  : Mapped URL path [/**/favicon.ico] onto handler of type [class org.springframework.web.servlet.resource.ResourceHttpRequestHandler]
2019-09-13 14:02:59.634  INFO 1 --- [main] o.s.j.e.a.AnnotationMBeanExporter        : Registering beans for JMX exposure on startup
2019-09-13 14:02:59.672  INFO 1 --- [main] s.b.c.e.t.TomcatEmbeddedServletContainer : Tomcat started on port(s): 8080 (http)
2019-09-13 14:02:59.679  INFO 1 --- [main] a.o.leafnoise.template.rest.Application  : Started Application in 2.124 seconds (JVM running for 7.382)
2019-09-13 14:03:12.637  INFO 1 --- [Thread-4] ationConfigEmbeddedWebApplicationContext : Closing org.springframework.boot.context.embedded.AnnotationConfigEmbeddedWebApplicationContext@3ee8f3c1: startup date [Fri Sep 13 14:02:57 UTC 2019]; root of context hierarchy
2019-09-13 14:03:12.641  INFO 1 --- [Thread-4] o.s.j.e.a.AnnotationMBeanExporter        : Unregistering JMX-exposed beans on shutdown
2019-09-13 14:03:38.635  INFO 1 --- [main] a.o.leafnoise.template.rest.Application  : Starting Application on 9afd1f2859cc with PID 1 (/var/volume/codigo/target/classes started by root in /)
2019-09-13 14:03:38.636  INFO 1 --- [main] a.o.leafnoise.template.rest.Application  : No active profile set, falling back to default profiles: default
2019-09-13 14:03:38.669  INFO 1 --- [main] ationConfigEmbeddedWebApplicationContext : Refreshing org.springframework.boot.context.embedded.AnnotationConfigEmbeddedWebApplicationContext@7f45ec70: startup date [Fri Sep 13 14:03:38 UTC 2019]; root of context hierarchy
2019-09-13 14:03:39.619  INFO 1 --- [main] s.b.c.e.t.TomcatEmbeddedServletContainer : Tomcat initialized with port(s): 8080 (http)
2019-09-13 14:03:39.642  INFO 1 --- [main] o.apache.catalina.core.StandardService   : Starting service [Tomcat]
2019-09-13 14:03:39.643  INFO 1 --- [main] org.apache.catalina.core.StandardEngine  : Starting Servlet Engine: Apache Tomcat/8.5.29
2019-09-13 14:03:39.717  INFO 1 --- [localhost-startStop-1] o.a.c.c.C.[Tomcat].[localhost].[/]       : Initializing Spring embedded WebApplicationContext
2019-09-13 14:03:39.717  INFO 1 --- [localhost-startStop-1] o.s.web.context.ContextLoader            : Root WebApplicationContext: initialization completed in 1048 ms
2019-09-13 14:03:39.813  INFO 1 --- [localhost-startStop-1] o.s.b.w.servlet.ServletRegistrationBean  : Mapping servlet: 'dispatcherServlet' to [/*]
2019-09-13 14:03:39.818  INFO 1 --- [localhost-startStop-1] o.s.b.w.servlet.FilterRegistrationBean   : Mapping filter: 'characterEncodingFilter' to: [/*]
2019-09-13 14:03:39.819  INFO 1 --- [localhost-startStop-1] o.s.b.w.servlet.FilterRegistrationBean   : Mapping filter: 'hiddenHttpMethodFilter' to: [/*]
2019-09-13 14:03:39.819  INFO 1 --- [localhost-startStop-1] o.s.b.w.servlet.FilterRegistrationBean   : Mapping filter: 'httpPutFormContentFilter' to: [/*]
2019-09-13 14:03:39.819  INFO 1 --- [localhost-startStop-1] o.s.b.w.servlet.FilterRegistrationBean   : Mapping filter: 'requestContextFilter' to: [/*]
2019-09-13 14:03:40.056  INFO 1 --- [main] s.w.s.m.m.a.RequestMappingHandlerAdapter : Looking for @ControllerAdvice: org.springframework.boot.context.embedded.AnnotationConfigEmbeddedWebApplicationContext@7f45ec70: startup date [Fri Sep 13 14:03:38 UTC 2019]; root of context hierarchy
2019-09-13 14:03:40.151  INFO 1 --- [main] s.w.s.m.m.a.RequestMappingHandlerMapping : Mapped "{[/properties],methods=[GET]}" onto public org.springframework.http.ResponseEntity<java.lang.Object> ar.org.leafnoise.template.rest.controller.ApplicationController.getProperties()
2019-09-13 14:03:40.152  INFO 1 --- [main] s.w.s.m.m.a.RequestMappingHandlerMapping : Mapped "{[/alive],methods=[GET]}" onto public org.springframework.http.ResponseEntity<java.lang.Object> ar.org.leafnoise.template.rest.controller.ApplicationController.status()
2019-09-13 14:03:40.154  INFO 1 --- [main] s.w.s.m.m.a.RequestMappingHandlerMapping : Mapped "{[/api/v1/ejemplos],methods=[GET]}" onto public org.springframework.http.ResponseEntity<java.lang.Object> ar.org.leafnoise.template.rest.controller.ExampleController.getExample()
2019-09-13 14:03:40.155  INFO 1 --- [main] s.w.s.m.m.a.RequestMappingHandlerMapping : Mapped "{[/api/v1/ejemplos/{number}],methods=[GET]}" onto public org.springframework.http.ResponseEntity<java.lang.Object> ar.org.leafnoise.template.rest.controller.ExampleController.getExampleNumber(java.lang.Integer)
2019-09-13 14:03:40.158  INFO 1 --- [main] s.w.s.m.m.a.RequestMappingHandlerMapping : Mapped "{[/error],produces=[text/html]}" onto public org.springframework.web.servlet.ModelAndView org.springframework.boot.autoconfigure.web.BasicErrorController.errorHtml(javax.servlet.http.HttpServletRequest,javax.servlet.http.HttpServletResponse)
2019-09-13 14:03:40.158  INFO 1 --- [main] s.w.s.m.m.a.RequestMappingHandlerMapping : Mapped "{[/error]}" onto public org.springframework.http.ResponseEntity<java.util.Map<java.lang.String, java.lang.Object>> org.springframework.boot.autoconfigure.web.BasicErrorController.error(javax.servlet.http.HttpServletRequest)
2019-09-13 14:03:40.187  INFO 1 --- [main] o.s.w.s.handler.SimpleUrlHandlerMapping  : Mapped URL path [/webjars/**] onto handler of type [class org.springframework.web.servlet.resource.ResourceHttpRequestHandler]
2019-09-13 14:03:40.188  INFO 1 --- [main] o.s.w.s.handler.SimpleUrlHandlerMapping  : Mapped URL path [/**] onto handler of type [class org.springframework.web.servlet.resource.ResourceHttpRequestHandler]
2019-09-13 14:03:40.225  INFO 1 --- [main] o.s.w.s.handler.SimpleUrlHandlerMapping  : Mapped URL path [/**/favicon.ico] onto handler of type [class org.springframework.web.servlet.resource.ResourceHttpRequestHandler]
2019-09-13 14:03:40.358  INFO 1 --- [main] o.s.j.e.a.AnnotationMBeanExporter        : Registering beans for JMX exposure on startup
2019-09-13 14:03:40.395  INFO 1 --- [main] s.b.c.e.t.TomcatEmbeddedServletContainer : Tomcat started on port(s): 8080 (http)
2019-09-13 14:03:40.401  INFO 1 --- [main] a.o.leafnoise.template.rest.Application  : Started Application in 2.063 seconds (JVM running for 6.96)
2019-09-13 14:03:55.181  INFO 1 --- [http-nio-8080-exec-1] o.a.c.c.C.[Tomcat].[localhost].[/]       : Initializing Spring FrameworkServlet 'dispatcherServlet'
2019-09-13 14:03:55.181  INFO 1 --- [http-nio-8080-exec-1] o.s.web.servlet.DispatcherServlet        : FrameworkServlet 'dispatcherServlet': initialization started
2019-09-13 14:03:55.191  INFO 1 --- [http-nio-8080-exec-1] o.s.web.servlet.DispatcherServlet        : FrameworkServlet 'dispatcherServlet': initialization completed in 10 ms
2019-09-13 14:04:00.670  INFO 1 --- [Thread-4] ationConfigEmbeddedWebApplicationContext : Closing org.springframework.boot.context.embedded.AnnotationConfigEmbeddedWebApplicationContext@7f45ec70: startup date [Fri Sep 13 14:03:38 UTC 2019]; root of context hierarchy
2019-09-13 14:04:00.674  INFO 1 --- [Thread-4] o.s.j.e.a.AnnotationMBeanExporter        : Unregistering JMX-exposed beans on shutdown
2019-09-13 14:08:07.367  INFO 1 --- [main] a.o.leafnoise.template.rest.Application  : Starting Application on 9afd1f2859cc with PID 1 (/var/volume/codigo/target/classes started by root in /)
2019-09-13 14:08:07.368  INFO 1 --- [main] a.o.leafnoise.template.rest.Application  : No active profile set, falling back to default profiles: default
2019-09-13 14:08:07.413  INFO 1 --- [main] ationConfigEmbeddedWebApplicationContext : Refreshing org.springframework.boot.context.embedded.AnnotationConfigEmbeddedWebApplicationContext@48ca07db: startup date [Fri Sep 13 14:08:07 UTC 2019]; root of context hierarchy
2019-09-13 14:08:08.345  INFO 1 --- [main] s.b.c.e.t.TomcatEmbeddedServletContainer : Tomcat initialized with port(s): 8080 (http)
2019-09-13 14:08:08.368  INFO 1 --- [main] o.apache.catalina.core.StandardService   : Starting service [Tomcat]
2019-09-13 14:08:08.368  INFO 1 --- [main] org.apache.catalina.core.StandardEngine  : Starting Servlet Engine: Apache Tomcat/8.5.29
2019-09-13 14:08:08.454  INFO 1 --- [localhost-startStop-1] o.a.c.c.C.[Tomcat].[localhost].[/]       : Initializing Spring embedded WebApplicationContext
2019-09-13 14:08:08.455  INFO 1 --- [localhost-startStop-1] o.s.web.context.ContextLoader            : Root WebApplicationContext: initialization completed in 1042 ms
2019-09-13 14:08:08.588  INFO 1 --- [localhost-startStop-1] o.s.b.w.servlet.ServletRegistrationBean  : Mapping servlet: 'dispatcherServlet' to [/*]
2019-09-13 14:08:08.592  INFO 1 --- [localhost-startStop-1] o.s.b.w.servlet.FilterRegistrationBean   : Mapping filter: 'characterEncodingFilter' to: [/*]
2019-09-13 14:08:08.593  INFO 1 --- [localhost-startStop-1] o.s.b.w.servlet.FilterRegistrationBean   : Mapping filter: 'hiddenHttpMethodFilter' to: [/*]
2019-09-13 14:08:08.593  INFO 1 --- [localhost-startStop-1] o.s.b.w.servlet.FilterRegistrationBean   : Mapping filter: 'httpPutFormContentFilter' to: [/*]
2019-09-13 14:08:08.593  INFO 1 --- [localhost-startStop-1] o.s.b.w.servlet.FilterRegistrationBean   : Mapping filter: 'requestContextFilter' to: [/*]
2019-09-13 14:08:08.839  INFO 1 --- [main] s.w.s.m.m.a.RequestMappingHandlerAdapter : Looking for @ControllerAdvice: org.springframework.boot.context.embedded.AnnotationConfigEmbeddedWebApplicationContext@48ca07db: startup date [Fri Sep 13 14:08:07 UTC 2019]; root of context hierarchy
2019-09-13 14:08:08.896  INFO 1 --- [main] s.w.s.m.m.a.RequestMappingHandlerMapping : Mapped "{[/properties],methods=[GET]}" onto public org.springframework.http.ResponseEntity<java.lang.Object> ar.org.leafnoise.template.rest.controller.ApplicationController.getProperties()
2019-09-13 14:08:08.897  INFO 1 --- [main] s.w.s.m.m.a.RequestMappingHandlerMapping : Mapped "{[/alive],methods=[GET]}" onto public org.springframework.http.ResponseEntity<java.lang.Object> ar.org.leafnoise.template.rest.controller.ApplicationController.status()
2019-09-13 14:08:08.899  INFO 1 --- [main] s.w.s.m.m.a.RequestMappingHandlerMapping : Mapped "{[/api/v1/ejemplos],methods=[GET]}" onto public org.springframework.http.ResponseEntity<java.lang.Object> ar.org.leafnoise.template.rest.controller.ExampleController.getExample()
2019-09-13 14:08:08.900  INFO 1 --- [main] s.w.s.m.m.a.RequestMappingHandlerMapping : Mapped "{[/api/v1/ejemplos/{number}],methods=[GET]}" onto public org.springframework.http.ResponseEntity<java.lang.Object> ar.org.leafnoise.template.rest.controller.ExampleController.getExampleNumber(java.lang.Integer)
2019-09-13 14:08:08.903  INFO 1 --- [main] s.w.s.m.m.a.RequestMappingHandlerMapping : Mapped "{[/error],produces=[text/html]}" onto public org.springframework.web.servlet.ModelAndView org.springframework.boot.autoconfigure.web.BasicErrorController.errorHtml(javax.servlet.http.HttpServletRequest,javax.servlet.http.HttpServletResponse)
2019-09-13 14:08:08.903  INFO 1 --- [main] s.w.s.m.m.a.RequestMappingHandlerMapping : Mapped "{[/error]}" onto public org.springframework.http.ResponseEntity<java.util.Map<java.lang.String, java.lang.Object>> org.springframework.boot.autoconfigure.web.BasicErrorController.error(javax.servlet.http.HttpServletRequest)
2019-09-13 14:08:08.930  INFO 1 --- [main] o.s.w.s.handler.SimpleUrlHandlerMapping  : Mapped URL path [/webjars/**] onto handler of type [class org.springframework.web.servlet.resource.ResourceHttpRequestHandler]
2019-09-13 14:08:08.930  INFO 1 --- [main] o.s.w.s.handler.SimpleUrlHandlerMapping  : Mapped URL path [/**] onto handler of type [class org.springframework.web.servlet.resource.ResourceHttpRequestHandler]
2019-09-13 14:08:08.966  INFO 1 --- [main] o.s.w.s.handler.SimpleUrlHandlerMapping  : Mapped URL path [/**/favicon.ico] onto handler of type [class org.springframework.web.servlet.resource.ResourceHttpRequestHandler]
2019-09-13 14:08:09.113  INFO 1 --- [main] o.s.j.e.a.AnnotationMBeanExporter        : Registering beans for JMX exposure on startup
2019-09-13 14:08:09.144  INFO 1 --- [main] s.b.c.e.t.TomcatEmbeddedServletContainer : Tomcat started on port(s): 8080 (http)
2019-09-13 14:08:09.148  INFO 1 --- [main] a.o.leafnoise.template.rest.Application  : Started Application in 2.115 seconds (JVM running for 7.098)
2019-09-13 14:08:19.418  INFO 1 --- [http-nio-8080-exec-1] o.a.c.c.C.[Tomcat].[localhost].[/]       : Initializing Spring FrameworkServlet 'dispatcherServlet'
2019-09-13 14:08:19.419  INFO 1 --- [http-nio-8080-exec-1] o.s.web.servlet.DispatcherServlet        : FrameworkServlet 'dispatcherServlet': initialization started
2019-09-13 14:08:19.433  INFO 1 --- [http-nio-8080-exec-1] o.s.web.servlet.DispatcherServlet        : FrameworkServlet 'dispatcherServlet': initialization completed in 14 ms
2019-09-13 14:08:29.782  INFO 1 --- [Thread-4] ationConfigEmbeddedWebApplicationContext : Closing org.springframework.boot.context.embedded.AnnotationConfigEmbeddedWebApplicationContext@48ca07db: startup date [Fri Sep 13 14:08:07 UTC 2019]; root of context hierarchy
2019-09-13 14:08:29.788  INFO 1 --- [Thread-4] o.s.j.e.a.AnnotationMBeanExporter        : Unregistering JMX-exposed beans on shutdown
2019-09-13 14:18:45.930  INFO 1 --- [main] a.o.leafnoise.template.rest.Application  : Starting Application on 9afd1f2859cc with PID 1 (/var/volume/codigo/target/classes started by root in /)
2019-09-13 14:18:45.932  INFO 1 --- [main] a.o.leafnoise.template.rest.Application  : No active profile set, falling back to default profiles: default
2019-09-13 14:18:45.973  INFO 1 --- [main] ationConfigEmbeddedWebApplicationContext : Refreshing org.springframework.boot.context.embedded.AnnotationConfigEmbeddedWebApplicationContext@502d7a25: startup date [Fri Sep 13 14:18:45 UTC 2019]; root of context hierarchy
2019-09-13 14:18:46.879  INFO 1 --- [main] s.b.c.e.t.TomcatEmbeddedServletContainer : Tomcat initialized with port(s): 8080 (http)
2019-09-13 14:18:46.904  INFO 1 --- [main] o.apache.catalina.core.StandardService   : Starting service [Tomcat]
2019-09-13 14:18:46.905  INFO 1 --- [main] org.apache.catalina.core.StandardEngine  : Starting Servlet Engine: Apache Tomcat/8.5.29
2019-09-13 14:18:46.977  INFO 1 --- [localhost-startStop-1] o.a.c.c.C.[Tomcat].[localhost].[/]       : Initializing Spring embedded WebApplicationContext
2019-09-13 14:18:46.977  INFO 1 --- [localhost-startStop-1] o.s.web.context.ContextLoader            : Root WebApplicationContext: initialization completed in 1004 ms
2019-09-13 14:18:47.091  INFO 1 --- [localhost-startStop-1] o.s.b.w.servlet.ServletRegistrationBean  : Mapping servlet: 'dispatcherServlet' to [/*]
2019-09-13 14:18:47.095  INFO 1 --- [localhost-startStop-1] o.s.b.w.servlet.FilterRegistrationBean   : Mapping filter: 'characterEncodingFilter' to: [/*]
2019-09-13 14:18:47.095  INFO 1 --- [localhost-startStop-1] o.s.b.w.servlet.FilterRegistrationBean   : Mapping filter: 'hiddenHttpMethodFilter' to: [/*]
2019-09-13 14:18:47.095  INFO 1 --- [localhost-startStop-1] o.s.b.w.servlet.FilterRegistrationBean   : Mapping filter: 'httpPutFormContentFilter' to: [/*]
2019-09-13 14:18:47.096  INFO 1 --- [localhost-startStop-1] o.s.b.w.servlet.FilterRegistrationBean   : Mapping filter: 'requestContextFilter' to: [/*]
2019-09-13 14:18:47.350  INFO 1 --- [main] s.w.s.m.m.a.RequestMappingHandlerAdapter : Looking for @ControllerAdvice: org.springframework.boot.context.embedded.AnnotationConfigEmbeddedWebApplicationContext@502d7a25: startup date [Fri Sep 13 14:18:45 UTC 2019]; root of context hierarchy
2019-09-13 14:18:47.406  INFO 1 --- [main] s.w.s.m.m.a.RequestMappingHandlerMapping : Mapped "{[/properties],methods=[GET]}" onto public org.springframework.http.ResponseEntity<java.lang.Object> ar.org.leafnoise.template.rest.controller.ApplicationController.getProperties()
2019-09-13 14:18:47.407  INFO 1 --- [main] s.w.s.m.m.a.RequestMappingHandlerMapping : Mapped "{[/alive],methods=[GET]}" onto public org.springframework.http.ResponseEntity<java.lang.Object> ar.org.leafnoise.template.rest.controller.ApplicationController.status()
2019-09-13 14:18:47.409  INFO 1 --- [main] s.w.s.m.m.a.RequestMappingHandlerMapping : Mapped "{[/api/v1/ejemplos],methods=[GET]}" onto public org.springframework.http.ResponseEntity<java.lang.Object> ar.org.leafnoise.template.rest.controller.ExampleController.getExample()
2019-09-13 14:18:47.410  INFO 1 --- [main] s.w.s.m.m.a.RequestMappingHandlerMapping : Mapped "{[/api/v1/ejemplos/{number}],methods=[GET]}" onto public org.springframework.http.ResponseEntity<java.lang.Object> ar.org.leafnoise.template.rest.controller.ExampleController.getExampleNumber(java.lang.Integer)
2019-09-13 14:18:47.413  INFO 1 --- [main] s.w.s.m.m.a.RequestMappingHandlerMapping : Mapped "{[/error],produces=[text/html]}" onto public org.springframework.web.servlet.ModelAndView org.springframework.boot.autoconfigure.web.BasicErrorController.errorHtml(javax.servlet.http.HttpServletRequest,javax.servlet.http.HttpServletResponse)
2019-09-13 14:18:47.414  INFO 1 --- [main] s.w.s.m.m.a.RequestMappingHandlerMapping : Mapped "{[/error]}" onto public org.springframework.http.ResponseEntity<java.util.Map<java.lang.String, java.lang.Object>> org.springframework.boot.autoconfigure.web.BasicErrorController.error(javax.servlet.http.HttpServletRequest)
2019-09-13 14:18:47.443  INFO 1 --- [main] o.s.w.s.handler.SimpleUrlHandlerMapping  : Mapped URL path [/webjars/**] onto handler of type [class org.springframework.web.servlet.resource.ResourceHttpRequestHandler]
2019-09-13 14:18:47.444  INFO 1 --- [main] o.s.w.s.handler.SimpleUrlHandlerMapping  : Mapped URL path [/**] onto handler of type [class org.springframework.web.servlet.resource.ResourceHttpRequestHandler]
2019-09-13 14:18:47.481  INFO 1 --- [main] o.s.w.s.handler.SimpleUrlHandlerMapping  : Mapped URL path [/**/favicon.ico] onto handler of type [class org.springframework.web.servlet.resource.ResourceHttpRequestHandler]
2019-09-13 14:18:47.621  INFO 1 --- [main] o.s.j.e.a.AnnotationMBeanExporter        : Registering beans for JMX exposure on startup
2019-09-13 14:18:47.659  INFO 1 --- [main] s.b.c.e.t.TomcatEmbeddedServletContainer : Tomcat started on port(s): 8080 (http)
2019-09-13 14:18:47.664  INFO 1 --- [main] a.o.leafnoise.template.rest.Application  : Started Application in 2.094 seconds (JVM running for 7.162)
2019-09-13 14:18:50.450  INFO 1 --- [Thread-4] ationConfigEmbeddedWebApplicationContext : Closing org.springframework.boot.context.embedded.AnnotationConfigEmbeddedWebApplicationContext@502d7a25: startup date [Fri Sep 13 14:18:45 UTC 2019]; root of context hierarchy
2019-09-13 14:18:50.451  INFO 1 --- [Thread-4] o.s.j.e.a.AnnotationMBeanExporter        : Unregistering JMX-exposed beans on shutdown
