2020-05-26 20:26:14,012 INFO  [org.jboss.modules] (main) JBoss Modules version 1.6.0.Final-redhat-1
2020-05-26 20:26:14,619 INFO  [org.jboss.msc] (main) JBoss MSC version 1.2.7.SP1-redhat-1
2020-05-26 20:26:14,883 INFO  [org.jboss.as] (MSC service thread 1-7) WFLYSRV0049: JBoss EAP 7.1.0.GA (WildFly Core 3.0.10.Final-redhat-1) starting
2020-05-26 20:26:14,885 DEBUG [org.jboss.as.config] (MSC service thread 1-7) Configured system properties:
	[Server:server-two] = 
	awt.toolkit = sun.awt.X11.XToolkit
	file.encoding = UTF-8
	file.encoding.pkg = sun.io
	file.separator = /
	java.awt.graphicsenv = sun.awt.X11GraphicsEnvironment
	java.awt.headless = true
	java.awt.printerjob = sun.print.PSPrinterJob
	java.class.path = /volumes/jboss/jboss-modules.jar
	java.class.version = 52.0
	java.endorsed.dirs = /usr/lib/jvm/java-1.8-openjdk/jre/lib/endorsed
	java.ext.dirs = /usr/lib/jvm/java-1.8-openjdk/jre/lib/ext:/usr/java/packages/lib/ext
	java.home = /usr/lib/jvm/java-1.8-openjdk/jre
	java.io.tmpdir = /tmp
	java.library.path = /usr/lib/jvm/java-1.8-openjdk/jre/lib/amd64/server:/usr/lib/jvm/java-1.8-openjdk/jre/lib/amd64:/usr/lib/jvm/java-1.8-openjdk/jre/../lib/amd64:/usr/java/packages/lib/amd64:/usr/lib64:/lib64:/lib:/usr/lib
	java.net.preferIPv4Stack = true
	java.runtime.name = OpenJDK Runtime Environment
	java.runtime.version = 1.8.0_212-b04
	java.specification.name = Java Platform API Specification
	java.specification.vendor = Oracle Corporation
	java.specification.version = 1.8
	java.util.logging.manager = org.jboss.logmanager.LogManager
	java.vendor = IcedTea
	java.vendor.url = https://icedtea.classpath.org
	java.vendor.url.bug = https://icedtea.classpath.org/bugzilla
	java.version = 1.8.0_212
	java.vm.info = mixed mode
	java.vm.name = OpenJDK 64-Bit Server VM
	java.vm.specification.name = Java Virtual Machine Specification
	java.vm.specification.vendor = Oracle Corporation
	java.vm.specification.version = 1.8
	java.vm.vendor = IcedTea
	java.vm.version = 25.212-b04
	javax.management.builder.initial = org.jboss.as.jmx.PluggableMBeanServerBuilder
	javax.xml.datatype.DatatypeFactory = __redirected.__DatatypeFactory
	javax.xml.parsers.DocumentBuilderFactory = __redirected.__DocumentBuilderFactory
	javax.xml.parsers.SAXParserFactory = __redirected.__SAXParserFactory
	javax.xml.stream.XMLEventFactory = __redirected.__XMLEventFactory
	javax.xml.stream.XMLInputFactory = __redirected.__XMLInputFactory
	javax.xml.stream.XMLOutputFactory = __redirected.__XMLOutputFactory
	javax.xml.transform.TransformerFactory = __redirected.__TransformerFactory
	javax.xml.validation.SchemaFactory:http://www.w3.org/2001/XMLSchema = __redirected.__SchemaFactory
	javax.xml.xpath.XPathFactory:http://java.sun.com/jaxp/xpath/dom = __redirected.__XPathFactory
	jboss.bind.address = 0.0.0.0
	jboss.bind.address.management = 0.0.0.0
	jboss.boot.server.log.level = DEBUG
	jboss.domain.base.dir = /volumes/jboss/domain
	jboss.domain.config.dir = /volumes/jboss/domain/configuration
	jboss.home.dir = /volumes/jboss
	jboss.host.name = ca9b5080bd6d
	jboss.management.http.port = 9990
	jboss.modules.dir = /volumes/jboss/modules
	jboss.modules.system.pkgs = org.jboss.byteman
	jboss.node.name = master:server-two
	jboss.qualified.host.name = ca9b5080bd6d
	jboss.server.base.dir = /volumes/jboss/domain/servers/server-two
	jboss.server.config.dir = /volumes/jboss/domain/servers/server-two/configuration
	jboss.server.data.dir = /volumes/jboss/domain/servers/server-two/data
	jboss.server.deploy.dir = /volumes/jboss/domain/servers/server-two/data/content
	jboss.server.log.dir = /volumes/jboss/domain/servers/server-two/log
	jboss.server.name = server-two
	jboss.server.persist.config = true
	jboss.server.temp.dir = /volumes/jboss/domain/servers/server-two/tmp
	line.separator = 

	logging.configuration = file:/volumes/jboss/domain/configuration/default-server-logging.properties
	module.path = /volumes/jboss/modules
	org.jboss.as.logging.per-deployment = false
	org.jboss.boot.log.file = /volumes/jboss/domain/servers/server-two/log/server.log
	org.jboss.resolver.warning = true
	org.xml.sax.driver = __redirected.__XMLReaderFactory
	os.arch = amd64
	os.name = Linux
	os.version = 5.3.0-53-generic
	path.separator = :
	sun.arch.data.model = 64
	sun.boot.class.path = /usr/lib/jvm/java-1.8-openjdk/jre/lib/resources.jar:/usr/lib/jvm/java-1.8-openjdk/jre/lib/rt.jar:/usr/lib/jvm/java-1.8-openjdk/jre/lib/sunrsasign.jar:/usr/lib/jvm/java-1.8-openjdk/jre/lib/jsse.jar:/usr/lib/jvm/java-1.8-openjdk/jre/lib/jce.jar:/usr/lib/jvm/java-1.8-openjdk/jre/lib/charsets.jar:/usr/lib/jvm/java-1.8-openjdk/jre/lib/jfr.jar:/usr/lib/jvm/java-1.8-openjdk/jre/classes
	sun.boot.library.path = /usr/lib/jvm/java-1.8-openjdk/jre/lib/amd64
	sun.cpu.endian = little
	sun.cpu.isalist = 
	sun.io.unicode.encoding = UnicodeLittle
	sun.java.command = /volumes/jboss/jboss-modules.jar -mp /volumes/jboss/modules org.jboss.as.server
	sun.java.launcher = SUN_STANDARD
	sun.jnu.encoding = UTF-8
	sun.management.compiler = HotSpot 64-Bit Tiered Compilers
	sun.os.patch.level = unknown
	user.country = US
	user.dir = /volumes/jboss
	user.home = /root
	user.language = en
	user.name = root
	user.timezone = GMT
2020-05-26 20:26:14,886 DEBUG [org.jboss.as.config] (MSC service thread 1-7) VM Arguments: -D[Server:server-two] -Xms1000m -Xmx1000m -XX:MetaspaceSize=96m -XX:MaxMetaspaceSize=256m -Djava.awt.headless=true -Djava.net.preferIPv4Stack=true -Djboss.bind.address=0.0.0.0 -Djboss.bind.address.management=0.0.0.0 -Djboss.boot.server.log.level=DEBUG -Djboss.home.dir=/volumes/jboss -Djboss.management.http.port=9990 -Djboss.modules.system.pkgs=org.jboss.byteman -Dorg.jboss.as.logging.per-deployment=false -Djboss.server.log.dir=/volumes/jboss/domain/servers/server-two/log -Djboss.server.temp.dir=/volumes/jboss/domain/servers/server-two/tmp -Djboss.server.data.dir=/volumes/jboss/domain/servers/server-two/data -Dorg.jboss.boot.log.file=/volumes/jboss/domain/servers/server-two/log/server.log -Dlogging.configuration=file:/volumes/jboss/domain/configuration/default-server-logging.properties 
2020-05-26 20:26:14,958 INFO  [org.xnio] (MSC service thread 1-2) XNIO version 3.5.4.Final-redhat-1
2020-05-26 20:26:14,964 INFO  [org.xnio.nio] (MSC service thread 1-2) XNIO NIO Implementation Version 3.5.4.Final-redhat-1
2020-05-26 20:26:14,996 INFO  [org.jboss.remoting] (MSC service thread 1-4) JBoss Remoting version 5.0.5.Final-redhat-1
2020-05-26 20:26:15,349 INFO  [org.wildfly.security] (ServerService Thread Pool -- 2) ELY00001: WildFly Elytron version 1.1.7.Final-redhat-1
2020-05-26 20:26:16,219 INFO  [org.jboss.as.controller.management-deprecated] (ServerService Thread Pool -- 28) WFLYCTL0028: Attribute 'security-realm' in the resource at address '/subsystem=undertow/server=default-server/https-listener=https' is deprecated, and may be removed in future version. See the attribute description in the output of the read-resource-description operation to learn more about the deprecation.
2020-05-26 20:26:16,430 INFO  [org.jboss.as.webservices] (ServerService Thread Pool -- 36) WFLYWS0002: Activating WebServices Extension
2020-05-26 20:26:16,448 WARN  [org.jboss.as.txn] (ServerService Thread Pool -- 38) WFLYTX0013: The node-identifier attribute on the /subsystem=transactions is set to the default value. This is a danger for environments running multiple servers. Please make sure the attribute value is unique.
2020-05-26 20:26:16,458 INFO  [org.jboss.as.security] (ServerService Thread Pool -- 40) WFLYSEC0002: Activating Security Subsystem
2020-05-26 20:26:16,475 INFO  [org.wildfly.extension.undertow] (MSC service thread 1-7) WFLYUT0003: Undertow 1.4.18.Final-redhat-2 starting
2020-05-26 20:26:16,468 INFO  [org.jboss.as.security] (MSC service thread 1-4) WFLYSEC0001: Current PicketBox version=5.0.2.Final-redhat-1
2020-05-26 20:26:16,485 INFO  [org.wildfly.extension.undertow] (ServerService Thread Pool -- 37) WFLYUT0014: Creating file handler for path '/volumes/jboss/welcome-content' with options [directory-listing: 'false', follow-symlink: 'false', case-sensitive: 'true', safe-symlink-paths: '[]']
2020-05-26 20:26:16,530 INFO  [org.jboss.as.naming] (ServerService Thread Pool -- 46) WFLYNAM0001: Activating Naming Subsystem
2020-05-26 20:26:16,560 INFO  [org.jboss.as.naming] (MSC service thread 1-4) WFLYNAM0003: Starting Naming Service
2020-05-26 20:26:16,611 INFO  [org.jboss.as.jsf] (ServerService Thread Pool -- 50) WFLYJSF0007: Activated the following JSF Implementations: [main]
2020-05-26 20:26:16,627 INFO  [org.jboss.as.mail.extension] (MSC service thread 1-2) WFLYMAIL0001: Bound mail session [java:jboss/mail/Default]
2020-05-26 20:26:16,654 INFO  [org.jboss.as.jaxrs] (ServerService Thread Pool -- 55) WFLYRS0016: RESTEasy version 3.0.24.Final-redhat-1
2020-05-26 20:26:16,661 INFO  [org.jboss.as.connector] (MSC service thread 1-7) WFLYJCA0009: Starting JCA Subsystem (WildFly/IronJacamar 1.4.6.Final-redhat-1)
2020-05-26 20:26:16,699 INFO  [org.jboss.as.clustering.infinispan] (ServerService Thread Pool -- 57) WFLYCLINF0001: Activating Infinispan subsystem.
2020-05-26 20:26:16,702 INFO  [org.wildfly.iiop.openjdk] (ServerService Thread Pool -- 56) WFLYIIOP0001: Activating IIOP Subsystem
2020-05-26 20:26:16,745 INFO  [org.wildfly.extension.io] (ServerService Thread Pool -- 58) WFLYIO001: Worker 'default' has auto-configured to 16 core threads with 128 task threads based on your 8 available processors
2020-05-26 20:26:16,917 INFO  [org.jboss.as.connector.subsystems.datasources] (ServerService Thread Pool -- 62) WFLYJCA0004: Deploying JDBC-compliant driver class org.h2.Driver (version 1.4)
2020-05-26 20:26:16,930 INFO  [org.jboss.as.connector.deployers.jdbc] (MSC service thread 1-8) WFLYJCA0018: Started Driver service with driver-name = h2
2020-05-26 20:26:17,019 INFO  [org.jboss.as.ejb3] (MSC service thread 1-7) WFLYEJB0482: Strict pool mdb-strict-max-pool is using a max instance size of 32 (per class), which is derived from the number of CPUs on this host.
2020-05-26 20:26:17,019 INFO  [org.jboss.as.ejb3] (MSC service thread 1-6) WFLYEJB0481: Strict pool slsb-strict-max-pool is using a max instance size of 128 (per class), which is derived from thread worker pool sizing.
2020-05-26 20:26:17,033 INFO  [org.wildfly.extension.undertow] (MSC service thread 1-7) WFLYUT0012: Started server default-server.
2020-05-26 20:26:17,037 INFO  [org.wildfly.extension.undertow] (MSC service thread 1-5) WFLYUT0018: Host default-host starting
2020-05-26 20:26:17,193 INFO  [org.wildfly.extension.undertow] (MSC service thread 1-7) WFLYUT0006: Undertow HTTP listener default listening on 0.0.0.0:8230
2020-05-26 20:26:17,251 INFO  [org.jboss.as.ejb3] (MSC service thread 1-7) WFLYEJB0493: EJB subsystem suspension complete
2020-05-26 20:26:17,464 INFO  [org.jboss.as.connector.subsystems.datasources] (MSC service thread 1-2) WFLYJCA0001: Bound data source [java:jboss/datasources/ExampleDS]
2020-05-26 20:26:17,560 INFO  [org.wildfly.iiop.openjdk] (MSC service thread 1-3) WFLYIIOP0009: CORBA ORB Service started
2020-05-26 20:26:17,635 INFO  [org.wildfly.extension.messaging-activemq] (MSC service thread 1-4) WFLYMSGAMQ0075: AIO wasn't located on this platform, it will fall back to using pure Java NIO. Your platform is Linux, install LibAIO to enable the AIO journal and achieve optimal performance.
2020-05-26 20:26:17,668 INFO  [org.jboss.as.patching] (MSC service thread 1-2) WFLYPAT0050: JBoss EAP cumulative patch ID is: base, one-off patches include: none
2020-05-26 20:26:17,740 WARN  [org.jboss.as.domain.management.security] (MSC service thread 1-2) WFLYDM0111: Keystore /volumes/jboss/domain/configuration/application.keystore not found, it will be auto generated on first use with a self signed certificate for host localhost
2020-05-26 20:26:17,794 INFO  [org.wildfly.extension.undertow] (MSC service thread 1-7) WFLYUT0006: Undertow HTTPS listener https listening on 0.0.0.0:8593
2020-05-26 20:26:17,872 INFO  [org.jboss.ws.common.management] (MSC service thread 1-8) JBWS022052: Starting JBossWS 5.1.9.Final-redhat-1 (Apache CXF 3.1.12.redhat-1) 
2020-05-26 20:26:17,898 INFO  [org.apache.activemq.artemis.core.server] (ServerService Thread Pool -- 66) AMQ221000: live Message Broker is starting with configuration Broker Configuration (clustered=false,journalDirectory=/volumes/jboss/domain/servers/server-two/data/activemq/journal,bindingsDirectory=/volumes/jboss/domain/servers/server-two/data/activemq/bindings,largeMessagesDirectory=/volumes/jboss/domain/servers/server-two/data/activemq/largemessages,pagingDirectory=/volumes/jboss/domain/servers/server-two/data/activemq/paging)
2020-05-26 20:26:17,938 INFO  [org.apache.activemq.artemis.core.server] (ServerService Thread Pool -- 66) AMQ221013: Using NIO Journal
2020-05-26 20:26:18,016 INFO  [org.apache.activemq.artemis.core.server] (ServerService Thread Pool -- 66) AMQ221043: Protocol module found: [artemis-server]. Adding protocol support for: CORE
2020-05-26 20:26:18,018 INFO  [org.apache.activemq.artemis.core.server] (ServerService Thread Pool -- 66) AMQ221043: Protocol module found: [artemis-hornetq-protocol]. Adding protocol support for: HORNETQ
2020-05-26 20:26:18,607 INFO  [org.wildfly.extension.messaging-activemq] (MSC service thread 1-4) WFLYMSGAMQ0016: Registered HTTP upgrade for activemq-remoting protocol handled by http-acceptor acceptor
2020-05-26 20:26:18,608 INFO  [org.wildfly.extension.messaging-activemq] (MSC service thread 1-4) WFLYMSGAMQ0016: Registered HTTP upgrade for activemq-remoting protocol handled by http-acceptor-throughput acceptor
2020-05-26 20:26:18,607 INFO  [org.wildfly.extension.messaging-activemq] (MSC service thread 1-2) WFLYMSGAMQ0016: Registered HTTP upgrade for activemq-remoting protocol handled by http-acceptor-throughput acceptor
2020-05-26 20:26:18,607 INFO  [org.wildfly.extension.messaging-activemq] (MSC service thread 1-3) WFLYMSGAMQ0016: Registered HTTP upgrade for activemq-remoting protocol handled by http-acceptor acceptor
2020-05-26 20:26:18,713 INFO  [org.apache.activemq.artemis.core.server] (ServerService Thread Pool -- 66) AMQ221007: Server is now live
2020-05-26 20:26:18,713 INFO  [org.apache.activemq.artemis.core.server] (ServerService Thread Pool -- 66) AMQ221001: Apache ActiveMQ Artemis Message Broker version 1.5.5.008-redhat-1 [default, nodeID=2766f56c-9f8f-11ea-acb1-0242ac130002] 
2020-05-26 20:26:18,716 WARN  [org.apache.activemq.artemis.jms.server] (ServerService Thread Pool -- 66) AMQ122005: Invalid "host" value "0.0.0.0" detected for "http-connector" connector. Switching to "ca9b5080bd6d". If this new address is incorrect please manually configure the connector to use the proper one.
2020-05-26 20:26:18,741 INFO  [org.wildfly.extension.messaging-activemq] (ServerService Thread Pool -- 66) WFLYMSGAMQ0002: Bound messaging object to jndi name java:jboss/exported/jms/RemoteConnectionFactory
2020-05-26 20:26:18,806 INFO  [org.wildfly.extension.messaging-activemq] (ServerService Thread Pool -- 67) WFLYMSGAMQ0002: Bound messaging object to jndi name java:/ConnectionFactory
2020-05-26 20:26:18,808 INFO  [org.apache.activemq.artemis.core.server] (ServerService Thread Pool -- 69) AMQ221003: Deploying queue jms.queue.ExpiryQueue
2020-05-26 20:26:18,923 INFO  [org.jboss.as.connector.deployment] (MSC service thread 1-4) WFLYJCA0007: Registered connection factory java:/JmsXA
2020-05-26 20:26:18,954 INFO  [org.apache.activemq.artemis.core.server] (ServerService Thread Pool -- 68) AMQ221003: Deploying queue jms.queue.DLQ
2020-05-26 20:26:19,053 INFO  [org.apache.activemq.artemis.ra] (MSC service thread 1-4) Resource adaptor started
2020-05-26 20:26:19,053 INFO  [org.jboss.as.connector.services.resourceadapters.ResourceAdapterActivatorService$ResourceAdapterActivator] (MSC service thread 1-4) IJ020002: Deployed: file://RaActivatoractivemq-ra
2020-05-26 20:26:19,054 INFO  [org.jboss.as.connector.deployment] (MSC service thread 1-4) WFLYJCA0002: Bound JCA ConnectionFactory [java:/JmsXA]
2020-05-26 20:26:19,055 INFO  [org.wildfly.extension.messaging-activemq] (MSC service thread 1-4) WFLYMSGAMQ0002: Bound messaging object to jndi name java:jboss/DefaultJMSConnectionFactory
2020-05-26 20:26:19,156 INFO  [org.jboss.as.server] (Controller Boot Thread) WFLYSRV0212: Resuming server
2020-05-26 20:26:19,161 INFO  [org.jboss.as] (Controller Boot Thread) WFLYSRV0025: JBoss EAP 7.1.0.GA (WildFly Core 3.0.10.Final-redhat-1) started in 5937ms - Started 314 of 579 services (360 services are lazy, passive or on-demand)
2020-05-26 20:28:23,955 INFO  [org.jboss.modules] (main) JBoss Modules version 1.6.0.Final-redhat-1
2020-05-26 20:28:24,638 INFO  [org.jboss.msc] (main) JBoss MSC version 1.2.7.SP1-redhat-1
2020-05-26 20:28:24,824 INFO  [org.jboss.as] (MSC service thread 1-8) WFLYSRV0049: JBoss EAP 7.1.0.GA (WildFly Core 3.0.10.Final-redhat-1) starting
2020-05-26 20:28:24,825 DEBUG [org.jboss.as.config] (MSC service thread 1-8) Configured system properties:
	[Server:server-two] = 
	awt.toolkit = sun.awt.X11.XToolkit
	file.encoding = UTF-8
	file.encoding.pkg = sun.io
	file.separator = /
	java.awt.graphicsenv = sun.awt.X11GraphicsEnvironment
	java.awt.headless = true
	java.awt.printerjob = sun.print.PSPrinterJob
	java.class.path = /volumes/jboss/jboss-modules.jar
	java.class.version = 52.0
	java.endorsed.dirs = /usr/lib/jvm/java-1.8-openjdk/jre/lib/endorsed
	java.ext.dirs = /usr/lib/jvm/java-1.8-openjdk/jre/lib/ext:/usr/java/packages/lib/ext
	java.home = /usr/lib/jvm/java-1.8-openjdk/jre
	java.io.tmpdir = /tmp
	java.library.path = /usr/lib/jvm/java-1.8-openjdk/jre/lib/amd64/server:/usr/lib/jvm/java-1.8-openjdk/jre/lib/amd64:/usr/lib/jvm/java-1.8-openjdk/jre/../lib/amd64:/usr/java/packages/lib/amd64:/usr/lib64:/lib64:/lib:/usr/lib
	java.net.preferIPv4Stack = true
	java.runtime.name = OpenJDK Runtime Environment
	java.runtime.version = 1.8.0_212-b04
	java.specification.name = Java Platform API Specification
	java.specification.vendor = Oracle Corporation
	java.specification.version = 1.8
	java.util.logging.manager = org.jboss.logmanager.LogManager
	java.vendor = IcedTea
	java.vendor.url = https://icedtea.classpath.org
	java.vendor.url.bug = https://icedtea.classpath.org/bugzilla
	java.version = 1.8.0_212
	java.vm.info = mixed mode
	java.vm.name = OpenJDK 64-Bit Server VM
	java.vm.specification.name = Java Virtual Machine Specification
	java.vm.specification.vendor = Oracle Corporation
	java.vm.specification.version = 1.8
	java.vm.vendor = IcedTea
	java.vm.version = 25.212-b04
	javax.management.builder.initial = org.jboss.as.jmx.PluggableMBeanServerBuilder
	javax.xml.datatype.DatatypeFactory = __redirected.__DatatypeFactory
	javax.xml.parsers.DocumentBuilderFactory = __redirected.__DocumentBuilderFactory
	javax.xml.parsers.SAXParserFactory = __redirected.__SAXParserFactory
	javax.xml.stream.XMLEventFactory = __redirected.__XMLEventFactory
	javax.xml.stream.XMLInputFactory = __redirected.__XMLInputFactory
	javax.xml.stream.XMLOutputFactory = __redirected.__XMLOutputFactory
	javax.xml.transform.TransformerFactory = __redirected.__TransformerFactory
	javax.xml.validation.SchemaFactory:http://www.w3.org/2001/XMLSchema = __redirected.__SchemaFactory
	javax.xml.xpath.XPathFactory:http://java.sun.com/jaxp/xpath/dom = __redirected.__XPathFactory
	jboss.bind.address = 0.0.0.0
	jboss.bind.address.management = 0.0.0.0
	jboss.boot.server.log.level = DEBUG
	jboss.domain.base.dir = /volumes/jboss/domain
	jboss.domain.config.dir = /volumes/jboss/domain/configuration
	jboss.home.dir = /volumes/jboss
	jboss.host.name = f74d2681c701
	jboss.management.http.port = 9990
	jboss.modules.dir = /volumes/jboss/modules
	jboss.modules.system.pkgs = org.jboss.byteman
	jboss.node.name = master:server-two
	jboss.qualified.host.name = f74d2681c701
	jboss.server.base.dir = /volumes/jboss/domain/servers/server-two
	jboss.server.config.dir = /volumes/jboss/domain/servers/server-two/configuration
	jboss.server.data.dir = /volumes/jboss/domain/servers/server-two/data
	jboss.server.deploy.dir = /volumes/jboss/domain/servers/server-two/data/content
	jboss.server.log.dir = /volumes/jboss/domain/servers/server-two/log
	jboss.server.name = server-two
	jboss.server.persist.config = true
	jboss.server.temp.dir = /volumes/jboss/domain/servers/server-two/tmp
	line.separator = 

	logging.configuration = file:/volumes/jboss/domain/servers/server-two/data/logging.properties
	module.path = /volumes/jboss/modules
	org.jboss.as.logging.per-deployment = false
	org.jboss.resolver.warning = true
	org.xml.sax.driver = __redirected.__XMLReaderFactory
	os.arch = amd64
	os.name = Linux
	os.version = 5.3.0-53-generic
	path.separator = :
	sun.arch.data.model = 64
	sun.boot.class.path = /usr/lib/jvm/java-1.8-openjdk/jre/lib/resources.jar:/usr/lib/jvm/java-1.8-openjdk/jre/lib/rt.jar:/usr/lib/jvm/java-1.8-openjdk/jre/lib/sunrsasign.jar:/usr/lib/jvm/java-1.8-openjdk/jre/lib/jsse.jar:/usr/lib/jvm/java-1.8-openjdk/jre/lib/jce.jar:/usr/lib/jvm/java-1.8-openjdk/jre/lib/charsets.jar:/usr/lib/jvm/java-1.8-openjdk/jre/lib/jfr.jar:/usr/lib/jvm/java-1.8-openjdk/jre/classes
	sun.boot.library.path = /usr/lib/jvm/java-1.8-openjdk/jre/lib/amd64
	sun.cpu.endian = little
	sun.cpu.isalist = 
	sun.io.unicode.encoding = UnicodeLittle
	sun.java.command = /volumes/jboss/jboss-modules.jar -mp /volumes/jboss/modules org.jboss.as.server
	sun.java.launcher = SUN_STANDARD
	sun.jnu.encoding = UTF-8
	sun.management.compiler = HotSpot 64-Bit Tiered Compilers
	sun.os.patch.level = unknown
	user.country = US
	user.dir = /volumes/jboss
	user.home = /root
	user.language = en
	user.name = root
	user.timezone = GMT
2020-05-26 20:28:24,826 DEBUG [org.jboss.as.config] (MSC service thread 1-8) VM Arguments: -D[Server:server-two] -Xms1000m -Xmx1000m -XX:MetaspaceSize=96m -XX:MaxMetaspaceSize=256m -Djava.awt.headless=true -Djava.net.preferIPv4Stack=true -Djboss.bind.address=0.0.0.0 -Djboss.bind.address.management=0.0.0.0 -Djboss.boot.server.log.level=DEBUG -Djboss.home.dir=/volumes/jboss -Djboss.management.http.port=9990 -Djboss.modules.system.pkgs=org.jboss.byteman -Dorg.jboss.as.logging.per-deployment=false -Djboss.server.log.dir=/volumes/jboss/domain/servers/server-two/log -Djboss.server.temp.dir=/volumes/jboss/domain/servers/server-two/tmp -Djboss.server.data.dir=/volumes/jboss/domain/servers/server-two/data -Dlogging.configuration=file:/volumes/jboss/domain/servers/server-two/data/logging.properties 
2020-05-26 20:28:24,902 INFO  [org.xnio] (MSC service thread 1-8) XNIO version 3.5.4.Final-redhat-1
2020-05-26 20:28:24,918 INFO  [org.xnio.nio] (MSC service thread 1-8) XNIO NIO Implementation Version 3.5.4.Final-redhat-1
2020-05-26 20:28:24,963 INFO  [org.jboss.remoting] (MSC service thread 1-7) JBoss Remoting version 5.0.5.Final-redhat-1
2020-05-26 20:28:25,387 INFO  [org.wildfly.security] (ServerService Thread Pool -- 3) ELY00001: WildFly Elytron version 1.1.7.Final-redhat-1
2020-05-26 20:28:26,281 INFO  [org.jboss.as.controller.management-deprecated] (ServerService Thread Pool -- 29) WFLYCTL0028: Attribute 'security-realm' in the resource at address '/subsystem=undertow/server=default-server/https-listener=https' is deprecated, and may be removed in future version. See the attribute description in the output of the read-resource-description operation to learn more about the deprecation.
2020-05-26 20:28:26,361 WARN  [org.jboss.as.txn] (ServerService Thread Pool -- 38) WFLYTX0013: The node-identifier attribute on the /subsystem=transactions is set to the default value. This is a danger for environments running multiple servers. Please make sure the attribute value is unique.
2020-05-26 20:28:26,365 INFO  [org.jboss.as.webservices] (ServerService Thread Pool -- 36) WFLYWS0002: Activating WebServices Extension
2020-05-26 20:28:26,371 INFO  [org.jboss.as.security] (ServerService Thread Pool -- 40) WFLYSEC0002: Activating Security Subsystem
2020-05-26 20:28:26,374 INFO  [org.jboss.as.security] (MSC service thread 1-8) WFLYSEC0001: Current PicketBox version=5.0.2.Final-redhat-1
2020-05-26 20:28:26,381 INFO  [org.wildfly.extension.undertow] (MSC service thread 1-6) WFLYUT0003: Undertow 1.4.18.Final-redhat-2 starting
2020-05-26 20:28:26,391 INFO  [org.wildfly.extension.undertow] (ServerService Thread Pool -- 37) WFLYUT0014: Creating file handler for path '/volumes/jboss/welcome-content' with options [directory-listing: 'false', follow-symlink: 'false', case-sensitive: 'true', safe-symlink-paths: '[]']
2020-05-26 20:28:26,407 INFO  [org.jboss.as.naming] (ServerService Thread Pool -- 46) WFLYNAM0001: Activating Naming Subsystem
2020-05-26 20:28:26,416 INFO  [org.jboss.as.jsf] (ServerService Thread Pool -- 50) WFLYJSF0007: Activated the following JSF Implementations: [main]
2020-05-26 20:28:26,463 INFO  [org.jboss.as.jaxrs] (ServerService Thread Pool -- 55) WFLYRS0016: RESTEasy version 3.0.24.Final-redhat-1
2020-05-26 20:28:26,471 INFO  [org.jboss.as.naming] (MSC service thread 1-7) WFLYNAM0003: Starting Naming Service
2020-05-26 20:28:26,474 INFO  [org.jboss.as.mail.extension] (MSC service thread 1-7) WFLYMAIL0001: Bound mail session [java:jboss/mail/Default]
2020-05-26 20:28:26,477 INFO  [org.jboss.as.clustering.infinispan] (ServerService Thread Pool -- 57) WFLYCLINF0001: Activating Infinispan subsystem.
2020-05-26 20:28:26,477 INFO  [org.wildfly.iiop.openjdk] (ServerService Thread Pool -- 56) WFLYIIOP0001: Activating IIOP Subsystem
2020-05-26 20:28:26,491 INFO  [org.jboss.as.connector] (MSC service thread 1-7) WFLYJCA0009: Starting JCA Subsystem (WildFly/IronJacamar 1.4.6.Final-redhat-1)
2020-05-26 20:28:26,506 INFO  [org.wildfly.extension.io] (ServerService Thread Pool -- 58) WFLYIO001: Worker 'default' has auto-configured to 16 core threads with 128 task threads based on your 8 available processors
2020-05-26 20:28:26,599 INFO  [org.jboss.as.connector.subsystems.datasources] (ServerService Thread Pool -- 62) WFLYJCA0004: Deploying JDBC-compliant driver class org.h2.Driver (version 1.4)
2020-05-26 20:28:26,612 INFO  [org.jboss.as.connector.deployers.jdbc] (MSC service thread 1-3) WFLYJCA0018: Started Driver service with driver-name = h2
2020-05-26 20:28:26,683 INFO  [org.jboss.as.ejb3] (MSC service thread 1-3) WFLYEJB0481: Strict pool slsb-strict-max-pool is using a max instance size of 128 (per class), which is derived from thread worker pool sizing.
2020-05-26 20:28:26,683 INFO  [org.wildfly.extension.undertow] (MSC service thread 1-2) WFLYUT0012: Started server default-server.
2020-05-26 20:28:26,686 INFO  [org.wildfly.extension.undertow] (MSC service thread 1-2) WFLYUT0018: Host default-host starting
2020-05-26 20:28:26,689 INFO  [org.jboss.as.ejb3] (MSC service thread 1-6) WFLYEJB0482: Strict pool mdb-strict-max-pool is using a max instance size of 32 (per class), which is derived from the number of CPUs on this host.
2020-05-26 20:28:26,769 INFO  [org.wildfly.extension.undertow] (MSC service thread 1-8) WFLYUT0006: Undertow HTTP listener default listening on 0.0.0.0:8230
2020-05-26 20:28:26,785 INFO  [org.jboss.as.ejb3] (MSC service thread 1-7) WFLYEJB0493: EJB subsystem suspension complete
2020-05-26 20:28:26,916 INFO  [org.jboss.as.patching] (MSC service thread 1-3) WFLYPAT0050: JBoss EAP cumulative patch ID is: base, one-off patches include: none
2020-05-26 20:28:26,922 INFO  [org.wildfly.extension.messaging-activemq] (MSC service thread 1-7) WFLYMSGAMQ0075: AIO wasn't located on this platform, it will fall back to using pure Java NIO. Your platform is Linux, install LibAIO to enable the AIO journal and achieve optimal performance.
2020-05-26 20:28:26,930 INFO  [org.jboss.as.connector.subsystems.datasources] (MSC service thread 1-6) WFLYJCA0001: Bound data source [java:jboss/datasources/ExampleDS]
2020-05-26 20:28:26,943 WARN  [org.jboss.as.domain.management.security] (MSC service thread 1-5) WFLYDM0111: Keystore /volumes/jboss/domain/configuration/application.keystore not found, it will be auto generated on first use with a self signed certificate for host localhost
2020-05-26 20:28:26,946 INFO  [org.wildfly.iiop.openjdk] (MSC service thread 1-1) WFLYIIOP0009: CORBA ORB Service started
2020-05-26 20:28:26,979 INFO  [org.wildfly.extension.undertow] (MSC service thread 1-4) WFLYUT0006: Undertow HTTPS listener https listening on 0.0.0.0:8593
2020-05-26 20:28:27,008 INFO  [org.apache.activemq.artemis.core.server] (ServerService Thread Pool -- 66) AMQ221000: live Message Broker is starting with configuration Broker Configuration (clustered=false,journalDirectory=/volumes/jboss/domain/servers/server-two/data/activemq/journal,bindingsDirectory=/volumes/jboss/domain/servers/server-two/data/activemq/bindings,largeMessagesDirectory=/volumes/jboss/domain/servers/server-two/data/activemq/largemessages,pagingDirectory=/volumes/jboss/domain/servers/server-two/data/activemq/paging)
2020-05-26 20:28:27,034 INFO  [org.jboss.ws.common.management] (MSC service thread 1-6) JBWS022052: Starting JBossWS 5.1.9.Final-redhat-1 (Apache CXF 3.1.12.redhat-1) 
2020-05-26 20:28:27,037 INFO  [org.apache.activemq.artemis.core.server] (ServerService Thread Pool -- 66) AMQ221013: Using NIO Journal
2020-05-26 20:28:27,099 INFO  [org.apache.activemq.artemis.core.server] (ServerService Thread Pool -- 66) AMQ221043: Protocol module found: [artemis-server]. Adding protocol support for: CORE
2020-05-26 20:28:27,101 INFO  [org.apache.activemq.artemis.core.server] (ServerService Thread Pool -- 66) AMQ221043: Protocol module found: [artemis-hornetq-protocol]. Adding protocol support for: HORNETQ
2020-05-26 20:28:27,434 INFO  [org.wildfly.extension.messaging-activemq] (MSC service thread 1-1) WFLYMSGAMQ0016: Registered HTTP upgrade for activemq-remoting protocol handled by http-acceptor-throughput acceptor
2020-05-26 20:28:27,434 INFO  [org.wildfly.extension.messaging-activemq] (MSC service thread 1-3) WFLYMSGAMQ0016: Registered HTTP upgrade for activemq-remoting protocol handled by http-acceptor acceptor
2020-05-26 20:28:27,434 INFO  [org.wildfly.extension.messaging-activemq] (MSC service thread 1-5) WFLYMSGAMQ0016: Registered HTTP upgrade for activemq-remoting protocol handled by http-acceptor-throughput acceptor
2020-05-26 20:28:27,434 INFO  [org.wildfly.extension.messaging-activemq] (MSC service thread 1-7) WFLYMSGAMQ0016: Registered HTTP upgrade for activemq-remoting protocol handled by http-acceptor acceptor
2020-05-26 20:28:27,501 INFO  [org.apache.activemq.artemis.core.server] (ServerService Thread Pool -- 66) AMQ221007: Server is now live
2020-05-26 20:28:27,501 INFO  [org.apache.activemq.artemis.core.server] (ServerService Thread Pool -- 66) AMQ221001: Apache ActiveMQ Artemis Message Broker version 1.5.5.008-redhat-1 [default, nodeID=2766f56c-9f8f-11ea-acb1-0242ac130002] 
2020-05-26 20:28:27,504 WARN  [org.apache.activemq.artemis.jms.server] (ServerService Thread Pool -- 66) AMQ122005: Invalid "host" value "0.0.0.0" detected for "http-connector" connector. Switching to "f74d2681c701". If this new address is incorrect please manually configure the connector to use the proper one.
2020-05-26 20:28:27,519 INFO  [org.wildfly.extension.messaging-activemq] (ServerService Thread Pool -- 66) WFLYMSGAMQ0002: Bound messaging object to jndi name java:jboss/exported/jms/RemoteConnectionFactory
2020-05-26 20:28:27,537 INFO  [org.apache.activemq.artemis.core.server] (ServerService Thread Pool -- 69) AMQ221003: Deploying queue jms.queue.DLQ
2020-05-26 20:28:27,546 INFO  [org.wildfly.extension.messaging-activemq] (ServerService Thread Pool -- 67) WFLYMSGAMQ0002: Bound messaging object to jndi name java:/ConnectionFactory
2020-05-26 20:28:27,547 INFO  [org.apache.activemq.artemis.core.server] (ServerService Thread Pool -- 68) AMQ221003: Deploying queue jms.queue.ExpiryQueue
2020-05-26 20:28:27,569 INFO  [org.jboss.as.connector.deployment] (MSC service thread 1-2) WFLYJCA0007: Registered connection factory java:/JmsXA
2020-05-26 20:28:27,615 INFO  [org.apache.activemq.artemis.ra] (MSC service thread 1-2) Resource adaptor started
2020-05-26 20:28:27,616 INFO  [org.jboss.as.connector.services.resourceadapters.ResourceAdapterActivatorService$ResourceAdapterActivator] (MSC service thread 1-2) IJ020002: Deployed: file://RaActivatoractivemq-ra
2020-05-26 20:28:27,618 INFO  [org.jboss.as.connector.deployment] (MSC service thread 1-8) WFLYJCA0002: Bound JCA ConnectionFactory [java:/JmsXA]
2020-05-26 20:28:27,618 INFO  [org.wildfly.extension.messaging-activemq] (MSC service thread 1-1) WFLYMSGAMQ0002: Bound messaging object to jndi name java:jboss/DefaultJMSConnectionFactory
2020-05-26 20:28:27,691 INFO  [org.jboss.as.server] (Controller Boot Thread) WFLYSRV0212: Resuming server
2020-05-26 20:28:27,695 INFO  [org.jboss.as] (Controller Boot Thread) WFLYSRV0025: JBoss EAP 7.1.0.GA (WildFly Core 3.0.10.Final-redhat-1) started in 4535ms - Started 314 of 579 services (360 services are lazy, passive or on-demand)
2020-05-26 20:41:05,827 INFO  [org.jboss.modules] (main) JBoss Modules version 1.6.0.Final-redhat-1
2020-05-26 20:41:06,435 INFO  [org.jboss.msc] (main) JBoss MSC version 1.2.7.SP1-redhat-1
2020-05-26 20:41:06,602 INFO  [org.jboss.as] (MSC service thread 1-8) WFLYSRV0049: JBoss EAP 7.1.0.GA (WildFly Core 3.0.10.Final-redhat-1) starting
2020-05-26 20:41:06,603 DEBUG [org.jboss.as.config] (MSC service thread 1-8) Configured system properties:
	[Server:server-two] = 
	awt.toolkit = sun.awt.X11.XToolkit
	file.encoding = UTF-8
	file.encoding.pkg = sun.io
	file.separator = /
	java.awt.graphicsenv = sun.awt.X11GraphicsEnvironment
	java.awt.headless = true
	java.awt.printerjob = sun.print.PSPrinterJob
	java.class.path = /volumes/jboss/jboss-modules.jar
	java.class.version = 52.0
	java.endorsed.dirs = /usr/lib/jvm/java-1.8-openjdk/jre/lib/endorsed
	java.ext.dirs = /usr/lib/jvm/java-1.8-openjdk/jre/lib/ext:/usr/java/packages/lib/ext
	java.home = /usr/lib/jvm/java-1.8-openjdk/jre
	java.io.tmpdir = /tmp
	java.library.path = /usr/lib/jvm/java-1.8-openjdk/jre/lib/amd64/server:/usr/lib/jvm/java-1.8-openjdk/jre/lib/amd64:/usr/lib/jvm/java-1.8-openjdk/jre/../lib/amd64:/usr/java/packages/lib/amd64:/usr/lib64:/lib64:/lib:/usr/lib
	java.net.preferIPv4Stack = true
	java.runtime.name = OpenJDK Runtime Environment
	java.runtime.version = 1.8.0_212-b04
	java.specification.name = Java Platform API Specification
	java.specification.vendor = Oracle Corporation
	java.specification.version = 1.8
	java.util.logging.manager = org.jboss.logmanager.LogManager
	java.vendor = IcedTea
	java.vendor.url = https://icedtea.classpath.org
	java.vendor.url.bug = https://icedtea.classpath.org/bugzilla
	java.version = 1.8.0_212
	java.vm.info = mixed mode
	java.vm.name = OpenJDK 64-Bit Server VM
	java.vm.specification.name = Java Virtual Machine Specification
	java.vm.specification.vendor = Oracle Corporation
	java.vm.specification.version = 1.8
	java.vm.vendor = IcedTea
	java.vm.version = 25.212-b04
	javax.management.builder.initial = org.jboss.as.jmx.PluggableMBeanServerBuilder
	javax.xml.datatype.DatatypeFactory = __redirected.__DatatypeFactory
	javax.xml.parsers.DocumentBuilderFactory = __redirected.__DocumentBuilderFactory
	javax.xml.parsers.SAXParserFactory = __redirected.__SAXParserFactory
	javax.xml.stream.XMLEventFactory = __redirected.__XMLEventFactory
	javax.xml.stream.XMLInputFactory = __redirected.__XMLInputFactory
	javax.xml.stream.XMLOutputFactory = __redirected.__XMLOutputFactory
	javax.xml.transform.TransformerFactory = __redirected.__TransformerFactory
	javax.xml.validation.SchemaFactory:http://www.w3.org/2001/XMLSchema = __redirected.__SchemaFactory
	javax.xml.xpath.XPathFactory:http://java.sun.com/jaxp/xpath/dom = __redirected.__XPathFactory
	jboss.bind.address = 0.0.0.0
	jboss.bind.address.management = 0.0.0.0
	jboss.boot.server.log.level = DEBUG
	jboss.domain.base.dir = /volumes/jboss/domain
	jboss.domain.config.dir = /volumes/jboss/domain/configuration
	jboss.home.dir = /volumes/jboss
	jboss.host.name = 2a194157f6fa
	jboss.management.http.port = 9990
	jboss.modules.dir = /volumes/jboss/modules
	jboss.modules.system.pkgs = org.jboss.byteman
	jboss.node.name = master:server-two
	jboss.qualified.host.name = 2a194157f6fa
	jboss.server.base.dir = /volumes/jboss/domain/servers/server-two
	jboss.server.config.dir = /volumes/jboss/domain/servers/server-two/configuration
	jboss.server.data.dir = /volumes/jboss/domain/servers/server-two/data
	jboss.server.deploy.dir = /volumes/jboss/domain/servers/server-two/data/content
	jboss.server.log.dir = /volumes/jboss/domain/servers/server-two/log
	jboss.server.name = server-two
	jboss.server.persist.config = true
	jboss.server.temp.dir = /volumes/jboss/domain/servers/server-two/tmp
	line.separator = 

	logging.configuration = file:/volumes/jboss/domain/servers/server-two/data/logging.properties
	module.path = /volumes/jboss/modules
	org.jboss.as.logging.per-deployment = false
	org.jboss.resolver.warning = true
	org.xml.sax.driver = __redirected.__XMLReaderFactory
	os.arch = amd64
	os.name = Linux
	os.version = 5.3.0-53-generic
	path.separator = :
	sun.arch.data.model = 64
	sun.boot.class.path = /usr/lib/jvm/java-1.8-openjdk/jre/lib/resources.jar:/usr/lib/jvm/java-1.8-openjdk/jre/lib/rt.jar:/usr/lib/jvm/java-1.8-openjdk/jre/lib/sunrsasign.jar:/usr/lib/jvm/java-1.8-openjdk/jre/lib/jsse.jar:/usr/lib/jvm/java-1.8-openjdk/jre/lib/jce.jar:/usr/lib/jvm/java-1.8-openjdk/jre/lib/charsets.jar:/usr/lib/jvm/java-1.8-openjdk/jre/lib/jfr.jar:/usr/lib/jvm/java-1.8-openjdk/jre/classes
	sun.boot.library.path = /usr/lib/jvm/java-1.8-openjdk/jre/lib/amd64
	sun.cpu.endian = little
	sun.cpu.isalist = 
	sun.io.unicode.encoding = UnicodeLittle
	sun.java.command = /volumes/jboss/jboss-modules.jar -mp /volumes/jboss/modules org.jboss.as.server
	sun.java.launcher = SUN_STANDARD
	sun.jnu.encoding = UTF-8
	sun.management.compiler = HotSpot 64-Bit Tiered Compilers
	sun.os.patch.level = unknown
	user.country = US
	user.dir = /volumes/jboss
	user.home = /root
	user.language = en
	user.name = root
	user.timezone = GMT
2020-05-26 20:41:06,604 DEBUG [org.jboss.as.config] (MSC service thread 1-8) VM Arguments: -D[Server:server-two] -Xms1000m -Xmx1000m -XX:MetaspaceSize=96m -XX:MaxMetaspaceSize=256m -Djava.awt.headless=true -Djava.net.preferIPv4Stack=true -Djboss.bind.address=0.0.0.0 -Djboss.bind.address.management=0.0.0.0 -Djboss.boot.server.log.level=DEBUG -Djboss.home.dir=/volumes/jboss -Djboss.management.http.port=9990 -Djboss.modules.system.pkgs=org.jboss.byteman -Dorg.jboss.as.logging.per-deployment=false -Djboss.server.log.dir=/volumes/jboss/domain/servers/server-two/log -Djboss.server.temp.dir=/volumes/jboss/domain/servers/server-two/tmp -Djboss.server.data.dir=/volumes/jboss/domain/servers/server-two/data -Dlogging.configuration=file:/volumes/jboss/domain/servers/server-two/data/logging.properties 
2020-05-26 20:41:06,688 INFO  [org.xnio] (MSC service thread 1-1) XNIO version 3.5.4.Final-redhat-1
2020-05-26 20:41:06,695 INFO  [org.xnio.nio] (MSC service thread 1-1) XNIO NIO Implementation Version 3.5.4.Final-redhat-1
2020-05-26 20:41:06,754 INFO  [org.jboss.remoting] (MSC service thread 1-8) JBoss Remoting version 5.0.5.Final-redhat-1
2020-05-26 20:41:07,337 INFO  [org.wildfly.security] (ServerService Thread Pool -- 2) ELY00001: WildFly Elytron version 1.1.7.Final-redhat-1
2020-05-26 20:41:08,443 INFO  [org.jboss.as.controller.management-deprecated] (ServerService Thread Pool -- 28) WFLYCTL0028: Attribute 'security-realm' in the resource at address '/subsystem=undertow/server=default-server/https-listener=https' is deprecated, and may be removed in future version. See the attribute description in the output of the read-resource-description operation to learn more about the deprecation.
2020-05-26 20:41:08,578 INFO  [org.jboss.as.webservices] (ServerService Thread Pool -- 36) WFLYWS0002: Activating WebServices Extension
2020-05-26 20:41:08,586 WARN  [org.jboss.as.txn] (ServerService Thread Pool -- 38) WFLYTX0013: The node-identifier attribute on the /subsystem=transactions is set to the default value. This is a danger for environments running multiple servers. Please make sure the attribute value is unique.
2020-05-26 20:41:08,598 INFO  [org.jboss.as.security] (ServerService Thread Pool -- 40) WFLYSEC0002: Activating Security Subsystem
2020-05-26 20:41:08,607 INFO  [org.jboss.as.security] (MSC service thread 1-7) WFLYSEC0001: Current PicketBox version=5.0.2.Final-redhat-1
2020-05-26 20:41:08,624 INFO  [org.jboss.as.jsf] (ServerService Thread Pool -- 50) WFLYJSF0007: Activated the following JSF Implementations: [main]
2020-05-26 20:41:08,625 INFO  [org.jboss.as.naming] (ServerService Thread Pool -- 46) WFLYNAM0001: Activating Naming Subsystem
2020-05-26 20:41:08,632 INFO  [org.wildfly.extension.undertow] (MSC service thread 1-4) WFLYUT0003: Undertow 1.4.18.Final-redhat-2 starting
2020-05-26 20:41:08,638 INFO  [org.wildfly.extension.undertow] (ServerService Thread Pool -- 37) WFLYUT0014: Creating file handler for path '/volumes/jboss/welcome-content' with options [directory-listing: 'false', follow-symlink: 'false', case-sensitive: 'true', safe-symlink-paths: '[]']
2020-05-26 20:41:08,647 INFO  [org.jboss.as.jaxrs] (ServerService Thread Pool -- 55) WFLYRS0016: RESTEasy version 3.0.24.Final-redhat-1
2020-05-26 20:41:08,668 INFO  [org.jboss.as.clustering.infinispan] (ServerService Thread Pool -- 57) WFLYCLINF0001: Activating Infinispan subsystem.
2020-05-26 20:41:08,683 INFO  [org.wildfly.iiop.openjdk] (ServerService Thread Pool -- 56) WFLYIIOP0001: Activating IIOP Subsystem
2020-05-26 20:41:08,689 INFO  [org.jboss.as.connector] (MSC service thread 1-3) WFLYJCA0009: Starting JCA Subsystem (WildFly/IronJacamar 1.4.6.Final-redhat-1)
2020-05-26 20:41:08,686 INFO  [org.wildfly.extension.io] (ServerService Thread Pool -- 58) WFLYIO001: Worker 'default' has auto-configured to 16 core threads with 128 task threads based on your 8 available processors
2020-05-26 20:41:08,709 INFO  [org.jboss.as.naming] (MSC service thread 1-6) WFLYNAM0003: Starting Naming Service
2020-05-26 20:41:08,710 INFO  [org.jboss.as.mail.extension] (MSC service thread 1-2) WFLYMAIL0001: Bound mail session [java:jboss/mail/Default]
2020-05-26 20:41:08,770 INFO  [org.jboss.as.connector.subsystems.datasources] (ServerService Thread Pool -- 62) WFLYJCA0004: Deploying JDBC-compliant driver class org.h2.Driver (version 1.4)
2020-05-26 20:41:08,772 INFO  [org.jboss.as.connector.deployers.jdbc] (MSC service thread 1-6) WFLYJCA0018: Started Driver service with driver-name = h2
2020-05-26 20:41:09,002 INFO  [org.jboss.as.ejb3] (MSC service thread 1-4) WFLYEJB0481: Strict pool slsb-strict-max-pool is using a max instance size of 128 (per class), which is derived from thread worker pool sizing.
2020-05-26 20:41:09,002 INFO  [org.jboss.as.ejb3] (MSC service thread 1-2) WFLYEJB0482: Strict pool mdb-strict-max-pool is using a max instance size of 32 (per class), which is derived from the number of CPUs on this host.
2020-05-26 20:41:09,059 INFO  [org.wildfly.extension.undertow] (MSC service thread 1-8) WFLYUT0012: Started server default-server.
2020-05-26 20:41:09,061 INFO  [org.wildfly.extension.undertow] (MSC service thread 1-4) WFLYUT0018: Host default-host starting
2020-05-26 20:41:09,162 INFO  [org.wildfly.extension.undertow] (MSC service thread 1-6) WFLYUT0006: Undertow HTTP listener default listening on 0.0.0.0:8230
2020-05-26 20:41:09,285 INFO  [org.jboss.as.ejb3] (MSC service thread 1-5) WFLYEJB0493: EJB subsystem suspension complete
2020-05-26 20:41:09,359 INFO  [org.jboss.as.patching] (MSC service thread 1-3) WFLYPAT0050: JBoss EAP cumulative patch ID is: base, one-off patches include: none
2020-05-26 20:41:09,366 INFO  [org.wildfly.extension.messaging-activemq] (MSC service thread 1-8) WFLYMSGAMQ0075: AIO wasn't located on this platform, it will fall back to using pure Java NIO. Your platform is Linux, install LibAIO to enable the AIO journal and achieve optimal performance.
2020-05-26 20:41:09,377 INFO  [org.wildfly.iiop.openjdk] (MSC service thread 1-1) WFLYIIOP0009: CORBA ORB Service started
2020-05-26 20:41:09,395 WARN  [org.jboss.as.domain.management.security] (MSC service thread 1-3) WFLYDM0111: Keystore /volumes/jboss/domain/configuration/application.keystore not found, it will be auto generated on first use with a self signed certificate for host localhost
2020-05-26 20:41:09,452 INFO  [org.jboss.as.connector.subsystems.datasources] (MSC service thread 1-2) WFLYJCA0001: Bound data source [java:jboss/datasources/ExampleDS]
2020-05-26 20:41:09,490 INFO  [org.wildfly.extension.undertow] (MSC service thread 1-6) WFLYUT0006: Undertow HTTPS listener https listening on 0.0.0.0:8593
2020-05-26 20:41:09,524 INFO  [org.apache.activemq.artemis.core.server] (ServerService Thread Pool -- 66) AMQ221000: live Message Broker is starting with configuration Broker Configuration (clustered=false,journalDirectory=/volumes/jboss/domain/servers/server-two/data/activemq/journal,bindingsDirectory=/volumes/jboss/domain/servers/server-two/data/activemq/bindings,largeMessagesDirectory=/volumes/jboss/domain/servers/server-two/data/activemq/largemessages,pagingDirectory=/volumes/jboss/domain/servers/server-two/data/activemq/paging)
2020-05-26 20:41:09,554 INFO  [org.apache.activemq.artemis.core.server] (ServerService Thread Pool -- 66) AMQ221013: Using NIO Journal
2020-05-26 20:41:09,568 INFO  [org.jboss.ws.common.management] (MSC service thread 1-6) JBWS022052: Starting JBossWS 5.1.9.Final-redhat-1 (Apache CXF 3.1.12.redhat-1) 
2020-05-26 20:41:09,621 INFO  [org.apache.activemq.artemis.core.server] (ServerService Thread Pool -- 66) AMQ221043: Protocol module found: [artemis-server]. Adding protocol support for: CORE
2020-05-26 20:41:09,622 INFO  [org.apache.activemq.artemis.core.server] (ServerService Thread Pool -- 66) AMQ221043: Protocol module found: [artemis-hornetq-protocol]. Adding protocol support for: HORNETQ
2020-05-26 20:41:09,975 INFO  [org.wildfly.extension.messaging-activemq] (MSC service thread 1-1) WFLYMSGAMQ0016: Registered HTTP upgrade for activemq-remoting protocol handled by http-acceptor acceptor
2020-05-26 20:41:09,975 INFO  [org.wildfly.extension.messaging-activemq] (MSC service thread 1-8) WFLYMSGAMQ0016: Registered HTTP upgrade for activemq-remoting protocol handled by http-acceptor acceptor
2020-05-26 20:41:09,975 INFO  [org.wildfly.extension.messaging-activemq] (MSC service thread 1-4) WFLYMSGAMQ0016: Registered HTTP upgrade for activemq-remoting protocol handled by http-acceptor-throughput acceptor
2020-05-26 20:41:09,975 INFO  [org.wildfly.extension.messaging-activemq] (MSC service thread 1-3) WFLYMSGAMQ0016: Registered HTTP upgrade for activemq-remoting protocol handled by http-acceptor-throughput acceptor
2020-05-26 20:41:10,068 INFO  [org.apache.activemq.artemis.core.server] (ServerService Thread Pool -- 66) AMQ221007: Server is now live
2020-05-26 20:41:10,068 INFO  [org.apache.activemq.artemis.core.server] (ServerService Thread Pool -- 66) AMQ221001: Apache ActiveMQ Artemis Message Broker version 1.5.5.008-redhat-1 [default, nodeID=2766f56c-9f8f-11ea-acb1-0242ac130002] 
2020-05-26 20:41:10,072 WARN  [org.apache.activemq.artemis.jms.server] (ServerService Thread Pool -- 66) AMQ122005: Invalid "host" value "0.0.0.0" detected for "http-connector" connector. Switching to "2a194157f6fa". If this new address is incorrect please manually configure the connector to use the proper one.
2020-05-26 20:41:10,094 INFO  [org.wildfly.extension.messaging-activemq] (ServerService Thread Pool -- 66) WFLYMSGAMQ0002: Bound messaging object to jndi name java:jboss/exported/jms/RemoteConnectionFactory
2020-05-26 20:41:10,133 INFO  [org.apache.activemq.artemis.core.server] (ServerService Thread Pool -- 68) AMQ221003: Deploying queue jms.queue.ExpiryQueue
2020-05-26 20:41:10,157 INFO  [org.wildfly.extension.messaging-activemq] (ServerService Thread Pool -- 69) WFLYMSGAMQ0002: Bound messaging object to jndi name java:/ConnectionFactory
2020-05-26 20:41:10,158 INFO  [org.apache.activemq.artemis.core.server] (ServerService Thread Pool -- 67) AMQ221003: Deploying queue jms.queue.DLQ
2020-05-26 20:41:10,161 INFO  [org.jboss.as.connector.deployment] (MSC service thread 1-4) WFLYJCA0007: Registered connection factory java:/JmsXA
2020-05-26 20:41:10,217 INFO  [org.apache.activemq.artemis.ra] (MSC service thread 1-4) Resource adaptor started
2020-05-26 20:41:10,217 INFO  [org.jboss.as.connector.services.resourceadapters.ResourceAdapterActivatorService$ResourceAdapterActivator] (MSC service thread 1-4) IJ020002: Deployed: file://RaActivatoractivemq-ra
2020-05-26 20:41:10,219 INFO  [org.jboss.as.connector.deployment] (MSC service thread 1-6) WFLYJCA0002: Bound JCA ConnectionFactory [java:/JmsXA]
2020-05-26 20:41:10,219 INFO  [org.wildfly.extension.messaging-activemq] (MSC service thread 1-3) WFLYMSGAMQ0002: Bound messaging object to jndi name java:jboss/DefaultJMSConnectionFactory
2020-05-26 20:41:10,306 INFO  [org.jboss.as.server] (Controller Boot Thread) WFLYSRV0212: Resuming server
2020-05-26 20:41:10,311 INFO  [org.jboss.as] (Controller Boot Thread) WFLYSRV0025: JBoss EAP 7.1.0.GA (WildFly Core 3.0.10.Final-redhat-1) started in 5348ms - Started 314 of 579 services (360 services are lazy, passive or on-demand)
2020-05-26 20:46:53,321 INFO  [org.jboss.modules] (main) JBoss Modules version 1.6.0.Final-redhat-1
2020-05-26 20:46:54,035 INFO  [org.jboss.msc] (main) JBoss MSC version 1.2.7.SP1-redhat-1
2020-05-26 20:46:54,216 INFO  [org.jboss.as] (MSC service thread 1-8) WFLYSRV0049: JBoss EAP 7.1.0.GA (WildFly Core 3.0.10.Final-redhat-1) starting
2020-05-26 20:46:54,218 DEBUG [org.jboss.as.config] (MSC service thread 1-8) Configured system properties:
	[Server:server-two] = 
	awt.toolkit = sun.awt.X11.XToolkit
	file.encoding = UTF-8
	file.encoding.pkg = sun.io
	file.separator = /
	java.awt.graphicsenv = sun.awt.X11GraphicsEnvironment
	java.awt.headless = true
	java.awt.printerjob = sun.print.PSPrinterJob
	java.class.path = /volumes/jboss/jboss-modules.jar
	java.class.version = 52.0
	java.endorsed.dirs = /usr/lib/jvm/java-1.8-openjdk/jre/lib/endorsed
	java.ext.dirs = /usr/lib/jvm/java-1.8-openjdk/jre/lib/ext:/usr/java/packages/lib/ext
	java.home = /usr/lib/jvm/java-1.8-openjdk/jre
	java.io.tmpdir = /tmp
	java.library.path = /usr/lib/jvm/java-1.8-openjdk/jre/lib/amd64/server:/usr/lib/jvm/java-1.8-openjdk/jre/lib/amd64:/usr/lib/jvm/java-1.8-openjdk/jre/../lib/amd64:/usr/java/packages/lib/amd64:/usr/lib64:/lib64:/lib:/usr/lib
	java.net.preferIPv4Stack = true
	java.runtime.name = OpenJDK Runtime Environment
	java.runtime.version = 1.8.0_212-b04
	java.specification.name = Java Platform API Specification
	java.specification.vendor = Oracle Corporation
	java.specification.version = 1.8
	java.util.logging.manager = org.jboss.logmanager.LogManager
	java.vendor = IcedTea
	java.vendor.url = https://icedtea.classpath.org
	java.vendor.url.bug = https://icedtea.classpath.org/bugzilla
	java.version = 1.8.0_212
	java.vm.info = mixed mode
	java.vm.name = OpenJDK 64-Bit Server VM
	java.vm.specification.name = Java Virtual Machine Specification
	java.vm.specification.vendor = Oracle Corporation
	java.vm.specification.version = 1.8
	java.vm.vendor = IcedTea
	java.vm.version = 25.212-b04
	javax.management.builder.initial = org.jboss.as.jmx.PluggableMBeanServerBuilder
	javax.xml.datatype.DatatypeFactory = __redirected.__DatatypeFactory
	javax.xml.parsers.DocumentBuilderFactory = __redirected.__DocumentBuilderFactory
	javax.xml.parsers.SAXParserFactory = __redirected.__SAXParserFactory
	javax.xml.stream.XMLEventFactory = __redirected.__XMLEventFactory
	javax.xml.stream.XMLInputFactory = __redirected.__XMLInputFactory
	javax.xml.stream.XMLOutputFactory = __redirected.__XMLOutputFactory
	javax.xml.transform.TransformerFactory = __redirected.__TransformerFactory
	javax.xml.validation.SchemaFactory:http://www.w3.org/2001/XMLSchema = __redirected.__SchemaFactory
	javax.xml.xpath.XPathFactory:http://java.sun.com/jaxp/xpath/dom = __redirected.__XPathFactory
	jboss.bind.address = 0.0.0.0
	jboss.bind.address.management = 0.0.0.0
	jboss.boot.server.log.level = DEBUG
	jboss.domain.base.dir = /volumes/jboss/domain
	jboss.domain.config.dir = /volumes/jboss/domain/configuration
	jboss.home.dir = /volumes/jboss
	jboss.host.name = c2aad414cbed
	jboss.management.http.port = 9990
	jboss.modules.dir = /volumes/jboss/modules
	jboss.modules.system.pkgs = org.jboss.byteman
	jboss.node.name = master:server-two
	jboss.qualified.host.name = c2aad414cbed
	jboss.server.base.dir = /volumes/jboss/domain/servers/server-two
	jboss.server.config.dir = /volumes/jboss/domain/servers/server-two/configuration
	jboss.server.data.dir = /volumes/jboss/domain/servers/server-two/data
	jboss.server.deploy.dir = /volumes/jboss/domain/servers/server-two/data/content
	jboss.server.log.dir = /volumes/jboss/domain/servers/server-two/log
	jboss.server.name = server-two
	jboss.server.persist.config = true
	jboss.server.temp.dir = /volumes/jboss/domain/servers/server-two/tmp
	line.separator = 

	logging.configuration = file:/volumes/jboss/domain/servers/server-two/data/logging.properties
	module.path = /volumes/jboss/modules
	org.jboss.as.logging.per-deployment = false
	org.jboss.resolver.warning = true
	org.xml.sax.driver = __redirected.__XMLReaderFactory
	os.arch = amd64
	os.name = Linux
	os.version = 5.3.0-53-generic
	path.separator = :
	sun.arch.data.model = 64
	sun.boot.class.path = /usr/lib/jvm/java-1.8-openjdk/jre/lib/resources.jar:/usr/lib/jvm/java-1.8-openjdk/jre/lib/rt.jar:/usr/lib/jvm/java-1.8-openjdk/jre/lib/sunrsasign.jar:/usr/lib/jvm/java-1.8-openjdk/jre/lib/jsse.jar:/usr/lib/jvm/java-1.8-openjdk/jre/lib/jce.jar:/usr/lib/jvm/java-1.8-openjdk/jre/lib/charsets.jar:/usr/lib/jvm/java-1.8-openjdk/jre/lib/jfr.jar:/usr/lib/jvm/java-1.8-openjdk/jre/classes
	sun.boot.library.path = /usr/lib/jvm/java-1.8-openjdk/jre/lib/amd64
	sun.cpu.endian = little
	sun.cpu.isalist = 
	sun.io.unicode.encoding = UnicodeLittle
	sun.java.command = /volumes/jboss/jboss-modules.jar -mp /volumes/jboss/modules org.jboss.as.server
	sun.java.launcher = SUN_STANDARD
	sun.jnu.encoding = UTF-8
	sun.management.compiler = HotSpot 64-Bit Tiered Compilers
	sun.os.patch.level = unknown
	user.country = US
	user.dir = /volumes/jboss
	user.home = /root
	user.language = en
	user.name = root
	user.timezone = GMT
2020-05-26 20:46:54,218 DEBUG [org.jboss.as.config] (MSC service thread 1-8) VM Arguments: -D[Server:server-two] -Xms1000m -Xmx1000m -XX:MetaspaceSize=96m -XX:MaxMetaspaceSize=256m -Djava.awt.headless=true -Djava.net.preferIPv4Stack=true -Djboss.bind.address=0.0.0.0 -Djboss.bind.address.management=0.0.0.0 -Djboss.boot.server.log.level=DEBUG -Djboss.home.dir=/volumes/jboss -Djboss.management.http.port=9990 -Djboss.modules.system.pkgs=org.jboss.byteman -Dorg.jboss.as.logging.per-deployment=false -Djboss.server.log.dir=/volumes/jboss/domain/servers/server-two/log -Djboss.server.temp.dir=/volumes/jboss/domain/servers/server-two/tmp -Djboss.server.data.dir=/volumes/jboss/domain/servers/server-two/data -Dlogging.configuration=file:/volumes/jboss/domain/servers/server-two/data/logging.properties 
2020-05-26 20:46:54,287 INFO  [org.xnio] (MSC service thread 1-8) XNIO version 3.5.4.Final-redhat-1
2020-05-26 20:46:54,295 INFO  [org.xnio.nio] (MSC service thread 1-8) XNIO NIO Implementation Version 3.5.4.Final-redhat-1
2020-05-26 20:46:54,333 INFO  [org.jboss.remoting] (MSC service thread 1-8) JBoss Remoting version 5.0.5.Final-redhat-1
2020-05-26 20:46:54,751 INFO  [org.wildfly.security] (ServerService Thread Pool -- 2) ELY00001: WildFly Elytron version 1.1.7.Final-redhat-1
2020-05-26 20:46:55,520 INFO  [org.jboss.as.controller.management-deprecated] (ServerService Thread Pool -- 27) WFLYCTL0028: Attribute 'security-realm' in the resource at address '/subsystem=undertow/server=default-server/https-listener=https' is deprecated, and may be removed in future version. See the attribute description in the output of the read-resource-description operation to learn more about the deprecation.
2020-05-26 20:46:55,624 WARN  [org.jboss.as.txn] (ServerService Thread Pool -- 38) WFLYTX0013: The node-identifier attribute on the /subsystem=transactions is set to the default value. This is a danger for environments running multiple servers. Please make sure the attribute value is unique.
2020-05-26 20:46:55,631 INFO  [org.jboss.as.webservices] (ServerService Thread Pool -- 36) WFLYWS0002: Activating WebServices Extension
2020-05-26 20:46:55,636 INFO  [org.jboss.as.security] (ServerService Thread Pool -- 40) WFLYSEC0002: Activating Security Subsystem
2020-05-26 20:46:55,638 INFO  [org.jboss.as.security] (MSC service thread 1-6) WFLYSEC0001: Current PicketBox version=5.0.2.Final-redhat-1
2020-05-26 20:46:55,647 INFO  [org.wildfly.extension.undertow] (ServerService Thread Pool -- 37) WFLYUT0014: Creating file handler for path '/volumes/jboss/welcome-content' with options [directory-listing: 'false', follow-symlink: 'false', case-sensitive: 'true', safe-symlink-paths: '[]']
2020-05-26 20:46:55,649 INFO  [org.wildfly.extension.undertow] (MSC service thread 1-6) WFLYUT0003: Undertow 1.4.18.Final-redhat-2 starting
2020-05-26 20:46:55,656 INFO  [org.jboss.as.naming] (ServerService Thread Pool -- 46) WFLYNAM0001: Activating Naming Subsystem
2020-05-26 20:46:55,698 INFO  [org.jboss.as.naming] (MSC service thread 1-4) WFLYNAM0003: Starting Naming Service
2020-05-26 20:46:55,699 INFO  [org.jboss.as.mail.extension] (MSC service thread 1-2) WFLYMAIL0001: Bound mail session [java:jboss/mail/Default]
2020-05-26 20:46:55,705 INFO  [org.jboss.as.jsf] (ServerService Thread Pool -- 50) WFLYJSF0007: Activated the following JSF Implementations: [main]
2020-05-26 20:46:55,739 INFO  [org.jboss.as.connector] (MSC service thread 1-1) WFLYJCA0009: Starting JCA Subsystem (WildFly/IronJacamar 1.4.6.Final-redhat-1)
2020-05-26 20:46:55,741 INFO  [org.jboss.as.jaxrs] (ServerService Thread Pool -- 55) WFLYRS0016: RESTEasy version 3.0.24.Final-redhat-1
2020-05-26 20:46:55,765 INFO  [org.wildfly.iiop.openjdk] (ServerService Thread Pool -- 56) WFLYIIOP0001: Activating IIOP Subsystem
2020-05-26 20:46:55,768 INFO  [org.jboss.as.clustering.infinispan] (ServerService Thread Pool -- 57) WFLYCLINF0001: Activating Infinispan subsystem.
2020-05-26 20:46:55,769 INFO  [org.wildfly.extension.io] (ServerService Thread Pool -- 58) WFLYIO001: Worker 'default' has auto-configured to 16 core threads with 128 task threads based on your 8 available processors
2020-05-26 20:46:55,881 INFO  [org.jboss.as.connector.subsystems.datasources] (ServerService Thread Pool -- 62) WFLYJCA0004: Deploying JDBC-compliant driver class org.h2.Driver (version 1.4)
2020-05-26 20:46:55,911 INFO  [org.jboss.as.ejb3] (MSC service thread 1-5) WFLYEJB0482: Strict pool mdb-strict-max-pool is using a max instance size of 32 (per class), which is derived from the number of CPUs on this host.
2020-05-26 20:46:55,912 INFO  [org.jboss.as.connector.deployers.jdbc] (MSC service thread 1-6) WFLYJCA0018: Started Driver service with driver-name = h2
2020-05-26 20:46:55,914 INFO  [org.jboss.as.ejb3] (MSC service thread 1-7) WFLYEJB0481: Strict pool slsb-strict-max-pool is using a max instance size of 128 (per class), which is derived from thread worker pool sizing.
2020-05-26 20:46:55,937 INFO  [org.wildfly.extension.undertow] (MSC service thread 1-1) WFLYUT0012: Started server default-server.
2020-05-26 20:46:55,943 INFO  [org.wildfly.extension.undertow] (MSC service thread 1-3) WFLYUT0018: Host default-host starting
2020-05-26 20:46:56,033 INFO  [org.wildfly.extension.undertow] (MSC service thread 1-1) WFLYUT0006: Undertow HTTP listener default listening on 0.0.0.0:8230
2020-05-26 20:46:56,042 INFO  [org.jboss.as.ejb3] (MSC service thread 1-5) WFLYEJB0493: EJB subsystem suspension complete
2020-05-26 20:46:56,180 INFO  [org.jboss.as.connector.subsystems.datasources] (MSC service thread 1-8) WFLYJCA0001: Bound data source [java:jboss/datasources/ExampleDS]
2020-05-26 20:46:56,189 INFO  [org.wildfly.iiop.openjdk] (MSC service thread 1-4) WFLYIIOP0009: CORBA ORB Service started
2020-05-26 20:46:56,216 INFO  [org.jboss.as.patching] (MSC service thread 1-3) WFLYPAT0050: JBoss EAP cumulative patch ID is: base, one-off patches include: none
2020-05-26 20:46:56,224 INFO  [org.wildfly.extension.messaging-activemq] (MSC service thread 1-6) WFLYMSGAMQ0075: AIO wasn't located on this platform, it will fall back to using pure Java NIO. Your platform is Linux, install LibAIO to enable the AIO journal and achieve optimal performance.
2020-05-26 20:46:56,237 WARN  [org.jboss.as.domain.management.security] (MSC service thread 1-7) WFLYDM0111: Keystore /volumes/jboss/domain/configuration/application.keystore not found, it will be auto generated on first use with a self signed certificate for host localhost
2020-05-26 20:46:56,277 INFO  [org.wildfly.extension.undertow] (MSC service thread 1-2) WFLYUT0006: Undertow HTTPS listener https listening on 0.0.0.0:8593
2020-05-26 20:46:56,319 INFO  [org.apache.activemq.artemis.core.server] (ServerService Thread Pool -- 66) AMQ221000: live Message Broker is starting with configuration Broker Configuration (clustered=false,journalDirectory=/volumes/jboss/domain/servers/server-two/data/activemq/journal,bindingsDirectory=/volumes/jboss/domain/servers/server-two/data/activemq/bindings,largeMessagesDirectory=/volumes/jboss/domain/servers/server-two/data/activemq/largemessages,pagingDirectory=/volumes/jboss/domain/servers/server-two/data/activemq/paging)
2020-05-26 20:46:56,348 INFO  [org.jboss.ws.common.management] (MSC service thread 1-2) JBWS022052: Starting JBossWS 5.1.9.Final-redhat-1 (Apache CXF 3.1.12.redhat-1) 
2020-05-26 20:46:56,357 INFO  [org.apache.activemq.artemis.core.server] (ServerService Thread Pool -- 66) AMQ221013: Using NIO Journal
2020-05-26 20:46:56,445 INFO  [org.apache.activemq.artemis.core.server] (ServerService Thread Pool -- 66) AMQ221043: Protocol module found: [artemis-server]. Adding protocol support for: CORE
2020-05-26 20:46:56,447 INFO  [org.apache.activemq.artemis.core.server] (ServerService Thread Pool -- 66) AMQ221043: Protocol module found: [artemis-hornetq-protocol]. Adding protocol support for: HORNETQ
2020-05-26 20:46:56,772 INFO  [org.wildfly.extension.messaging-activemq] (MSC service thread 1-6) WFLYMSGAMQ0016: Registered HTTP upgrade for activemq-remoting protocol handled by http-acceptor acceptor
2020-05-26 20:46:56,773 INFO  [org.wildfly.extension.messaging-activemq] (MSC service thread 1-5) WFLYMSGAMQ0016: Registered HTTP upgrade for activemq-remoting protocol handled by http-acceptor-throughput acceptor
2020-05-26 20:46:56,773 INFO  [org.wildfly.extension.messaging-activemq] (MSC service thread 1-1) WFLYMSGAMQ0016: Registered HTTP upgrade for activemq-remoting protocol handled by http-acceptor-throughput acceptor
2020-05-26 20:46:56,772 INFO  [org.wildfly.extension.messaging-activemq] (MSC service thread 1-8) WFLYMSGAMQ0016: Registered HTTP upgrade for activemq-remoting protocol handled by http-acceptor acceptor
2020-05-26 20:46:56,928 INFO  [org.apache.activemq.artemis.core.server] (ServerService Thread Pool -- 66) AMQ221007: Server is now live
2020-05-26 20:46:56,928 INFO  [org.apache.activemq.artemis.core.server] (ServerService Thread Pool -- 66) AMQ221001: Apache ActiveMQ Artemis Message Broker version 1.5.5.008-redhat-1 [default, nodeID=2766f56c-9f8f-11ea-acb1-0242ac130002] 
2020-05-26 20:46:56,952 INFO  [org.wildfly.extension.messaging-activemq] (ServerService Thread Pool -- 66) WFLYMSGAMQ0002: Bound messaging object to jndi name java:/ConnectionFactory
2020-05-26 20:46:56,970 INFO  [org.apache.activemq.artemis.core.server] (ServerService Thread Pool -- 68) AMQ221003: Deploying queue jms.queue.ExpiryQueue
2020-05-26 20:46:56,978 INFO  [org.apache.activemq.artemis.core.server] (ServerService Thread Pool -- 69) AMQ221003: Deploying queue jms.queue.DLQ
2020-05-26 20:46:56,981 WARN  [org.apache.activemq.artemis.jms.server] (ServerService Thread Pool -- 67) AMQ122005: Invalid "host" value "0.0.0.0" detected for "http-connector" connector. Switching to "c2aad414cbed". If this new address is incorrect please manually configure the connector to use the proper one.
2020-05-26 20:46:56,983 INFO  [org.wildfly.extension.messaging-activemq] (ServerService Thread Pool -- 67) WFLYMSGAMQ0002: Bound messaging object to jndi name java:jboss/exported/jms/RemoteConnectionFactory
2020-05-26 20:46:56,997 INFO  [org.jboss.as.connector.deployment] (MSC service thread 1-5) WFLYJCA0007: Registered connection factory java:/JmsXA
2020-05-26 20:46:57,047 INFO  [org.apache.activemq.artemis.ra] (MSC service thread 1-5) Resource adaptor started
2020-05-26 20:46:57,048 INFO  [org.jboss.as.connector.services.resourceadapters.ResourceAdapterActivatorService$ResourceAdapterActivator] (MSC service thread 1-5) IJ020002: Deployed: file://RaActivatoractivemq-ra
2020-05-26 20:46:57,050 INFO  [org.jboss.as.connector.deployment] (MSC service thread 1-8) WFLYJCA0002: Bound JCA ConnectionFactory [java:/JmsXA]
2020-05-26 20:46:57,050 INFO  [org.wildfly.extension.messaging-activemq] (MSC service thread 1-1) WFLYMSGAMQ0002: Bound messaging object to jndi name java:jboss/DefaultJMSConnectionFactory
2020-05-26 20:46:57,125 INFO  [org.jboss.as.server] (Controller Boot Thread) WFLYSRV0212: Resuming server
2020-05-26 20:46:57,130 INFO  [org.jboss.as] (Controller Boot Thread) WFLYSRV0025: JBoss EAP 7.1.0.GA (WildFly Core 3.0.10.Final-redhat-1) started in 4629ms - Started 314 of 579 services (360 services are lazy, passive or on-demand)
2020-05-26 20:50:10,502 INFO  [org.jboss.modules] (main) JBoss Modules version 1.6.0.Final-redhat-1
2020-05-26 20:50:11,137 INFO  [org.jboss.msc] (main) JBoss MSC version 1.2.7.SP1-redhat-1
2020-05-26 20:50:11,318 INFO  [org.jboss.as] (MSC service thread 1-7) WFLYSRV0049: JBoss EAP 7.1.0.GA (WildFly Core 3.0.10.Final-redhat-1) starting
2020-05-26 20:50:11,320 DEBUG [org.jboss.as.config] (MSC service thread 1-7) Configured system properties:
	[Server:server-two] = 
	awt.toolkit = sun.awt.X11.XToolkit
	file.encoding = UTF-8
	file.encoding.pkg = sun.io
	file.separator = /
	java.awt.graphicsenv = sun.awt.X11GraphicsEnvironment
	java.awt.headless = true
	java.awt.printerjob = sun.print.PSPrinterJob
	java.class.path = /volumes/jboss/jboss-modules.jar
	java.class.version = 52.0
	java.endorsed.dirs = /usr/lib/jvm/java-1.8-openjdk/jre/lib/endorsed
	java.ext.dirs = /usr/lib/jvm/java-1.8-openjdk/jre/lib/ext:/usr/java/packages/lib/ext
	java.home = /usr/lib/jvm/java-1.8-openjdk/jre
	java.io.tmpdir = /tmp
	java.library.path = /usr/lib/jvm/java-1.8-openjdk/jre/lib/amd64/server:/usr/lib/jvm/java-1.8-openjdk/jre/lib/amd64:/usr/lib/jvm/java-1.8-openjdk/jre/../lib/amd64:/usr/java/packages/lib/amd64:/usr/lib64:/lib64:/lib:/usr/lib
	java.net.preferIPv4Stack = true
	java.runtime.name = OpenJDK Runtime Environment
	java.runtime.version = 1.8.0_212-b04
	java.specification.name = Java Platform API Specification
	java.specification.vendor = Oracle Corporation
	java.specification.version = 1.8
	java.util.logging.manager = org.jboss.logmanager.LogManager
	java.vendor = IcedTea
	java.vendor.url = https://icedtea.classpath.org
	java.vendor.url.bug = https://icedtea.classpath.org/bugzilla
	java.version = 1.8.0_212
	java.vm.info = mixed mode
	java.vm.name = OpenJDK 64-Bit Server VM
	java.vm.specification.name = Java Virtual Machine Specification
	java.vm.specification.vendor = Oracle Corporation
	java.vm.specification.version = 1.8
	java.vm.vendor = IcedTea
	java.vm.version = 25.212-b04
	javax.management.builder.initial = org.jboss.as.jmx.PluggableMBeanServerBuilder
	javax.xml.datatype.DatatypeFactory = __redirected.__DatatypeFactory
	javax.xml.parsers.DocumentBuilderFactory = __redirected.__DocumentBuilderFactory
	javax.xml.parsers.SAXParserFactory = __redirected.__SAXParserFactory
	javax.xml.stream.XMLEventFactory = __redirected.__XMLEventFactory
	javax.xml.stream.XMLInputFactory = __redirected.__XMLInputFactory
	javax.xml.stream.XMLOutputFactory = __redirected.__XMLOutputFactory
	javax.xml.transform.TransformerFactory = __redirected.__TransformerFactory
	javax.xml.validation.SchemaFactory:http://www.w3.org/2001/XMLSchema = __redirected.__SchemaFactory
	javax.xml.xpath.XPathFactory:http://java.sun.com/jaxp/xpath/dom = __redirected.__XPathFactory
	jboss.bind.address = 0.0.0.0
	jboss.bind.address.management = 0.0.0.0
	jboss.boot.server.log.level = DEBUG
	jboss.domain.base.dir = /volumes/jboss/domain
	jboss.domain.config.dir = /volumes/jboss/domain/configuration
	jboss.home.dir = /volumes/jboss
	jboss.host.name = 42f8cff83469
	jboss.management.http.port = 9990
	jboss.modules.dir = /volumes/jboss/modules
	jboss.modules.system.pkgs = org.jboss.byteman
	jboss.node.name = master:server-two
	jboss.qualified.host.name = 42f8cff83469
	jboss.server.base.dir = /volumes/jboss/domain/servers/server-two
	jboss.server.config.dir = /volumes/jboss/domain/servers/server-two/configuration
	jboss.server.data.dir = /volumes/jboss/domain/servers/server-two/data
	jboss.server.deploy.dir = /volumes/jboss/domain/servers/server-two/data/content
	jboss.server.log.dir = /volumes/jboss/domain/servers/server-two/log
	jboss.server.name = server-two
	jboss.server.persist.config = true
	jboss.server.temp.dir = /volumes/jboss/domain/servers/server-two/tmp
	line.separator = 

	logging.configuration = file:/volumes/jboss/domain/servers/server-two/data/logging.properties
	module.path = /volumes/jboss/modules
	org.jboss.as.logging.per-deployment = false
	org.jboss.resolver.warning = true
	org.xml.sax.driver = __redirected.__XMLReaderFactory
	os.arch = amd64
	os.name = Linux
	os.version = 5.3.0-53-generic
	path.separator = :
	sun.arch.data.model = 64
	sun.boot.class.path = /usr/lib/jvm/java-1.8-openjdk/jre/lib/resources.jar:/usr/lib/jvm/java-1.8-openjdk/jre/lib/rt.jar:/usr/lib/jvm/java-1.8-openjdk/jre/lib/sunrsasign.jar:/usr/lib/jvm/java-1.8-openjdk/jre/lib/jsse.jar:/usr/lib/jvm/java-1.8-openjdk/jre/lib/jce.jar:/usr/lib/jvm/java-1.8-openjdk/jre/lib/charsets.jar:/usr/lib/jvm/java-1.8-openjdk/jre/lib/jfr.jar:/usr/lib/jvm/java-1.8-openjdk/jre/classes
	sun.boot.library.path = /usr/lib/jvm/java-1.8-openjdk/jre/lib/amd64
	sun.cpu.endian = little
	sun.cpu.isalist = 
	sun.io.unicode.encoding = UnicodeLittle
	sun.java.command = /volumes/jboss/jboss-modules.jar -mp /volumes/jboss/modules org.jboss.as.server
	sun.java.launcher = SUN_STANDARD
	sun.jnu.encoding = UTF-8
	sun.management.compiler = HotSpot 64-Bit Tiered Compilers
	sun.os.patch.level = unknown
	user.country = US
	user.dir = /volumes/jboss
	user.home = /root
	user.language = en
	user.name = root
	user.timezone = GMT
2020-05-26 20:50:11,321 DEBUG [org.jboss.as.config] (MSC service thread 1-7) VM Arguments: -D[Server:server-two] -Xms1000m -Xmx1000m -XX:MetaspaceSize=96m -XX:MaxMetaspaceSize=256m -Djava.awt.headless=true -Djava.net.preferIPv4Stack=true -Djboss.bind.address=0.0.0.0 -Djboss.bind.address.management=0.0.0.0 -Djboss.boot.server.log.level=DEBUG -Djboss.home.dir=/volumes/jboss -Djboss.management.http.port=9990 -Djboss.modules.system.pkgs=org.jboss.byteman -Dorg.jboss.as.logging.per-deployment=false -Djboss.server.log.dir=/volumes/jboss/domain/servers/server-two/log -Djboss.server.temp.dir=/volumes/jboss/domain/servers/server-two/tmp -Djboss.server.data.dir=/volumes/jboss/domain/servers/server-two/data -Dlogging.configuration=file:/volumes/jboss/domain/servers/server-two/data/logging.properties 
2020-05-26 20:50:11,387 INFO  [org.xnio] (MSC service thread 1-1) XNIO version 3.5.4.Final-redhat-1
2020-05-26 20:50:11,394 INFO  [org.xnio.nio] (MSC service thread 1-1) XNIO NIO Implementation Version 3.5.4.Final-redhat-1
2020-05-26 20:50:11,428 INFO  [org.jboss.remoting] (MSC service thread 1-1) JBoss Remoting version 5.0.5.Final-redhat-1
2020-05-26 20:50:11,800 INFO  [org.wildfly.security] (ServerService Thread Pool -- 2) ELY00001: WildFly Elytron version 1.1.7.Final-redhat-1
2020-05-26 20:50:12,627 INFO  [org.jboss.as.controller.management-deprecated] (ServerService Thread Pool -- 28) WFLYCTL0028: Attribute 'security-realm' in the resource at address '/subsystem=undertow/server=default-server/https-listener=https' is deprecated, and may be removed in future version. See the attribute description in the output of the read-resource-description operation to learn more about the deprecation.
2020-05-26 20:50:12,734 WARN  [org.jboss.as.txn] (ServerService Thread Pool -- 38) WFLYTX0013: The node-identifier attribute on the /subsystem=transactions is set to the default value. This is a danger for environments running multiple servers. Please make sure the attribute value is unique.
2020-05-26 20:50:12,739 INFO  [org.jboss.as.webservices] (ServerService Thread Pool -- 36) WFLYWS0002: Activating WebServices Extension
2020-05-26 20:50:12,744 INFO  [org.jboss.as.security] (ServerService Thread Pool -- 40) WFLYSEC0002: Activating Security Subsystem
2020-05-26 20:50:12,748 INFO  [org.jboss.as.security] (MSC service thread 1-7) WFLYSEC0001: Current PicketBox version=5.0.2.Final-redhat-1
2020-05-26 20:50:12,756 INFO  [org.wildfly.extension.undertow] (ServerService Thread Pool -- 37) WFLYUT0014: Creating file handler for path '/volumes/jboss/welcome-content' with options [directory-listing: 'false', follow-symlink: 'false', case-sensitive: 'true', safe-symlink-paths: '[]']
2020-05-26 20:50:12,756 INFO  [org.wildfly.extension.undertow] (MSC service thread 1-4) WFLYUT0003: Undertow 1.4.18.Final-redhat-2 starting
2020-05-26 20:50:12,774 INFO  [org.jboss.as.naming] (ServerService Thread Pool -- 46) WFLYNAM0001: Activating Naming Subsystem
2020-05-26 20:50:12,809 INFO  [org.jboss.as.jsf] (ServerService Thread Pool -- 50) WFLYJSF0007: Activated the following JSF Implementations: [main]
2020-05-26 20:50:12,828 INFO  [org.jboss.as.naming] (MSC service thread 1-7) WFLYNAM0003: Starting Naming Service
2020-05-26 20:50:12,833 INFO  [org.jboss.as.jaxrs] (ServerService Thread Pool -- 55) WFLYRS0016: RESTEasy version 3.0.24.Final-redhat-1
2020-05-26 20:50:12,835 INFO  [org.jboss.as.mail.extension] (MSC service thread 1-8) WFLYMAIL0001: Bound mail session [java:jboss/mail/Default]
2020-05-26 20:50:12,853 INFO  [org.jboss.as.connector] (MSC service thread 1-7) WFLYJCA0009: Starting JCA Subsystem (WildFly/IronJacamar 1.4.6.Final-redhat-1)
2020-05-26 20:50:12,874 INFO  [org.wildfly.iiop.openjdk] (ServerService Thread Pool -- 56) WFLYIIOP0001: Activating IIOP Subsystem
2020-05-26 20:50:12,885 INFO  [org.jboss.as.clustering.infinispan] (ServerService Thread Pool -- 57) WFLYCLINF0001: Activating Infinispan subsystem.
2020-05-26 20:50:12,888 INFO  [org.wildfly.extension.io] (ServerService Thread Pool -- 58) WFLYIO001: Worker 'default' has auto-configured to 16 core threads with 128 task threads based on your 8 available processors
2020-05-26 20:50:12,905 INFO  [org.jboss.as.connector.subsystems.datasources] (ServerService Thread Pool -- 62) WFLYJCA0004: Deploying JDBC-compliant driver class org.h2.Driver (version 1.4)
2020-05-26 20:50:12,913 INFO  [org.jboss.as.connector.deployers.jdbc] (MSC service thread 1-4) WFLYJCA0018: Started Driver service with driver-name = h2
2020-05-26 20:50:13,025 INFO  [org.wildfly.extension.undertow] (MSC service thread 1-3) WFLYUT0012: Started server default-server.
2020-05-26 20:50:13,027 INFO  [org.wildfly.extension.undertow] (MSC service thread 1-5) WFLYUT0018: Host default-host starting
2020-05-26 20:50:13,100 INFO  [org.jboss.as.ejb3] (MSC service thread 1-3) WFLYEJB0481: Strict pool slsb-strict-max-pool is using a max instance size of 128 (per class), which is derived from thread worker pool sizing.
2020-05-26 20:50:13,100 INFO  [org.jboss.as.ejb3] (MSC service thread 1-5) WFLYEJB0482: Strict pool mdb-strict-max-pool is using a max instance size of 32 (per class), which is derived from the number of CPUs on this host.
2020-05-26 20:50:13,127 INFO  [org.wildfly.extension.undertow] (MSC service thread 1-6) WFLYUT0006: Undertow HTTP listener default listening on 0.0.0.0:8230
2020-05-26 20:50:13,168 INFO  [org.jboss.as.ejb3] (MSC service thread 1-6) WFLYEJB0493: EJB subsystem suspension complete
2020-05-26 20:50:13,252 INFO  [org.jboss.as.connector.subsystems.datasources] (MSC service thread 1-6) WFLYJCA0001: Bound data source [java:jboss/datasources/ExampleDS]
2020-05-26 20:50:13,254 INFO  [org.jboss.as.patching] (MSC service thread 1-7) WFLYPAT0050: JBoss EAP cumulative patch ID is: base, one-off patches include: none
2020-05-26 20:50:13,301 INFO  [org.wildfly.extension.messaging-activemq] (MSC service thread 1-2) WFLYMSGAMQ0075: AIO wasn't located on this platform, it will fall back to using pure Java NIO. Your platform is Linux, install LibAIO to enable the AIO journal and achieve optimal performance.
2020-05-26 20:50:13,319 WARN  [org.jboss.as.domain.management.security] (MSC service thread 1-1) WFLYDM0111: Keystore /volumes/jboss/domain/configuration/application.keystore not found, it will be auto generated on first use with a self signed certificate for host localhost
2020-05-26 20:50:13,333 INFO  [org.wildfly.iiop.openjdk] (MSC service thread 1-4) WFLYIIOP0009: CORBA ORB Service started
2020-05-26 20:50:13,351 INFO  [org.wildfly.extension.undertow] (MSC service thread 1-3) WFLYUT0006: Undertow HTTPS listener https listening on 0.0.0.0:8593
2020-05-26 20:50:13,374 INFO  [org.apache.activemq.artemis.core.server] (ServerService Thread Pool -- 66) AMQ221000: live Message Broker is starting with configuration Broker Configuration (clustered=false,journalDirectory=/volumes/jboss/domain/servers/server-two/data/activemq/journal,bindingsDirectory=/volumes/jboss/domain/servers/server-two/data/activemq/bindings,largeMessagesDirectory=/volumes/jboss/domain/servers/server-two/data/activemq/largemessages,pagingDirectory=/volumes/jboss/domain/servers/server-two/data/activemq/paging)
2020-05-26 20:50:13,411 INFO  [org.apache.activemq.artemis.core.server] (ServerService Thread Pool -- 66) AMQ221013: Using NIO Journal
2020-05-26 20:50:13,427 INFO  [org.jboss.ws.common.management] (MSC service thread 1-8) JBWS022052: Starting JBossWS 5.1.9.Final-redhat-1 (Apache CXF 3.1.12.redhat-1) 
2020-05-26 20:50:13,495 INFO  [org.apache.activemq.artemis.core.server] (ServerService Thread Pool -- 66) AMQ221043: Protocol module found: [artemis-server]. Adding protocol support for: CORE
2020-05-26 20:50:13,497 INFO  [org.apache.activemq.artemis.core.server] (ServerService Thread Pool -- 66) AMQ221043: Protocol module found: [artemis-hornetq-protocol]. Adding protocol support for: HORNETQ
2020-05-26 20:50:13,783 INFO  [org.wildfly.extension.messaging-activemq] (MSC service thread 1-4) WFLYMSGAMQ0016: Registered HTTP upgrade for activemq-remoting protocol handled by http-acceptor acceptor
2020-05-26 20:50:13,783 INFO  [org.wildfly.extension.messaging-activemq] (MSC service thread 1-1) WFLYMSGAMQ0016: Registered HTTP upgrade for activemq-remoting protocol handled by http-acceptor-throughput acceptor
2020-05-26 20:50:13,783 INFO  [org.wildfly.extension.messaging-activemq] (MSC service thread 1-6) WFLYMSGAMQ0016: Registered HTTP upgrade for activemq-remoting protocol handled by http-acceptor acceptor
2020-05-26 20:50:13,783 INFO  [org.wildfly.extension.messaging-activemq] (MSC service thread 1-5) WFLYMSGAMQ0016: Registered HTTP upgrade for activemq-remoting protocol handled by http-acceptor-throughput acceptor
2020-05-26 20:50:13,916 INFO  [org.apache.activemq.artemis.core.server] (ServerService Thread Pool -- 66) AMQ221007: Server is now live
2020-05-26 20:50:13,917 INFO  [org.apache.activemq.artemis.core.server] (ServerService Thread Pool -- 66) AMQ221001: Apache ActiveMQ Artemis Message Broker version 1.5.5.008-redhat-1 [default, nodeID=2766f56c-9f8f-11ea-acb1-0242ac130002] 
2020-05-26 20:50:13,920 WARN  [org.apache.activemq.artemis.jms.server] (ServerService Thread Pool -- 66) AMQ122005: Invalid "host" value "0.0.0.0" detected for "http-connector" connector. Switching to "42f8cff83469". If this new address is incorrect please manually configure the connector to use the proper one.
2020-05-26 20:50:13,935 INFO  [org.wildfly.extension.messaging-activemq] (ServerService Thread Pool -- 66) WFLYMSGAMQ0002: Bound messaging object to jndi name java:jboss/exported/jms/RemoteConnectionFactory
2020-05-26 20:50:13,946 INFO  [org.apache.activemq.artemis.core.server] (ServerService Thread Pool -- 68) AMQ221003: Deploying queue jms.queue.ExpiryQueue
2020-05-26 20:50:13,953 INFO  [org.apache.activemq.artemis.core.server] (ServerService Thread Pool -- 69) AMQ221003: Deploying queue jms.queue.DLQ
2020-05-26 20:50:13,954 INFO  [org.wildfly.extension.messaging-activemq] (ServerService Thread Pool -- 67) WFLYMSGAMQ0002: Bound messaging object to jndi name java:/ConnectionFactory
2020-05-26 20:50:13,988 INFO  [org.jboss.as.connector.deployment] (MSC service thread 1-4) WFLYJCA0007: Registered connection factory java:/JmsXA
2020-05-26 20:50:14,032 INFO  [org.apache.activemq.artemis.ra] (MSC service thread 1-4) Resource adaptor started
2020-05-26 20:50:14,032 INFO  [org.jboss.as.connector.services.resourceadapters.ResourceAdapterActivatorService$ResourceAdapterActivator] (MSC service thread 1-4) IJ020002: Deployed: file://RaActivatoractivemq-ra
2020-05-26 20:50:14,035 INFO  [org.jboss.as.connector.deployment] (MSC service thread 1-5) WFLYJCA0002: Bound JCA ConnectionFactory [java:/JmsXA]
2020-05-26 20:50:14,036 INFO  [org.wildfly.extension.messaging-activemq] (MSC service thread 1-4) WFLYMSGAMQ0002: Bound messaging object to jndi name java:jboss/DefaultJMSConnectionFactory
2020-05-26 20:50:14,106 INFO  [org.jboss.as.server] (Controller Boot Thread) WFLYSRV0212: Resuming server
2020-05-26 20:50:14,110 INFO  [org.jboss.as] (Controller Boot Thread) WFLYSRV0025: JBoss EAP 7.1.0.GA (WildFly Core 3.0.10.Final-redhat-1) started in 4448ms - Started 314 of 579 services (360 services are lazy, passive or on-demand)
2020-05-26 20:51:34,147 INFO  [org.jboss.as.server] (main) WFLYSRV0240: ProcessController has signalled to shut down; shutting down
2020-05-26 20:51:34,160 INFO  [org.wildfly.extension.messaging-activemq] (MSC service thread 1-8) WFLYMSGAMQ0006: Unbound messaging object to jndi name java:jboss/DefaultJMSConnectionFactory
2020-05-26 20:51:34,160 INFO  [org.jboss.as.connector.subsystems.datasources] (MSC service thread 1-8) WFLYJCA0010: Unbound data source [java:jboss/datasources/ExampleDS]
2020-05-26 20:51:34,161 INFO  [org.wildfly.extension.undertow] (MSC service thread 1-3) WFLYUT0019: Host default-host stopping
2020-05-26 20:51:34,162 INFO  [org.jboss.as.connector.deployment] (MSC service thread 1-2) WFLYJCA0011: Unbound JCA ConnectionFactory [java:/JmsXA]
2020-05-26 20:51:34,162 INFO  [org.wildfly.extension.undertow] (MSC service thread 1-3) WFLYUT0008: Undertow HTTPS listener https suspending
2020-05-26 20:51:34,163 INFO  [org.wildfly.extension.undertow] (MSC service thread 1-3) WFLYUT0007: Undertow HTTPS listener https stopped, was bound to 0.0.0.0:8593
2020-05-26 20:51:34,164 INFO  [org.wildfly.extension.messaging-activemq] (ServerService Thread Pool -- 18) WFLYMSGAMQ0006: Unbound messaging object to jndi name java:jboss/exported/jms/RemoteConnectionFactory
2020-05-26 20:51:34,176 INFO  [org.jboss.as.connector.deployers.jdbc] (MSC service thread 1-5) WFLYJCA0019: Stopped Driver service with driver-name = h2
2020-05-26 20:51:34,195 INFO  [org.apache.activemq.artemis.ra] (ServerService Thread Pool -- 74) AMQ151003: resource adaptor stopped
2020-05-26 20:51:34,274 INFO  [org.apache.activemq.artemis.core.server] (ServerService Thread Pool -- 75) AMQ221002: Apache ActiveMQ Artemis Message Broker version 1.5.5.008-redhat-1 [2766f56c-9f8f-11ea-acb1-0242ac130002] stopped, uptime 1 minute
2020-05-26 20:51:34,275 INFO  [org.wildfly.extension.undertow] (MSC service thread 1-8) WFLYUT0008: Undertow HTTP listener default suspending
2020-05-26 20:51:34,276 INFO  [org.wildfly.extension.undertow] (MSC service thread 1-8) WFLYUT0007: Undertow HTTP listener default stopped, was bound to 0.0.0.0:8230
2020-05-26 20:51:34,276 INFO  [org.wildfly.extension.undertow] (MSC service thread 1-7) WFLYUT0004: Undertow 1.4.18.Final-redhat-2 stopping
2020-05-26 20:51:34,293 INFO  [org.jboss.as] (MSC service thread 1-2) WFLYSRV0050: JBoss EAP 7.1.0.GA (WildFly Core 3.0.10.Final-redhat-1) stopped in 125ms
